"../../../Engine/Content/Functions/Engine_MaterialFunctions01/Opacity/CameraDepthFade.uasset" 0
"../../../Engine/Content/EngineMaterials/T_Default_Material_Grid_M.uasset" 1
"../../../Engine/Content/EngineMaterials/T_Default_Material_Grid_N.uasset" 2
"../../../Engine/Content/EngineMaterials/DefaultMaterial.uasset" 3
"../../../Engine/Content/EngineMaterials/DefaultDiffuse.uasset" 4
"../../../Engine/Content/EngineMaterials/DefaultNormal.uasset" 5
"../../../Engine/Content/Maps/Entry.umap" 6
"../../../StopThatRitual/Content/Blueprints/UIGameMode.uasset" 7
"../../../StopThatRitual/Content/Levels/Scene01_MainMenu.umap" 8
"../../../Engine/Content/EditorResources/S_Actor.uasset" 9
"../../../Engine/Content/Maps/Templates/Thumbnails/Default.uasset" 10
"../../../Engine/Content/EditorMaterials/ParticleSystems/PSysThumbnail_NoImage.uasset" 11
"../../../Engine/Content/EditorMaterials/ParticleSystems/PSysThumbnail_OOD.uasset" 12
"../../../Engine/Content/EditorLandscapeResources/DataLayer.uasset" 13
"../../../Engine/Content/EngineFonts/Roboto.uasset" 14
"../../../Engine/Content/Functions/Engine_MaterialFunctions01/Shading/PowerToRoughness.uasset" 15
"../../../Engine/Content/Functions/Engine_MaterialFunctions01/Shading/ConvertFromDiffSpec.uasset" 16
"../../../Engine/Content/EngineMaterials/DefaultDeferredDecalMaterial.uasset" 17
"../../../Engine/Content/EngineMaterials/DefaultLightFunctionMaterial.uasset" 18
"../../../Engine/Content/Functions/Engine_MaterialFunctions02/Utility/BreakOutFloat2Components.uasset" 19
"../../../Engine/Content/EngineMaterials/DefaultPostProcessMaterial.uasset" 20
"../../../Engine/Content/EngineResources/DefaultTexture.uasset" 21
"../../../Engine/Content/Functions/Engine_MaterialFunctions02/Texturing/ScreenAlignedUVs.uasset" 22
"../../../Engine/Content/EngineResources/WhiteSquareTexture.uasset" 23
"../../../Engine/Content/EngineMaterials/Widget3DPassThrough.uasset" 24
"../../../Engine/Content/EngineMaterials/Widget3DPassThrough_Translucent.uasset" 25
"../../../Engine/Content/EngineMaterials/Widget3DPassThrough_Translucent_OneSided.uasset" 26
"../../../Engine/Content/EngineMaterials/Widget3DPassThrough_Opaque.uasset" 27
"../../../Engine/Content/EngineMaterials/Widget3DPassThrough_Opaque_OneSided.uasset" 28
"../../../Engine/Content/EngineMaterials/Widget3DPassThrough_Masked.uasset" 29
"../../../Engine/Content/EngineMaterials/Widget3DPassThrough_Masked_OneSided.uasset" 30
"../../../Engine/Content/EngineDamageTypes/DmgTypeBP_Environmental.uasset" 31
"../../../Engine/Content/EngineMeshes/Sphere.uasset" 32
"../../../Engine/Content/EngineFonts/RobotoDistanceField.uasset" 33
"../../../Engine/Content/EngineMaterials/DefaultTextMaterialOpaque.uasset" 34
"../../../Engine/Content/EditorResources/S_Trigger.uasset" 35
"../../../Engine/Content/EngineResources/GradientTexture0.uasset" 36
"../../../Engine/Content/EngineResources/Black.uasset" 37
"../../../Engine/Content/EditorMaterials/MatineeGroups/MAT_Groups_Float.uasset" 38
"../../../Engine/Content/EditorMaterials/MatineeGroups/MAT_Groups_Director.uasset" 39
"../../../Engine/Content/EditorMaterials/MatineeGroups/MAT_Groups_Event.uasset" 40
"../../../Engine/Content/EditorMaterials/MatineeGroups/MAT_Groups_Anim.uasset" 41
"../../../Engine/Content/EditorMaterials/MatineeGroups/MAT_Groups_Fade.uasset" 42
"../../../Engine/Content/EditorMaterials/MatineeGroups/MAT_Groups_Move.uasset" 43
"../../../Engine/Content/EditorMaterials/MatineeGroups/MAT_Groups_Slomo.uasset" 44
"../../../Engine/Content/EditorMaterials/MatineeGroups/MAT_ColorTrack.uasset" 45
"../../../Engine/Content/EditorMaterials/MAT_Groups_Toggle.uasset" 46
"../../../Engine/Content/EditorMaterials/MatineeGroups/MAT_Groups_AudioMaster.uasset" 47
"../../../Engine/Content/EditorMaterials/MatineeGroups/MAT_Groups_Sound.uasset" 48
"../../../Engine/Content/EditorMaterials/MatineeGroups/MAT_Groups_Vector.uasset" 49
"../../../Engine/Content/EditorMaterials/MAT_Groups_Visibility.uasset" 50
"../../../Engine/Content/EngineResources/DefaultTextureCube.uasset" 51
"../../../Engine/Content/EngineMeshes/Cylinder.uasset" 52
"../../../Engine/Content/EngineTireTypes/DefaultTireType.uasset" 53
"../../../Engine/Content/EngineResources/AICON-Red.uasset" 54
"../../../Engine/Content/EngineResources/AICON-Green.uasset" 55
"../../../Engine/Content/Tutorial/Basics/LevelEditorAttract.uasset" 56
"../../../Engine/Content/Tutorial/Basics/TutorialAssets/icon_tab_Levels_40x.uasset" 57
"../../../Engine/Content/Tutorial/Basics/LevelEditorOverview.uasset" 58
"../../../Engine/Content/Tutorial/BlueprintTutorials/TutorialAssets/Blueprint_64x.uasset" 59
"../../../Engine/Content/Tutorial/BlueprintTutorials/BlueprintEditorTutorial.uasset" 60
"../../../Engine/Content/Tutorial/ContentIntroCurve.uasset" 61
"../../../Engine/Plugins/2D/Paper2D/Content/PlaceholderTextures/DummySpriteTexture.uasset" 62
"../../../Engine/Plugins/2D/Paper2D/Content/DefaultSpriteMaterial.uasset" 63
"../../../Engine/Plugins/2D/Paper2D/Content/MaskedUnlitSpriteMaterial.uasset" 64
"../../../Engine/Plugins/2D/Paper2D/Content/OpaqueUnlitSpriteMaterial.uasset" 65
"../../../Engine/Plugins/2D/Paper2D/Content/DummySpriteTexture.uasset" 66
"../../../Engine/Plugins/2D/Paper2D/Content/DummySprite.uasset" 67
"../../../Engine/Plugins/2D/Paper2D/Content/DefaultPaperTerrainMaterial.uasset" 68
"../../../Engine/Plugins/Runtime/LeapMotionController/Content/LM_CapsuleMesh.uasset" 69
"../../../Engine/Plugins/Runtime/LeapMotionController/Content/LM_TorusMesh.uasset" 70
"../../../Engine/Plugins/Runtime/LeapMotionController/Content/LM_HandColor.uasset" 71
"../../../Engine/Plugins/Runtime/LeapMotionController/Content/LM_SampleDistortion.uasset" 72
"../../../Engine/Plugins/Runtime/LeapMotionController/Content/LM_TestTexture.uasset" 73
"../../../Engine/Plugins/Runtime/LeapMotionController/Content/LM_PassthroughMaterial.uasset" 74
"../../../Engine/Content/EngineMaterials/WorldGridMaterial.uasset" 75
"../../../Engine/Content/BasicShapes/Cube.uasset" 76
"../../../Engine/Content/EngineMaterials/RemoveSurfaceMaterial.uasset" 77
"../../../Engine/Content/EngineDebugMaterials/DebugMeshMaterial.uasset" 78
"../../../Engine/Content/EngineMaterials/InvalidLightmapSettings.uasset" 79
"../../../Engine/Content/EngineMaterials/M_InvalidLightmapSettings.uasset" 80
"../../../Engine/Content/EditorMaterials/GizmoMaterial.uasset" 81
"../../../Engine/Content/EngineMaterials/Good64x64TilingNoiseHighFreq.uasset" 82
"../../../Engine/Content/EngineMaterials/DefaultBokeh.uasset" 83
"../../../Engine/Content/EngineMaterials/PreintegratedSkinBRDF.uasset" 84
"../../../Engine/Content/EngineMaterials/MiniFont.uasset" 85
"../../../Engine/Content/EngineMaterials/WeightMapPlaceholderTexture.uasset" 86
"../../../Engine/Content/EngineMaterials/DefaultWhiteGrid.uasset" 87
"../../../Engine/Content/EngineMaterials/DefaultPhysicalMaterial.uasset" 88
"../../../Engine/Content/EngineFonts/RobotoTiny.uasset" 89
"../../../Engine/Content/MobileResources/HUD/MobileHUDButton3.uasset" 90
"../../../Engine/Content/MobileResources/HUD/MobileHUDDirectionPad3.uasset" 91
"../../../Engine/Content/MobileResources/HUD/MobileHUDButton2_off.uasset" 92
"../../../Engine/Content/MobileResources/HUD/MobileHUDButton1_off.uasset" 93
"../../../Engine/Content/MobileResources/T_MobileControls_texture.uasset" 94
"../../../Engine/Content/MobileResources/HUD/T_Castle_ThumbstickOutter.uasset" 95
"../../../Engine/Content/MobileResources/HUD/MobileHUDButton1_on.uasset" 96
"../../../Engine/Content/MobileResources/T_MobileMenu2.uasset" 97
"../../../Engine/Content/MobileResources/HUD/VirtualJoystick_Background.uasset" 98
"../../../Engine/Content/MobileResources/HUD/VirtualJoystick_Thumb.uasset" 99
"../../../Engine/Content/MobileResources/HUD/DefaultVirtualJoysticks.uasset" 100
"../../../Engine/Content/MobileResources/HUD/LeftVirtualJoystickOnly.uasset" 101
"../../../Engine/Content/MobileResources/HUD/MobileHUDDirectionStick.uasset" 102
"../../../Engine/Content/MobileResources/HUD/MobileHUDDirectionPad.uasset" 103
"../../../Engine/Content/MobileResources/HUD/AnalogHat.uasset" 104
"../../../Engine/Content/MobileResources/HUD/T_Castle_ThumbstickInner.uasset" 105
"../../../Engine/Content/MobileResources/HUD/MobileHUDButtonFire.uasset" 106
"../../../Engine/Content/MobileResources/HUD/MobileHUDButton2_on.uasset" 107
"../../../Engine/Content/MobileResources/HUD/MobileHUDDirectionPad2.uasset" 108
"../../../Engine/Content/EditorMaterials/PhAT_JointLimitMaterial.uasset" 109
"../../../Engine/Content/EditorMaterials/PreviewShadowIndicator.uasset" 110
"../../../Engine/Content/EditorMaterials/PreviewShadowIndicatorMaterial.uasset" 111
"../../../Engine/Content/EditorMeshes/ColorCalibrator/M_ChromeBall.uasset" 112
"../../../Engine/Content/EditorMeshes/ColorCalibrator/M_ClearCoat.uasset" 113
"../../../Engine/Content/EditorMeshes/ColorCalibrator/M_ClearCoatBlack.uasset" 114
"../../../Engine/Content/EditorMeshes/ColorCalibrator/T_ColorGrid.uasset" 115
"../../../Engine/Content/EditorMeshes/ColorCalibrator/M_ColorGrid.uasset" 116
"../../../Engine/Content/EditorMeshes/ColorCalibrator/M_GreyBall.uasset" 117
"../../../Engine/Content/EditorMeshes/ColorCalibrator/SM_ColorCalibrator.uasset" 118
"../../../Engine/Content/EditorResources/BSPVertex.uasset" 119
"../../../Engine/Content/EngineDebugMaterials/HeatmapGradient.uasset" 120
"../../../Engine/Content/EngineDebugMaterials/BoneWeightMaterial.uasset" 121
"../../../Engine/Content/EngineDebugMaterials/GeomMaterial.uasset" 122
"../../../Engine/Content/EngineMaterials/EditorBrushMaterial.uasset" 123
"../../../Engine/Content/Tutorial/BlueprintTutorials/TutorialAssets/BlueprintInterface_64x.uasset" 124
"../../../Engine/Content/Tutorial/BlueprintTutorials/TutorialAssets/Tutorial_BP_Interface.uasset" 125
"../../../Engine/Content/Tutorial/BlueprintTutorials/BlueprintInterfacesEditorOverview.uasset" 126
"../../../Engine/Content/Tutorial/BlueprintTutorials/TutorialAssets/BlueprintMacroLibrary_64x.uasset" 127
"../../../Engine/Content/Tutorial/BlueprintTutorials/TutorialAssets/Tutorial_BP_MacroLib.uasset" 128
"../../../Engine/Content/Tutorial/BlueprintTutorials/BlueprintMacroLibrariesEditorOverview.uasset" 129
"../../../Engine/Content/Tutorial/BlueprintTutorials/LevelBlueprintEditorOverview.uasset" 130
"../../../Engine/Content/Tutorial/Foliage/TutorialAssets/Foliage.uasset" 131
"../../../Engine/Content/Tutorial/Foliage/Foliage_Settings_Tutorial.uasset" 132
"../../../Engine/Content/Tutorial/Foliage/Foliage_Using_The_Tool_Tutorial.uasset" 133
"../../../Engine/Content/Tutorial/Foliage/Foliage_Intro_Tutorial.uasset" 134
"../../../Engine/Content/Tutorial/Landscape/TutorialAssets/Landscape.uasset" 135
"../../../Engine/Content/Tutorial/Landscape/Landscape_Painting_Mode.uasset" 136
"../../../Engine/Content/Tutorial/Landscape/Landscape_Sculpt_Mode.uasset" 137
"../../../Engine/Content/Tutorial/Landscape/Landscape_Manage_Mode.uasset" 138
"../../../Engine/Content/Tutorial/Paper2D/TutorialAssets/Paper2DFlipbook_TutorialIcon.uasset" 139
"../../../Engine/Content/Tutorial/Paper2D/FlipbookEditorTutorial.uasset" 140
"../../../Engine/Content/Tutorial/Paper2D/TutorialAssets/Paper2DSprite_TutorialIcon.uasset" 141
"../../../Engine/Content/Tutorial/Paper2D/SpriteEditorTutorial.uasset" 142
"../../../Engine/Content/EditorMeshes/EditorCube.uasset" 143
"../../../Engine/Content/Tutorial/SubEditors/TutorialAssets/Tutorial_DM.uasset" 144
"../../../Engine/Content/Tutorial/SubEditors/DestructibleMeshEditorTutorial.uasset" 145
"../../../Engine/Content/Tutorial/SubEditors/TutorialAssets/TutorialMaterial.uasset" 146
"../../../Engine/Content/Tutorial/SubEditors/MaterialEditorTutorial.uasset" 147
"../../../Engine/Content/Tutorial/SubEditors/TutorialAssets/T_SmokeSubUV_8X8.uasset" 148
"../../../Engine/Content/Tutorial/SubEditors/TutorialAssets/T_soft_smoke.uasset" 149
"../../../Engine/Content/Tutorial/SubEditors/TutorialAssets/M_smoke_subUV_blackbody.uasset" 150
"../../../Engine/Content/Tutorial/SubEditors/TutorialAssets/TutorialParticleSystem.uasset" 151
"../../../Engine/Content/Tutorial/SubEditors/ParticleSystemEditorTutorial.uasset" 152
"../../../Engine/Content/Tutorial/SubEditors/TutorialAssets/icon_ShowSkeletalMeshes_40x.uasset" 153
"../../../Engine/Content/Tutorial/SubEditors/TutorialAssets/Character/TutorialTPP_Mat.uasset" 154
"../../../Engine/Content/Tutorial/SubEditors/TutorialAssets/Character/TutorialTPP_PhysicsAsset.uasset" 155
"../../../Engine/Content/Tutorial/SubEditors/TutorialAssets/Character/TutorialTPP.uasset" 156
"../../../Engine/Content/Tutorial/SubEditors/TutorialAssets/Character/TutorialTPP_Skeleton.uasset" 157
"../../../Engine/Content/Tutorial/SubEditors/TutorialAssets/Character/Tutorial_Idle.uasset" 158
"../../../Engine/Content/Tutorial/SubEditors/TutorialAssets/Character/Tutorial_Walk_Fwd.uasset" 159
"../../../Engine/Content/Tutorial/SubEditors/TutorialAssets/Character/NewBlendSpace1D.uasset" 160
"../../../Engine/Content/EditorBlueprintResources/StandardMacros.uasset" 161
"../../../Engine/Content/Tutorial/SubEditors/TutorialAssets/Character/TutorialCharacter.uasset" 162
"../../../Engine/Content/Tutorial/SubEditors/TutorialAssets/Character/TutorialTPP_AnimBlueprint.uasset" 163
"../../../Engine/Content/Tutorial/SubEditors/PersonaAnimBlueprintEditorWalkthrough.uasset" 164
"../../../Engine/Content/Tutorial/SubEditors/PersonaAnimEditorWalkthrough.uasset" 165
"../../../Engine/Content/EngineMeshes/Cube.uasset" 166
"../../../Engine/Content/Tutorial/SubEditors/StaticMeshEditorTutorial.uasset" 167
"../../../Engine/Content/Tutorial/SubEditors/TutorialAssets/icon_Editor_Preferences_General_40x.uasset" 168
