[2016.02.06-19.13.41:831][  0]Log file open, 02/06/16 14:13:41
[2016.02.06-19.13.41:831][  0]LogInit:Display: Running engine for game: StopThatRitual
[2016.02.06-19.13.41:831][  0]LogPlatformFile: Not using cached read wrapper
[2016.02.06-19.13.41:831][  0]LogInit:Display: RandInit(458237594) SRandInit(458237597).
[2016.02.06-19.13.41:831][  0]LogTaskGraph: Started task graph with 4 named threads and 7 total threads.
[2016.02.06-19.13.41:831][  0]LogStats: Stats thread started at 4.570653
[2016.02.06-19.13.41:831][  0]LogInit: Version: 4.10.2-2818068+++depot+UE4-Releases+4.10
[2016.02.06-19.13.41:831][  0]LogInit: API Version: 2758231
[2016.02.06-19.13.41:831][  0]LogInit: Compiled (64-bit): Jan  6 2016 17:36:42
[2016.02.06-19.13.41:831][  0]LogInit: Compiled with Visual C++: 19.00.23026.00
[2016.02.06-19.13.41:831][  0]LogInit: Build Configuration: Development
[2016.02.06-19.13.41:831][  0]LogInit: Branch Name: ++depot+UE4-Releases+4.10
[2016.02.06-19.13.41:831][  0]LogInit: Command line:  
[2016.02.06-19.13.41:831][  0]LogInit: Base directory: C:/Program Files (x86)/Epic Games/4.10/Engine/Binaries/Win64/
[2016.02.06-19.13.41:831][  0]LogInit: Rocket: 1
[2016.02.06-19.13.41:894][  0]LogInit: Using libcurl 7.41.0
[2016.02.06-19.13.41:894][  0]LogInit:  - built for x86_64-pc-win32
[2016.02.06-19.13.41:894][  0]LogInit:  - supports SSL with WinSSL
[2016.02.06-19.13.41:894][  0]LogInit:  - other features:
[2016.02.06-19.13.41:894][  0]LogInit:      CURL_VERSION_SSL
[2016.02.06-19.13.41:894][  0]LogInit:      CURL_VERSION_IPV6
[2016.02.06-19.13.41:894][  0]LogInit:      CURL_VERSION_ASYNCHDNS
[2016.02.06-19.13.41:894][  0]LogInit:      CURL_VERSION_LARGEFILE
[2016.02.06-19.13.41:894][  0]LogInit:      CURL_VERSION_IDN
[2016.02.06-19.13.41:894][  0]LogInit:  CurlRequestOptions (configurable via config and command line):
[2016.02.06-19.13.41:894][  0]LogInit:  - bVerifyPeer = true  - Libcurl will verify peer certificate
[2016.02.06-19.13.41:894][  0]LogInit:  - bUseHttpProxy = false  - Libcurl will NOT use HTTP proxy
[2016.02.06-19.13.41:894][  0]LogInit:  - bDontReuseConnections = false  - Libcurl will reuse connections
[2016.02.06-19.13.41:894][  0]LogInit:  - CertBundlePath = nullptr  - Libcurl will use whatever was configured at build time.
[2016.02.06-19.13.42:050][  0]LogInit: Presizing for 0 objects not considered by GC, pre-allocating 0 bytes.
[2016.02.06-19.13.42:331][  0]LogInit: Object subsystem initialized
[2016.02.06-19.13.42:455][  0]LogInit: Selected Device Profile: [Windows]
[2016.02.06-19.13.42:455][  0]LogInit: Applying CVar settings loaded from the selected device profile: [Windows]
[2016.02.06-19.13.42:674][  0]LogInit: Computer: THE-ASYLUM
[2016.02.06-19.13.42:674][  0]LogInit: User: Stalker
[2016.02.06-19.13.42:674][  0]LogInit: CPU Page size=4096, Cores=4
[2016.02.06-19.13.42:674][  0]LogInit: High frequency timer resolution =3.232177 MHz
[2016.02.06-19.13.42:674][  0]LogMemory: Memory total: Physical=7.9GB (8GB approx)
[2016.02.06-19.13.42:674][  0]LogMemory: Platform Memory Stats for Windows
[2016.02.06-19.13.42:674][  0]LogMemory: Process Physical Memory: 56.03 MB used, 56.03 MB peak
[2016.02.06-19.13.42:674][  0]LogMemory: Process Virtual Memory: 57.56 MB used, 57.56 MB peak
[2016.02.06-19.13.42:674][  0]LogMemory: Physical Memory: 1129.50 MB used, 8140.60 MB total
[2016.02.06-19.13.42:674][  0]LogMemory: Virtual Memory: 351.03 MB used, 8388608.00 MB total
[2016.02.06-19.13.43:889][  0]LogTextLocalizationManager: No specific translations for ('en-CA') exist, so ('en') translations will be used.
[2016.02.06-19.13.45:230][  0]LogD3D11RHI: Found D3D11 adapter 0: NVIDIA GeForce GTX 660 Ti (Feature Level 11_0)
[2016.02.06-19.13.45:230][  0]LogD3D11RHI: Adapter has 1994MB of dedicated video memory, 0MB of dedicated system memory, and 2047MB of shared system memory, 2 output[s]
[2016.02.06-19.13.45:230][  0]LogD3D11RHI: Chosen D3D11 Adapter Id = 0
[2016.02.06-19.13.45:235][  0]LogD3D11RHI: !Direct3DDevice
[2016.02.06-19.13.45:236][  0]LogRHI: Texture pool is 1361 MB (70% of 1945 MB)
[2016.02.06-19.13.45:267][  0]LogD3D11RHI: Async texture creation enabled
[2016.02.06-19.13.45:682][  0]LogShaderCompilers: Guid format shader working directory is 2 characters bigger than the processId version (../../../../../../GlobalGameJam/StopThatRitual/Intermediate/Shaders/WorkingDirectory/2456/).
[2016.02.06-19.13.45:682][  0]LogShaderCompilers: Cleaned the shader compiler working directory 'C:/Users/Stalker/AppData/Local/Temp/UnrealShaderWorkingDir/9E5E006142331247746E488C954A0BFC/'.
[2016.02.06-19.13.45:682][  0]LogShaderCompilers:Display: Using Local Shader Compiler.
[2016.02.06-19.13.56:094][  0]LogTemp:Display: Loaded TP AllDesktopTargetPlatform
[2016.02.06-19.13.56:104][  0]LogTemp:Display: Loaded TP WindowsClientTargetPlatform
[2016.02.06-19.13.56:113][  0]LogTemp:Display: Loaded TP WindowsNoEditorTargetPlatform
[2016.02.06-19.13.56:123][  0]LogTemp:Display: Loaded TP WindowsServerTargetPlatform
[2016.02.06-19.13.56:133][  0]LogTemp:Display: Loaded TP WindowsTargetPlatform
[2016.02.06-19.13.56:165][  0]LogTemp:Display: Loaded TP AndroidTargetPlatform
[2016.02.06-19.13.56:171][  0]LogTemp:Display: Loaded TP Android_ASTCTargetPlatform
[2016.02.06-19.13.56:178][  0]LogTemp:Display: Loaded TP Android_ATCTargetPlatform
[2016.02.06-19.13.56:185][  0]LogTemp:Display: Loaded TP Android_DXTTargetPlatform
[2016.02.06-19.13.56:192][  0]LogTemp:Display: Loaded TP Android_ETC1TargetPlatform
[2016.02.06-19.13.56:198][  0]LogTemp:Display: Loaded TP Android_ETC2TargetPlatform
[2016.02.06-19.13.56:205][  0]LogTemp:Display: Loaded TP Android_MultiTargetPlatform
[2016.02.06-19.13.56:205][  0]LogTemp:Display: Loaded TP Android_PVRTCTargetPlatform
[2016.02.06-19.13.56:207][  0]LogTemp:Display: Loaded TP HTML5TargetPlatform
[2016.02.06-19.13.56:317][  0]LogTemp:Display: Loaded TP IOSTargetPlatform
[2016.02.06-19.13.56:323][  0]LogTemp:Display: Loaded TP LinuxNoEditorTargetPlatform
[2016.02.06-19.13.56:329][  0]LogTemp:Display: Loaded TP LinuxServerTargetPlatform
[2016.02.06-19.13.56:374][  0]LogTemp:Display: Loaded TP LinuxTargetPlatform
[2016.02.06-19.13.56:374][  0]LogTargetPlatformManager:Display: Building Assets For Windows
[2016.02.06-19.13.57:102][  0]LogDerivedDataCache:Display: Max Cache Size: 512 MB
[2016.02.06-19.13.57:665][  0]LogDerivedDataCache: Loaded boot cache 0.54s 45MB C:/Users/Stalker/AppData/Local/UnrealEngine/4.10/DerivedDataCache/Boot.ddc.
[2016.02.06-19.13.57:665][  0]LogDerivedDataCache:Display: Loaded Boot cache: C:/Users/Stalker/AppData/Local/UnrealEngine/4.10/DerivedDataCache/Boot.ddc
[2016.02.06-19.13.57:665][  0]LogDerivedDataCache: FDerivedDataBackendGraph:  Pak pak cache file ../../../../../../GlobalGameJam/StopThatRitual/DerivedDataCache/DDC.ddp not found, will not use a pak cache.
[2016.02.06-19.13.57:665][  0]LogDerivedDataCache: Unable to find inner node Pak for hierarchical cache Hierarchy.
[2016.02.06-19.13.57:665][  0]LogDerivedDataCache: FDerivedDataBackendGraph:  CompressedPak pak cache file ../../../../../../GlobalGameJam/StopThatRitual/DerivedDataCache/Compressed.ddp not found, will not use a pak cache.
[2016.02.06-19.13.57:665][  0]LogDerivedDataCache: Unable to find inner node CompressedPak for hierarchical cache Hierarchy.
[2016.02.06-19.13.57:798][  0]LogDerivedDataCache:Display: Pak cache opened for reading ../../../Engine/DerivedDataCache/Compressed.ddp.
[2016.02.06-19.13.57:860][  0]LogDerivedDataCache: Using Local data cache path C:/Users/Stalker/AppData/Local/UnrealEngine/Common/DerivedDataCache: Writable
[2016.02.06-19.14.05:123][  0]LogInit: Selected Device Profile: [Windows]
[2016.02.06-19.14.05:199][  0]LogContentStreaming: Texture pool size is 0.000000MB
[2016.02.06-19.14.07:499][  0]LogMeshUtilities: No automatic mesh reduction module available
[2016.02.06-19.14.07:499][  0]LogMeshUtilities: No automatic mesh merging module available
[2016.02.06-19.14.13:453][  0]LogInit: WinSock: version 1.1 (2.2), MaxSocks=32767, MaxUdp=65467
[2016.02.06-19.15.00:703][  0]UdpMessaging: Initializing bridge on interface 0.0.0.0:0 to multicast group 230.0.0.1:6666.
[2016.02.06-19.15.01:731][  0]LogAssetRegistry: FAssetRegistry took 0.0209 seconds to start up
[2016.02.06-19.15.13:711][  0]SourceControl: Info Source control is disabled
[2016.02.06-19.15.13:775][  0]SourceControl: Info Source control is disabled
[2016.02.06-19.15.14:462][  0]SourceControl: Info Source control is disabled
[2016.02.06-19.15.14:579][  0]SourceControl: Info Source control is disabled
[2016.02.06-19.15.17:989][  0]LogObj: 28633 objects as part of root set at end of initial load.
[2016.02.06-19.15.17:989][  0]LogUObjectAllocator: 6099744 out of 0 bytes used by permanent object pool.
[2016.02.06-19.15.18:717][  0]LogEngine: Initializing Engine...
[2016.02.06-19.15.18:742][  0]LogHMD: Can't find Oculus library dev build: is proper Runtime installed? Version: 0.8.0.0
[2016.02.06-19.15.18:986][  0]LogHMD: SteamVR failed to initialize.  Err: 100
[2016.02.06-19.15.20:067][  0]LogAIModule: Creating AISystem for world NewWorld
[2016.02.06-19.15.20:212][  0]LogInit: XAudio2 using 'Headphones (Razer Kraken USB)' : 2 channels at 44.1 kHz using 16 bits per sample (channel mask 0x3)
[2016.02.06-19.15.20:274][  0]LogInit: FAudioDevice initialized.
[2016.02.06-19.15.20:299][  0]LogDerivedDataCache: Saved boot cache 0.03s 45MB C:/Users/Stalker/AppData/Local/UnrealEngine/4.10/DerivedDataCache/Boot.ddc.
[2016.02.06-19.15.20:305][  0]LogInit: Texture streaming: Enabled
[2016.02.06-19.15.20:366][  0]LogAnalytics: Creating configured Analytics provider AnalyticsET
[2016.02.06-19.15.20:367][  0]LogAnalytics: [UEEditor.Rocket.Release] APIServer = http://et2.epicgames.com/ET2/. AppVersion = 4.10.2-2818068+++depot+UE4-Releases+4.10
[2016.02.06-19.15.20:367][  0]LogAnalytics: [UEEditor.Rocket.Release] SetUserId bc098e3d4faea8ae3c76eaa2bcb1f47e|fc346eaae5694d4d946bb52ab9b57dbf|c7a507ca-cac6-4cb5-b0ba-f26ec658a1ad
[2016.02.06-19.15.20:376][  0]LogAnalytics: [UEEditor.Rocket.Release] AnalyticsET::StartSession
[2016.02.06-19.15.20:938][  0]LogInit: Transaction tracking system initialized
[2016.02.06-19.15.23:986][  0]BlueprintLog: New page: Editor Load
[2016.02.06-19.15.35:212][  0]LocalizationService: Info Localization service is disabled
[2016.02.06-19.15.40:346][  0]LogConsoleResponse:Display: 
[2016.02.06-19.15.46:494][  0]LogFileCache: Scanning file cache for directory 'C:/GlobalGameJam/StopThatRitual/Content/' took 0.01s
[2016.02.06-19.15.46:494][  0]LogCook:Display: Done creating registry. It took  0.00s.
[2016.02.06-19.15.52:874][  0]SourceControl: Info Source control is disabled
[2016.02.06-19.15.52:982][  0]Cmd: MAP LOAD FILE="../../../../../../GlobalGameJam/StopThatRitual/Content/Levels/Scene01_MainMenu.umap" TEMPLATE=0 SHOWPROGRESS=1 FEATURELEVEL=3
[2016.02.06-19.15.53:093][  0]LightingResults: New page: Lighting Build
[2016.02.06-19.15.53:445][  0]MapCheck: New page: Map Check
[2016.02.06-19.15.53:445][  0]LightingResults: New page: Lighting Build
[2016.02.06-19.15.54:184][  0]LogParticles: Destroying 0 GPU particle simulations for FXSystem 0x00000000226DBB00
[2016.02.06-19.15.56:489][  0]LogAIModule: Creating AISystem for world Scene01_MainMenu
[2016.02.06-19.15.57:403][  0]LogEditorServer: Finished looking for orphan Actors (0.000 secs)
[2016.02.06-19.15.57:745][  0]Cmd: MAP CHECKDEP NOCLEARLOG
[2016.02.06-19.15.57:956][  0]MapCheck: Info Map check complete: 0 Error(s), 0 Warning(s), took 211.076ms to complete.
[2016.02.06-19.15.57:956][  0]LogFileHelpers: Loading map 'Scene01_MainMenu' took 5.002
[2016.02.06-19.16.08:474][  0]LogCollectionManager: Loaded 0 collections in 0.003036 seconds
[2016.02.06-19.16.10:635][  0]LogFileCache: Scanning file cache for directory 'C:/GlobalGameJam/StopThatRitual/Saved/Collections/' took 0.01s
[2016.02.06-19.16.10:635][  0]LogFileCache: Scanning file cache for directory 'C:/GlobalGameJam/StopThatRitual/Content/Developers/Stalker/Collections/' took 0.01s
[2016.02.06-19.16.10:635][  0]LogFileCache: Scanning file cache for directory 'C:/GlobalGameJam/StopThatRitual/Content/Collections/' took 0.01s
[2016.02.06-19.16.10:635][  0]LogCollectionManager: Rebuilt the GUID cache for 0 collections in 0.000003 seconds
[2016.02.06-19.16.11:008][  0]LogContentBrowser: Native class hierarchy populated in 0.2233 seconds. Added 1893 classes and 338 folders.
[2016.02.06-19.16.11:747][  0]LogContentBrowser: Native class hierarchy updated for 'WidgetCarousel' in 0.0006 seconds. Added 0 classes and 0 folders.
[2016.02.06-19.16.23:375][  0]LogContentBrowser: Native class hierarchy updated for 'AddContentDialog' in 0.0006 seconds. Added 0 classes and 0 folders.
[2016.02.06-19.16.24:544][  0]LogContentBrowser: Native class hierarchy updated for 'SceneOutliner' in 0.0006 seconds. Added 1 classes and 2 folders.
[2016.02.06-19.16.40:438][  0]LogCrashTracker: Crashtracker disabled due to settings.
[2016.02.06-19.16.42:010][  0]LogUObjectGlobals:Warning: Failed to find object 'Class None.'
[2016.02.06-19.16.42:408][  0]LogLoad: Full Startup: 190.61 seconds (BP compile: 1.28 seconds)
[2016.02.06-19.16.42:935][  0]LogOcInput: Can't find Oculus library dev build: is proper Runtime installed? Version: 0.8.0.0
[2016.02.06-19.16.48:001][  0]LogContentStreaming: Texture pool size now 1000 MB
[2016.02.06-19.16.49:446][  0]LogRenderer: Reallocating scene render targets to support 596x348 (Frame:2).
[2016.02.06-19.16.52:465][  3]LogAssetRegistry: Asset discovery search completed in 110.7436 seconds
[2016.02.06-19.16.52:465][  3]LogCollectionManager: Rebuilt the object cache for 0 collections in 0.000001 seconds (found 0 objects)
[2016.02.06-19.16.52:465][  3]LogCollectionManager: Fixed up redirectors for 0 collections in 0.000030 seconds (updated 0 objects)
[2016.02.07-01.59.39:340][ 89]LogLinker:Warning: Asset '../../../Engine/Content/ArtTools/RenderToTexture/Macros/RenderToTextureMacros.uasset' has been saved with empty engine version. The asset will be loaded but may be incompatible.
[2016.02.07-01.59.40:327][ 89]LogContentBrowser: Native class hierarchy updated for 'BlueprintGraph' in 0.0007 seconds. Added 107 classes and 0 folders.
[2016.02.07-01.59.41:450][ 90]LogRenderer: Reallocating scene render targets to support 1124x628 (Frame:6478).
[2016.02.07-02.00.03:581][156]LogFileHelpers: Editor autosave (incl. sublevels) for '/Game/Levels/Scene01_MainMenu' took 0.021
[2016.02.07-02.00.03:609][156]OBJ SavePackage: Generating thumbnails for [0] asset(s) in package [/Game/Blueprints/UIPlayerController] ([1] browsable assets)...
[2016.02.07-02.00.03:609][156]OBJ SavePackage: Finished generating thumbnails for package [/Game/Blueprints/UIPlayerController]
[2016.02.07-02.00.03:654][156]LogSavePackage: Save=9.317868ms
[2016.02.07-02.00.03:654][156]LogSavePackage: Moving '../../../../../../GlobalGameJam/StopThatRitual/Saved/UIPlayerController_Auto1C6BB8DB84ADBB605C950B99531C4731B.tmp' to '../../../../../../GlobalGameJam/StopThatRitual/Saved/Autosaves/Game/Blueprints/UIPlayerController_Auto1.uasset'
[2016.02.07-02.00.03:654][156]LogSavePackage: Total save time: 33.806320ms
[2016.02.07-02.00.03:654][156]LogSavePackage:Display: Finished SavePackage ../../../../../../GlobalGameJam/StopThatRitual/Saved/Autosaves/Game/Blueprints/UIPlayerController_Auto1.uasset
[2016.02.07-02.00.03:654][156]LogFileHelpers: Auto-saving content packages took 0.073
[2016.02.07-02.44.29:716][111]LogEditorTransaction: Undo Modify Component(s)
[2016.02.07-02.44.32:458][281]LogEditorTransaction: Undo Modify Component(s)
[2016.02.07-02.44.32:849][308]LogEditorTransaction: Undo Add Component
[2016.02.07-02.44.35:646][535]LogEditorTransaction: Redo Add Component
[2016.02.07-02.44.41:554][785]Cmd: OBJ SAVEPACKAGE PACKAGE="/Game/Blueprints/UIPlayerController" FILE="../../../../../../GlobalGameJam/StopThatRitual/Content/Blueprints/UIPlayerController.uasset" SILENT=true
[2016.02.07-02.44.41:564][785]LogSavePackage: Save=10.153528ms
[2016.02.07-02.44.41:564][785]LogSavePackage: Moving '../../../../../../GlobalGameJam/StopThatRitual/Saved/UIPlayerController5E46EF1D46DBFAFE12169B93E1B2192A.tmp' to '../../../../../../GlobalGameJam/StopThatRitual/Content/Blueprints/UIPlayerController.uasset'
[2016.02.07-02.44.41:565][785]LogSavePackage: Total save time: 11.313427ms
[2016.02.07-02.44.41:565][785]LogSavePackage:Display: Finished SavePackage ../../../../../../GlobalGameJam/StopThatRitual/Content/Blueprints/UIPlayerController.uasset
[2016.02.07-02.44.41:643][785]LogSavePackage: Save=12.000271ms
[2016.02.07-02.44.41:643][785]LogSavePackage: Moving '../../../../../../GlobalGameJam/StopThatRitual/Saved/UEDPCScene01_MainMenuB161ECB44A13E8292A9054AF75F5E263.tmp' to '../../../../../../GlobalGameJam/StopThatRitual/Saved/Autosaves/Game/Levels/UEDPCScene01_MainMenu.umap'
[2016.02.07-02.44.41:644][785]LogSavePackage: Total save time: 36.157057ms
[2016.02.07-02.44.41:644][785]LogSavePackage:Display: Finished SavePackage ../../../../../../GlobalGameJam/StopThatRitual/Saved/Autosaves/Game/Levels/UEDPCScene01_MainMenu.umap
[2016.02.07-02.44.48:849][154]LogRenderer: Reallocating scene render targets to support 1144x744 (Frame:15269).
[2016.02.07-02.44.52:039][450]LogSlate:Warning: Prevented a slow task dialog from being summoned while a context menu was open
[2016.02.07-02.44.55:743][682]Cmd: OBJ SAVEPACKAGE PACKAGE="/Game/Blueprints/UIGameMode" FILE="../../../../../../GlobalGameJam/StopThatRitual/Content/Blueprints/UIGameMode.uasset" SILENT=true
[2016.02.07-02.44.55:753][682]LogSavePackage: Save=8.671865ms
[2016.02.07-02.44.55:753][682]LogSavePackage: Moving '../../../../../../GlobalGameJam/StopThatRitual/Saved/UIGameModeBFDBF482420BF410666B0A9C7BB5C0AC.tmp' to '../../../../../../GlobalGameJam/StopThatRitual/Content/Blueprints/UIGameMode.uasset'
[2016.02.07-02.44.55:754][682]LogSavePackage: Total save time: 10.675158ms
[2016.02.07-02.44.55:754][682]LogSavePackage:Display: Finished SavePackage ../../../../../../GlobalGameJam/StopThatRitual/Content/Blueprints/UIGameMode.uasset
[2016.02.07-02.44.55:800][682]LogSavePackage: Save=7.931496ms
[2016.02.07-02.44.55:800][682]LogSavePackage: Moving '../../../../../../GlobalGameJam/StopThatRitual/Saved/UEDPCScene01_MainMenuAAC7D4F44486245AC0888A8BB84A5869.tmp' to '../../../../../../GlobalGameJam/StopThatRitual/Saved/Autosaves/Game/Levels/UEDPCScene01_MainMenu.umap'
[2016.02.07-02.44.55:800][682]LogSavePackage: Total save time: 9.160388ms
[2016.02.07-02.44.55:800][682]LogSavePackage:Display: Finished SavePackage ../../../../../../GlobalGameJam/StopThatRitual/Saved/Autosaves/Game/Levels/UEDPCScene01_MainMenu.umap
[2016.02.07-02.45.30:754][889]Cmd: OBJ SAVEPACKAGE PACKAGE="/Game/Blueprints/UIPlayerController" FILE="../../../../../../GlobalGameJam/StopThatRitual/Content/Blueprints/UIPlayerController.uasset" SILENT=true
[2016.02.07-02.45.30:765][889]LogSavePackage: Save=9.176477ms
[2016.02.07-02.45.30:765][889]LogSavePackage: Moving '../../../../../../GlobalGameJam/StopThatRitual/Saved/UIPlayerController0592148D4374473968AE0E93F722F791.tmp' to '../../../../../../GlobalGameJam/StopThatRitual/Content/Blueprints/UIPlayerController.uasset'
[2016.02.07-02.45.30:779][889]LogSavePackage: Total save time: 23.360416ms
[2016.02.07-02.45.30:779][889]LogSavePackage:Display: Finished SavePackage ../../../../../../GlobalGameJam/StopThatRitual/Content/Blueprints/UIPlayerController.uasset
[2016.02.07-02.45.30:824][889]LogSavePackage: Save=7.883541ms
[2016.02.07-02.45.30:824][889]LogSavePackage: Moving '../../../../../../GlobalGameJam/StopThatRitual/Saved/UEDPCScene01_MainMenuE50350484B467DB69E74DAA6A9623850.tmp' to '../../../../../../GlobalGameJam/StopThatRitual/Saved/Autosaves/Game/Levels/UEDPCScene01_MainMenu.umap'
[2016.02.07-02.45.30:825][889]LogSavePackage: Total save time: 9.150177ms
[2016.02.07-02.45.30:825][889]LogSavePackage:Display: Finished SavePackage ../../../../../../GlobalGameJam/StopThatRitual/Saved/Autosaves/Game/Levels/UEDPCScene01_MainMenu.umap
[2016.02.07-02.45.41:173][238]Cmd: OBJ SAVEPACKAGE PACKAGE="/Game/Blueprints/UIPlayerController" FILE="../../../../../../GlobalGameJam/StopThatRitual/Content/Blueprints/UIPlayerController.uasset" SILENT=true
[2016.02.07-02.45.41:183][238]LogSavePackage: Save=9.151727ms
[2016.02.07-02.45.41:183][238]LogSavePackage: Moving '../../../../../../GlobalGameJam/StopThatRitual/Saved/UIPlayerController2BEB67C54E35A4D34765769BF4033B5C.tmp' to '../../../../../../GlobalGameJam/StopThatRitual/Content/Blueprints/UIPlayerController.uasset'
[2016.02.07-02.45.41:184][238]LogSavePackage: Total save time: 10.987330ms
[2016.02.07-02.45.41:184][238]LogSavePackage:Display: Finished SavePackage ../../../../../../GlobalGameJam/StopThatRitual/Content/Blueprints/UIPlayerController.uasset
[2016.02.07-02.45.41:231][238]LogSavePackage: Save=7.866525ms
[2016.02.07-02.45.41:231][238]LogSavePackage: Moving '../../../../../../GlobalGameJam/StopThatRitual/Saved/UEDPCScene01_MainMenuEE98313F415E25C0C5C419B52BAC1C3D.tmp' to '../../../../../../GlobalGameJam/StopThatRitual/Saved/Autosaves/Game/Levels/UEDPCScene01_MainMenu.umap'
[2016.02.07-02.45.41:231][238]LogSavePackage: Total save time: 9.188544ms
[2016.02.07-02.45.41:231][238]LogSavePackage:Display: Finished SavePackage ../../../../../../GlobalGameJam/StopThatRitual/Saved/Autosaves/Game/Levels/UEDPCScene01_MainMenu.umap
[2016.02.07-02.45.52:641][761]LogSavePackage: Save=8.153638ms
[2016.02.07-02.45.52:641][761]LogSavePackage: Moving '../../../../../../GlobalGameJam/StopThatRitual/Saved/UEDPCScene01_MainMenu4CD2346A43F1F22530743AAB0673CE52.tmp' to '../../../../../../GlobalGameJam/StopThatRitual/Saved/Autosaves/Game/Levels/UEDPCScene01_MainMenu.umap'
[2016.02.07-02.45.52:641][761]LogSavePackage: Total save time: 9.413160ms
[2016.02.07-02.45.52:641][761]LogSavePackage:Display: Finished SavePackage ../../../../../../GlobalGameJam/StopThatRitual/Saved/Autosaves/Game/Levels/UEDPCScene01_MainMenu.umap
[2016.02.07-02.46.07:693][480]Cmd: OBJ SAVEPACKAGE PACKAGE="/Game/Levels/Scene01_MainMenu" FILE="../../../../../../GlobalGameJam/StopThatRitual/Content/Levels/Scene01_MainMenu.umap" SILENT=true AUTOSAVING=false KEEPDIRTY=false
[2016.02.07-02.46.07:723][480]LogSavePackage: Save=6.727973ms
[2016.02.07-02.46.07:723][480]LogSavePackage: Moving '../../../../../../GlobalGameJam/StopThatRitual/Saved/Scene01_MainMenu0001E8B54D52E761A37FB496D3FEC4A4.tmp' to '../../../../../../GlobalGameJam/StopThatRitual/Content/Levels/Scene01_MainMenu.umap'
[2016.02.07-02.46.07:724][480]LogSavePackage: Total save time: 8.584615ms
[2016.02.07-02.46.07:724][480]LogSavePackage:Display: Finished SavePackage ../../../../../../GlobalGameJam/StopThatRitual/Content/Levels/Scene01_MainMenu.umap
[2016.02.07-02.46.07:739][480]LogFileHelpers: Saving map 'Scene01_MainMenu' took 0.084
[2016.02.07-02.46.07:745][480]Cmd: OBJ SAVEPACKAGE PACKAGE="/Game/Blueprints/UIPlayerController" FILE="../../../../../../GlobalGameJam/StopThatRitual/Content/Blueprints/UIPlayerController.uasset" SILENT=true
[2016.02.07-02.46.07:755][480]LogSavePackage: Save=9.247019ms
[2016.02.07-02.46.07:755][480]LogSavePackage: Moving '../../../../../../GlobalGameJam/StopThatRitual/Saved/UIPlayerController070FF1494C270D882CF76195464B4A7D.tmp' to '../../../../../../GlobalGameJam/StopThatRitual/Content/Blueprints/UIPlayerController.uasset'
[2016.02.07-02.46.07:756][480]LogSavePackage: Total save time: 10.990735ms
[2016.02.07-02.46.07:756][480]LogSavePackage:Display: Finished SavePackage ../../../../../../GlobalGameJam/StopThatRitual/Content/Blueprints/UIPlayerController.uasset
[2016.02.07-02.46.09:196][598]LogSavePackage: Save=8.038545ms
[2016.02.07-02.46.09:196][598]LogSavePackage: Moving '../../../../../../GlobalGameJam/StopThatRitual/Saved/UEDPCScene01_MainMenu8E03E0FD4916A30079F997967F4C6D85.tmp' to '../../../../../../GlobalGameJam/StopThatRitual/Saved/Autosaves/Game/Levels/UEDPCScene01_MainMenu.umap'
[2016.02.07-02.46.09:197][598]LogSavePackage: Total save time: 9.283215ms
[2016.02.07-02.46.09:197][598]LogSavePackage:Display: Finished SavePackage ../../../../../../GlobalGameJam/StopThatRitual/Saved/Autosaves/Game/Levels/UEDPCScene01_MainMenu.umap
[2016.02.07-02.46.17:848][993]LogSavePackage: Save=7.842392ms
[2016.02.07-02.46.17:848][993]LogSavePackage: Moving '../../../../../../GlobalGameJam/StopThatRitual/Saved/UEDPCScene01_MainMenuB44D4BC64173083AC6B037A476583697.tmp' to '../../../../../../GlobalGameJam/StopThatRitual/Saved/Autosaves/Game/Levels/UEDPCScene01_MainMenu.umap'
[2016.02.07-02.46.17:849][993]LogSavePackage: Total save time: 9.201847ms
[2016.02.07-02.46.17:849][993]LogSavePackage:Display: Finished SavePackage ../../../../../../GlobalGameJam/StopThatRitual/Saved/Autosaves/Game/Levels/UEDPCScene01_MainMenu.umap
[2016.02.07-02.46.29:352][738]Cmd: OBJ SAVEPACKAGE PACKAGE="/Game/Levels/Scene01_MainMenu" FILE="../../../../../../GlobalGameJam/StopThatRitual/Content/Levels/Scene01_MainMenu.umap" SILENT=true AUTOSAVING=false KEEPDIRTY=false
[2016.02.07-02.46.29:382][738]LogSavePackage: Save=8.085262ms
[2016.02.07-02.46.29:383][738]LogSavePackage: Moving '../../../../../../GlobalGameJam/StopThatRitual/Saved/Scene01_MainMenuC39475394B470785E7853A97F18B3059.tmp' to '../../../../../../GlobalGameJam/StopThatRitual/Content/Levels/Scene01_MainMenu.umap'
[2016.02.07-02.46.29:383][738]LogSavePackage: Total save time: 9.842593ms
[2016.02.07-02.46.29:383][738]LogSavePackage:Display: Finished SavePackage ../../../../../../GlobalGameJam/StopThatRitual/Content/Levels/Scene01_MainMenu.umap
[2016.02.07-02.46.29:399][738]LogFileHelpers: Saving map 'Scene01_MainMenu' took 0.085
[2016.02.07-02.46.29:974][769]LogSavePackage: Save=8.339890ms
[2016.02.07-02.46.29:974][769]LogSavePackage: Moving '../../../../../../GlobalGameJam/StopThatRitual/Saved/UEDPCScene01_MainMenu8F1BEFD84662B20C662AB3A99CAAF739.tmp' to '../../../../../../GlobalGameJam/StopThatRitual/Saved/Autosaves/Game/Levels/UEDPCScene01_MainMenu.umap'
[2016.02.07-02.46.29:975][769]LogSavePackage: Total save time: 9.715125ms
[2016.02.07-02.46.29:975][769]LogSavePackage:Display: Finished SavePackage ../../../../../../GlobalGameJam/StopThatRitual/Saved/Autosaves/Game/Levels/UEDPCScene01_MainMenu.umap
[2016.02.07-02.46.44:689][ 48]LogNavigationPoint: PostEditMove Clear paths rebuilt
[2016.02.07-02.46.46:539][246]LogSavePackage: Save=8.005131ms
[2016.02.07-02.46.46:539][246]LogSavePackage: Moving '../../../../../../GlobalGameJam/StopThatRitual/Saved/UEDPCScene01_MainMenu5AA35E2B4A93519DC0531A8195C50908.tmp' to '../../../../../../GlobalGameJam/StopThatRitual/Saved/Autosaves/Game/Levels/UEDPCScene01_MainMenu.umap'
[2016.02.07-02.46.46:539][246]LogSavePackage: Total save time: 9.297140ms
[2016.02.07-02.46.46:540][246]LogSavePackage:Display: Finished SavePackage ../../../../../../GlobalGameJam/StopThatRitual/Saved/Autosaves/Game/Levels/UEDPCScene01_MainMenu.umap
[2016.02.07-02.46.57:312][983]LogNavigationPoint: PostEditMove Clear paths rebuilt
[2016.02.07-02.46.57:937][ 57]Cmd: TRANSACTION UNDO
[2016.02.07-02.46.57:937][ 57]LogEditorTransaction: Undo Rotate Actors
[2016.02.07-02.47.02:442][501]LogNavigationPoint: PostEditMove Clear paths rebuilt
[2016.02.07-02.47.17:485][968]Cmd: OBJ SAVEPACKAGE PACKAGE="/Game/Levels/Scene01_MainMenu" FILE="../../../../../../GlobalGameJam/StopThatRitual/Content/Levels/Scene01_MainMenu.umap" SILENT=true AUTOSAVING=false KEEPDIRTY=false
[2016.02.07-02.47.17:515][968]LogSavePackage: Save=8.033595ms
[2016.02.07-02.47.17:515][968]LogSavePackage: Moving '../../../../../../GlobalGameJam/StopThatRitual/Saved/Scene01_MainMenu2F43A00A4BBEBB817C420693D6DA73B6.tmp' to '../../../../../../GlobalGameJam/StopThatRitual/Content/Levels/Scene01_MainMenu.umap'
[2016.02.07-02.47.17:516][968]LogSavePackage: Total save time: 9.849709ms
[2016.02.07-02.47.17:516][968]LogSavePackage:Display: Finished SavePackage ../../../../../../GlobalGameJam/StopThatRitual/Content/Levels/Scene01_MainMenu.umap
[2016.02.07-02.47.17:531][968]LogFileHelpers: Saving map 'Scene01_MainMenu' took 0.085
[2016.02.07-02.47.21:841][396]LogSavePackage: Save=8.037926ms
[2016.02.07-02.47.21:841][396]LogSavePackage: Moving '../../../../../../GlobalGameJam/StopThatRitual/Saved/UEDPCScene01_MainMenuBFD92E0943ACF3AF728574890CC0B781.tmp' to '../../../../../../GlobalGameJam/StopThatRitual/Saved/Autosaves/Game/Levels/UEDPCScene01_MainMenu.umap'
[2016.02.07-02.47.21:842][396]LogSavePackage: Total save time: 9.346332ms
[2016.02.07-02.47.21:842][396]LogSavePackage:Display: Finished SavePackage ../../../../../../GlobalGameJam/StopThatRitual/Saved/Autosaves/Game/Levels/UEDPCScene01_MainMenu.umap
[2016.02.07-02.47.39:698][373]Cmd: OBJ SAVEPACKAGE PACKAGE="/Game/Blueprints/UIPlayerController" FILE="../../../../../../GlobalGameJam/StopThatRitual/Content/Blueprints/UIPlayerController.uasset" SILENT=true
[2016.02.07-02.47.39:709][373]LogSavePackage: Save=9.742969ms
[2016.02.07-02.47.39:709][373]LogSavePackage: Moving '../../../../../../GlobalGameJam/StopThatRitual/Saved/UIPlayerControllerD083BD3541A7146A8E5BBAADE08DB2EB.tmp' to '../../../../../../GlobalGameJam/StopThatRitual/Content/Blueprints/UIPlayerController.uasset'
[2016.02.07-02.47.39:710][373]LogSavePackage: Total save time: 11.462241ms
[2016.02.07-02.47.39:710][373]LogSavePackage:Display: Finished SavePackage ../../../../../../GlobalGameJam/StopThatRitual/Content/Blueprints/UIPlayerController.uasset
[2016.02.07-02.47.39:755][373]LogSavePackage: Save=8.135693ms
[2016.02.07-02.47.39:755][373]LogSavePackage: Moving '../../../../../../GlobalGameJam/StopThatRitual/Saved/UEDPCScene01_MainMenuDEF5C3CB432DF63EC0076CAF46C38D65.tmp' to '../../../../../../GlobalGameJam/StopThatRitual/Saved/Autosaves/Game/Levels/UEDPCScene01_MainMenu.umap'
[2016.02.07-02.47.39:756][373]LogSavePackage: Total save time: 9.417184ms
[2016.02.07-02.47.39:756][373]LogSavePackage:Display: Finished SavePackage ../../../../../../GlobalGameJam/StopThatRitual/Saved/Autosaves/Game/Levels/UEDPCScene01_MainMenu.umap
[2016.02.07-02.47.51:378][151]Cmd: OBJ SAVEPACKAGE PACKAGE="/Game/Blueprints/UIPlayerController" FILE="../../../../../../GlobalGameJam/StopThatRitual/Content/Blueprints/UIPlayerController.uasset" SILENT=true
[2016.02.07-02.47.51:388][151]LogSavePackage: Save=9.349426ms
[2016.02.07-02.47.51:388][151]LogSavePackage: Moving '../../../../../../GlobalGameJam/StopThatRitual/Saved/UIPlayerController06FEBBCF4D05375E5078BFA6893060B4.tmp' to '../../../../../../GlobalGameJam/StopThatRitual/Content/Blueprints/UIPlayerController.uasset'
[2016.02.07-02.47.51:389][151]LogSavePackage: Total save time: 10.971554ms
[2016.02.07-02.47.51:389][151]LogSavePackage:Display: Finished SavePackage ../../../../../../GlobalGameJam/StopThatRitual/Content/Blueprints/UIPlayerController.uasset
[2016.02.07-02.47.57:063][772]LogSavePackage: Save=7.853840ms
[2016.02.07-02.47.57:063][772]LogSavePackage: Moving '../../../../../../GlobalGameJam/StopThatRitual/Saved/UEDPCScene01_MainMenuF5CD350047D2628B5E9829AF9D70DA5A.tmp' to '../../../../../../GlobalGameJam/StopThatRitual/Saved/Autosaves/Game/Levels/UEDPCScene01_MainMenu.umap'
[2016.02.07-02.47.57:063][772]LogSavePackage: Total save time: 9.073760ms
[2016.02.07-02.47.57:063][772]LogSavePackage:Display: Finished SavePackage ../../../../../../GlobalGameJam/StopThatRitual/Saved/Autosaves/Game/Levels/UEDPCScene01_MainMenu.umap
[2016.02.07-02.48.07:101][380]LogNavigationPoint: PostEditMove Clear paths rebuilt
[2016.02.07-02.48.08:421][486]LogSavePackage: Save=8.259758ms
[2016.02.07-02.48.08:421][486]LogSavePackage: Moving '../../../../../../GlobalGameJam/StopThatRitual/Saved/UEDPCScene01_MainMenu9CBAB8C045E8A50E208382B471FD96F1.tmp' to '../../../../../../GlobalGameJam/StopThatRitual/Saved/Autosaves/Game/Levels/UEDPCScene01_MainMenu.umap'
[2016.02.07-02.48.08:421][486]LogSavePackage: Total save time: 9.537227ms
[2016.02.07-02.48.08:421][486]LogSavePackage:Display: Finished SavePackage ../../../../../../GlobalGameJam/StopThatRitual/Saved/Autosaves/Game/Levels/UEDPCScene01_MainMenu.umap
[2016.02.07-02.48.29:819][242]LogSavePackage: Save=7.912005ms
[2016.02.07-02.48.29:819][242]LogSavePackage: Moving '../../../../../../GlobalGameJam/StopThatRitual/Saved/UEDPCScene01_MainMenuC2338C2D4F18DF4A0AF54699090C71E6.tmp' to '../../../../../../GlobalGameJam/StopThatRitual/Saved/Autosaves/Game/Levels/UEDPCScene01_MainMenu.umap'
[2016.02.07-02.48.29:819][242]LogSavePackage: Total save time: 9.212058ms
[2016.02.07-02.48.29:819][242]LogSavePackage:Display: Finished SavePackage ../../../../../../GlobalGameJam/StopThatRitual/Saved/Autosaves/Game/Levels/UEDPCScene01_MainMenu.umap
[2016.02.07-02.48.37:752][631]LogSavePackage: Save=7.923452ms
[2016.02.07-02.48.37:752][631]LogSavePackage: Moving '../../../../../../GlobalGameJam/StopThatRitual/Saved/UEDPCScene01_MainMenu3D392A5C454FCDF8308576B3A08DFA37.tmp' to '../../../../../../GlobalGameJam/StopThatRitual/Saved/Autosaves/Game/Levels/UEDPCScene01_MainMenu.umap'
[2016.02.07-02.48.37:752][631]LogSavePackage: Total save time: 9.286001ms
[2016.02.07-02.48.37:753][631]LogSavePackage:Display: Finished SavePackage ../../../../../../GlobalGameJam/StopThatRitual/Saved/Autosaves/Game/Levels/UEDPCScene01_MainMenu.umap
[2016.02.07-02.48.45:909][969]LogSavePackage: Save=7.962745ms
[2016.02.07-02.48.45:909][969]LogSavePackage: Moving '../../../../../../GlobalGameJam/StopThatRitual/Saved/UEDPCScene01_MainMenuA0D60DC14A085FED37BC309801FA24C0.tmp' to '../../../../../../GlobalGameJam/StopThatRitual/Saved/Autosaves/Game/Levels/UEDPCScene01_MainMenu.umap'
[2016.02.07-02.48.45:909][969]LogSavePackage: Total save time: 9.194423ms
[2016.02.07-02.48.45:909][969]LogSavePackage:Display: Finished SavePackage ../../../../../../GlobalGameJam/StopThatRitual/Saved/Autosaves/Game/Levels/UEDPCScene01_MainMenu.umap
[2016.02.07-02.49.01:512][866]LogSavePackage: Save=7.916955ms
[2016.02.07-02.49.01:512][866]LogSavePackage: Moving '../../../../../../GlobalGameJam/StopThatRitual/Saved/UEDPCScene01_MainMenu3FD4CD0D42C864793B9F70B433760CAF.tmp' to '../../../../../../GlobalGameJam/StopThatRitual/Saved/Autosaves/Game/Levels/UEDPCScene01_MainMenu.umap'
[2016.02.07-02.49.01:512][866]LogSavePackage: Total save time: 9.222578ms
[2016.02.07-02.49.01:512][866]LogSavePackage:Display: Finished SavePackage ../../../../../../GlobalGameJam/StopThatRitual/Saved/Autosaves/Game/Levels/UEDPCScene01_MainMenu.umap
[2016.02.07-02.49.15:522][440]LogEditorViewport: Clicking Background
[2016.02.07-02.49.16:256][528]LogEditorViewport: Clicking on Actor (LMB): PaperSpriteActor (CliffBackground_Sprite)
[2016.02.07-02.49.19:347][789]LogSavePackage: Save=7.958413ms
[2016.02.07-02.49.19:347][789]LogSavePackage: Moving '../../../../../../GlobalGameJam/StopThatRitual/Saved/UEDPCScene01_MainMenu5E8A71D84FEBC9B5B6E1BFAF75D1A9C1.tmp' to '../../../../../../GlobalGameJam/StopThatRitual/Saved/Autosaves/Game/Levels/UEDPCScene01_MainMenu.umap'
[2016.02.07-02.49.19:348][789]LogSavePackage: Total save time: 9.347573ms
[2016.02.07-02.49.19:348][789]LogSavePackage:Display: Finished SavePackage ../../../../../../GlobalGameJam/StopThatRitual/Saved/Autosaves/Game/Levels/UEDPCScene01_MainMenu.umap
[2016.02.07-02.49.29:839][275]LogSavePackage: Save=7.914171ms
[2016.02.07-02.49.29:839][275]LogSavePackage: Moving '../../../../../../GlobalGameJam/StopThatRitual/Saved/UEDPCScene01_MainMenu387A9E134C47BA1D7647D399D02B3921.tmp' to '../../../../../../GlobalGameJam/StopThatRitual/Saved/Autosaves/Game/Levels/UEDPCScene01_MainMenu.umap'
[2016.02.07-02.49.29:840][275]LogSavePackage: Total save time: 9.200919ms
[2016.02.07-02.49.29:840][275]LogSavePackage:Display: Finished SavePackage ../../../../../../GlobalGameJam/StopThatRitual/Saved/Autosaves/Game/Levels/UEDPCScene01_MainMenu.umap
[2016.02.07-02.49.37:737][734]LogSavePackage: Save=8.002037ms
[2016.02.07-02.49.37:737][734]LogSavePackage: Moving '../../../../../../GlobalGameJam/StopThatRitual/Saved/UEDPCScene01_MainMenu2E1EF0404F6ED0B0ABAF7484CF2757D2.tmp' to '../../../../../../GlobalGameJam/StopThatRitual/Saved/Autosaves/Game/Levels/UEDPCScene01_MainMenu.umap'
[2016.02.07-02.49.37:738][734]LogSavePackage: Total save time: 9.347878ms
[2016.02.07-02.49.37:738][734]LogSavePackage:Display: Finished SavePackage ../../../../../../GlobalGameJam/StopThatRitual/Saved/Autosaves/Game/Levels/UEDPCScene01_MainMenu.umap
[2016.02.07-02.49.47:922][328]LogSavePackage: Save=7.891276ms
[2016.02.07-02.49.47:922][328]LogSavePackage: Moving '../../../../../../GlobalGameJam/StopThatRitual/Saved/UEDPCScene01_MainMenu6A737243485C00698B9FC8A12365EB89.tmp' to '../../../../../../GlobalGameJam/StopThatRitual/Saved/Autosaves/Game/Levels/UEDPCScene01_MainMenu.umap'
[2016.02.07-02.49.47:923][328]LogSavePackage: Total save time: 9.612717ms
[2016.02.07-02.49.47:923][328]LogSavePackage:Display: Finished SavePackage ../../../../../../GlobalGameJam/StopThatRitual/Saved/Autosaves/Game/Levels/UEDPCScene01_MainMenu.umap
[2016.02.07-02.49.58:898][142]LogSavePackage: Save=7.891276ms
[2016.02.07-02.49.58:898][142]LogSavePackage: Moving '../../../../../../GlobalGameJam/StopThatRitual/Saved/UEDPCScene01_MainMenu6D2C5E564221A3BE7BFB8FB880B02368.tmp' to '../../../../../../GlobalGameJam/StopThatRitual/Saved/Autosaves/Game/Levels/UEDPCScene01_MainMenu.umap'
[2016.02.07-02.49.58:899][142]LogSavePackage: Total save time: 9.230621ms
[2016.02.07-02.49.58:899][142]LogSavePackage:Display: Finished SavePackage ../../../../../../GlobalGameJam/StopThatRitual/Saved/Autosaves/Game/Levels/UEDPCScene01_MainMenu.umap
[2016.02.07-02.50.06:038][527]LogSavePackage: Save=8.029572ms
[2016.02.07-02.50.06:038][527]LogSavePackage: Moving '../../../../../../GlobalGameJam/StopThatRitual/Saved/UEDPCScene01_MainMenu11B512344ED763EC56837DB7CC86D4B7.tmp' to '../../../../../../GlobalGameJam/StopThatRitual/Saved/Autosaves/Game/Levels/UEDPCScene01_MainMenu.umap'
[2016.02.07-02.50.06:039][527]LogSavePackage: Total save time: 9.353757ms
[2016.02.07-02.50.06:039][527]LogSavePackage:Display: Finished SavePackage ../../../../../../GlobalGameJam/StopThatRitual/Saved/Autosaves/Game/Levels/UEDPCScene01_MainMenu.umap
[2016.02.07-02.50.17:040][134]LogSavePackage: Save=7.924380ms
[2016.02.07-02.50.17:040][134]LogSavePackage: Moving '../../../../../../GlobalGameJam/StopThatRitual/Saved/UEDPCScene01_MainMenu3F270B034113514D879D908A79D5B0DF.tmp' to '../../../../../../GlobalGameJam/StopThatRitual/Saved/Autosaves/Game/Levels/UEDPCScene01_MainMenu.umap'
[2016.02.07-02.50.17:041][134]LogSavePackage: Total save time: 9.156987ms
[2016.02.07-02.50.17:041][134]LogSavePackage:Display: Finished SavePackage ../../../../../../GlobalGameJam/StopThatRitual/Saved/Autosaves/Game/Levels/UEDPCScene01_MainMenu.umap
[2016.02.07-02.50.28:881][707]Cmd: OBJ SAVEPACKAGE PACKAGE="/Game/Blueprints/UIPlayerController" FILE="../../../../../../GlobalGameJam/StopThatRitual/Content/Blueprints/UIPlayerController.uasset" SILENT=true
[2016.02.07-02.50.28:892][707]LogSavePackage: Save=9.365824ms
[2016.02.07-02.50.28:892][707]LogSavePackage: Moving '../../../../../../GlobalGameJam/StopThatRitual/Saved/UIPlayerController3B8BD9A44A0F089632C50899F4F29573.tmp' to '../../../../../../GlobalGameJam/StopThatRitual/Content/Blueprints/UIPlayerController.uasset'
[2016.02.07-02.50.28:893][707]LogSavePackage: Total save time: 11.019200ms
[2016.02.07-02.50.28:893][707]LogSavePackage:Display: Finished SavePackage ../../../../../../GlobalGameJam/StopThatRitual/Content/Blueprints/UIPlayerController.uasset
[2016.02.07-02.50.28:939][707]LogSavePackage: Save=8.076909ms
[2016.02.07-02.50.28:939][707]LogSavePackage: Moving '../../../../../../GlobalGameJam/StopThatRitual/Saved/UEDPCScene01_MainMenuA872727043C98F4CB712DA87F7034CAE.tmp' to '../../../../../../GlobalGameJam/StopThatRitual/Saved/Autosaves/Game/Levels/UEDPCScene01_MainMenu.umap'
[2016.02.07-02.50.28:939][707]LogSavePackage: Total save time: 9.367678ms
[2016.02.07-02.50.28:939][707]LogSavePackage:Display: Finished SavePackage ../../../../../../GlobalGameJam/StopThatRitual/Saved/Autosaves/Game/Levels/UEDPCScene01_MainMenu.umap
[2016.02.07-02.50.39:219][281]Cmd: OBJ SAVEPACKAGE PACKAGE="/Game/Levels/Scene01_MainMenu" FILE="../../../../../../GlobalGameJam/StopThatRitual/Content/Levels/Scene01_MainMenu.umap" SILENT=true AUTOSAVING=false KEEPDIRTY=false
[2016.02.07-02.50.39:250][281]LogSavePackage: Save=8.212731ms
[2016.02.07-02.50.39:250][281]LogSavePackage: Moving '../../../../../../GlobalGameJam/StopThatRitual/Saved/Scene01_MainMenuCD8CE6C74F6812038EA333B97D7E25D1.tmp' to '../../../../../../GlobalGameJam/StopThatRitual/Content/Levels/Scene01_MainMenu.umap'
[2016.02.07-02.50.39:250][281]LogSavePackage: Total save time: 10.012135ms
[2016.02.07-02.50.39:251][281]LogSavePackage:Display: Finished SavePackage ../../../../../../GlobalGameJam/StopThatRitual/Content/Levels/Scene01_MainMenu.umap
[2016.02.07-02.50.39:266][281]LogFileHelpers: Saving map 'Scene01_MainMenu' took 0.086
[2016.02.07-02.50.39:272][281]Cmd: OBJ SAVEPACKAGE PACKAGE="/Game/Blueprints/UIPlayerController" FILE="../../../../../../GlobalGameJam/StopThatRitual/Content/Blueprints/UIPlayerController.uasset" SILENT=true
[2016.02.07-02.50.39:283][281]LogSavePackage: Save=9.250113ms
[2016.02.07-02.50.39:283][281]LogSavePackage: Moving '../../../../../../GlobalGameJam/StopThatRitual/Saved/UIPlayerController09BAECBD46895C09582EDA806D89FE69.tmp' to '../../../../../../GlobalGameJam/StopThatRitual/Content/Blueprints/UIPlayerController.uasset'
[2016.02.07-02.50.39:284][281]LogSavePackage: Total save time: 11.350244ms
[2016.02.07-02.50.39:284][281]LogSavePackage:Display: Finished SavePackage ../../../../../../GlobalGameJam/StopThatRitual/Content/Blueprints/UIPlayerController.uasset
[2016.02.07-02.51.00:151][127]LogParticles: Destroying 0 GPU particle simulations for FXSystem 0x0000000011286980
[2016.02.07-02.51.00:198][127]LogSavePackage: Save=7.988733ms
[2016.02.07-02.51.00:198][127]LogSavePackage: Moving '../../../../../../GlobalGameJam/StopThatRitual/Saved/UEDPCScene01_MainMenu5559344849DD9FCB0F98579DB946108B.tmp' to '../../../../../../GlobalGameJam/StopThatRitual/Saved/Autosaves/Game/Levels/UEDPCScene01_MainMenu.umap'
[2016.02.07-02.51.00:198][127]LogSavePackage: Total save time: 9.281669ms
[2016.02.07-02.51.00:198][127]LogSavePackage:Display: Finished SavePackage ../../../../../../GlobalGameJam/StopThatRitual/Saved/Autosaves/Game/Levels/UEDPCScene01_MainMenu.umap
[2016.02.07-02.51.58:017][920]LogFactory: FactoryCreateBinary: Texture with ReimportTextureFactory (0 0 C:\GlobalGameJam\Game Jam\exported\Fullscreen_Checked.png)
[2016.02.07-02.51.58:020][920]LogTexture:Display: Building textures: Fullscreen_Checked (BGRA8)
[2016.02.07-02.51.58:059][920]LogFactory: FactoryCreateBinary: Texture with ReimportTextureFactory (0 0 C:\GlobalGameJam\Game Jam\exported\Fullscreen_Checked_Hover.png)
[2016.02.07-02.51.58:062][920]LogTexture:Display: Building textures: Fullscreen_Checked_Hover (BGRA8)
[2016.02.07-02.51.58:073][920]LogFactory: FactoryCreateBinary: Texture with ReimportTextureFactory (0 0 C:\GlobalGameJam\Game Jam\exported\Fullscreen_Hover.png)
[2016.02.07-02.51.58:075][920]LogTexture:Display: Building textures: Fullscreen_Hover (BGRA8)
[2016.02.07-02.51.58:085][920]LogFactory: FactoryCreateBinary: Texture with ReimportTextureFactory (0 0 C:\GlobalGameJam\Game Jam\exported\Game_Over.png)
[2016.02.07-02.51.58:088][920]LogTexture:Display: Building textures: Game_Over (BGRA8)
[2016.02.07-02.51.58:093][920]LogFactory: FactoryCreateBinary: Texture with ReimportTextureFactory (0 0 C:\GlobalGameJam\Game Jam\exported\New_Game.png)
[2016.02.07-02.51.58:094][920]LogTexture:Display: Building textures: New_Game (BGRA8)
[2016.02.07-02.51.58:102][920]LogFactory: FactoryCreateBinary: Texture with ReimportTextureFactory (0 0 C:\GlobalGameJam\Game Jam\exported\New_Game_Hover.png)
[2016.02.07-02.51.58:104][920]LogTexture:Display: Building textures: New_Game_Hover (BGRA8)
[2016.02.07-02.51.58:108][920]LogFactory: FactoryCreateBinary: Texture with ReimportTextureFactory (0 0 C:\GlobalGameJam\Game Jam\exported\Options.png)
[2016.02.07-02.51.58:109][920]LogTexture:Display: Building textures: Options (BGRA8)
[2016.02.07-02.51.58:113][920]LogFactory: FactoryCreateBinary: Texture with ReimportTextureFactory (0 0 C:\GlobalGameJam\Game Jam\exported\Options_Hover.png)
[2016.02.07-02.51.58:115][920]LogTexture:Display: Building textures: Options_Hover (BGRA8)
[2016.02.07-02.51.58:121][920]LogFactory: FactoryCreateBinary: Texture with ReimportTextureFactory (0 0 C:\GlobalGameJam\Game Jam\exported\title.png)
[2016.02.07-02.51.58:123][920]LogTexture:Display: Building textures: title (BGRA8)
[2016.02.07-02.51.58:130][920]LogFactory: FactoryCreateBinary: Texture with ReimportTextureFactory (0 0 C:\GlobalGameJam\Game Jam\exported\Back.png)
[2016.02.07-02.51.58:131][920]LogTexture:Display: Building textures: Back (BGRA8)
[2016.02.07-02.51.58:134][920]LogFactory: FactoryCreateBinary: Texture with ReimportTextureFactory (0 0 C:\GlobalGameJam\Game Jam\exported\Back_Hover.png)
[2016.02.07-02.51.58:135][920]LogTexture:Display: Building textures: Back_Hover (BGRA8)
[2016.02.07-02.51.58:138][920]LogFactory: FactoryCreateBinary: Texture with ReimportTextureFactory (0 0 C:\GlobalGameJam\Game Jam\exported\Exit.png)
[2016.02.07-02.51.58:139][920]LogTexture:Display: Building textures: Exit (BGRA8)
[2016.02.07-02.51.58:144][920]LogFactory: FactoryCreateBinary: Texture with ReimportTextureFactory (0 0 C:\GlobalGameJam\Game Jam\exported\Exit_Hover.png)
[2016.02.07-02.51.58:145][920]LogTexture:Display: Building textures: Exit_Hover (BGRA8)
[2016.02.07-02.51.58:148][920]LogFactory: FactoryCreateBinary: Texture with ReimportTextureFactory (0 0 C:\GlobalGameJam\Game Jam\exported\Fullscreen.png)
[2016.02.07-02.51.58:149][920]LogTexture:Display: Building textures: Fullscreen (BGRA8)
[2016.02.07-02.52.06:965][731]LogContentBrowser: Native class hierarchy updated for 'TextureEditor' in 0.0007 seconds. Added 1 classes and 2 folders.
[2016.02.07-02.52.11:455][124]Cmd: OBJ SAVEPACKAGE PACKAGE="/Game/Assets/labels/Fullscreen_Checked" FILE="../../../../../../GlobalGameJam/StopThatRitual/Content/Assets/labels/Fullscreen_Checked.uasset" SILENT=true
[2016.02.07-02.52.11:483][124]LogSavePackage: Save=27.272640ms
[2016.02.07-02.52.11:483][124]LogSavePackage: Moving '../../../../../../GlobalGameJam/StopThatRitual/Saved/Fullscreen_Checked29F4DDF845B2FF4D83573B88E100F014.tmp' to '../../../../../../GlobalGameJam/StopThatRitual/Content/Assets/labels/Fullscreen_Checked.uasset'
[2016.02.07-02.52.11:484][124]LogSavePackage: Total save time: 28.214727ms
[2016.02.07-02.52.11:484][124]LogSavePackage:Display: Finished SavePackage ../../../../../../GlobalGameJam/StopThatRitual/Content/Assets/labels/Fullscreen_Checked.uasset
[2016.02.07-02.52.11:491][124]Cmd: OBJ SAVEPACKAGE PACKAGE="/Game/Assets/labels/Fullscreen_Checked_Hover" FILE="../../../../../../GlobalGameJam/StopThatRitual/Content/Assets/labels/Fullscreen_Checked_Hover.uasset" SILENT=true
[2016.02.07-02.52.11:495][124]LogSavePackage: Save=2.748302ms
[2016.02.07-02.52.11:495][124]LogSavePackage: Moving '../../../../../../GlobalGameJam/StopThatRitual/Saved/Fullscreen_Checked_Hover712DB3414DB6F82A06AE66B72FFB3B34.tmp' to '../../../../../../GlobalGameJam/StopThatRitual/Content/Assets/labels/Fullscreen_Checked_Hover.uasset'
[2016.02.07-02.52.11:496][124]LogSavePackage: Total save time: 3.739893ms
[2016.02.07-02.52.11:496][124]LogSavePackage:Display: Finished SavePackage ../../../../../../GlobalGameJam/StopThatRitual/Content/Assets/labels/Fullscreen_Checked_Hover.uasset
[2016.02.07-02.52.11:503][124]Cmd: OBJ SAVEPACKAGE PACKAGE="/Game/Assets/labels/Fullscreen_Hover" FILE="../../../../../../GlobalGameJam/StopThatRitual/Content/Assets/labels/Fullscreen_Hover.uasset" SILENT=true
[2016.02.07-02.52.11:507][124]LogSavePackage: Save=2.573807ms
[2016.02.07-02.52.11:507][124]LogSavePackage: Moving '../../../../../../GlobalGameJam/StopThatRitual/Saved/Fullscreen_Hover3C58DC1243961DC7B60146B8444CDF73.tmp' to '../../../../../../GlobalGameJam/StopThatRitual/Content/Assets/labels/Fullscreen_Hover.uasset'
[2016.02.07-02.52.11:507][124]LogSavePackage: Total save time: 3.549311ms
[2016.02.07-02.52.11:507][124]LogSavePackage:Display: Finished SavePackage ../../../../../../GlobalGameJam/StopThatRitual/Content/Assets/labels/Fullscreen_Hover.uasset
[2016.02.07-02.52.11:515][124]Cmd: OBJ SAVEPACKAGE PACKAGE="/Game/Assets/labels/Game_Over" FILE="../../../../../../GlobalGameJam/StopThatRitual/Content/Assets/labels/Game_Over.uasset" SILENT=true
[2016.02.07-02.52.11:519][124]LogSavePackage: Save=3.949660ms
[2016.02.07-02.52.11:519][124]LogSavePackage: Moving '../../../../../../GlobalGameJam/StopThatRitual/Saved/Game_OverD9783FBD4227CFDDF889FA9EF2283F5D.tmp' to '../../../../../../GlobalGameJam/StopThatRitual/Content/Assets/labels/Game_Over.uasset'
[2016.02.07-02.52.11:520][124]LogSavePackage: Total save time: 4.874732ms
[2016.02.07-02.52.11:520][124]LogSavePackage:Display: Finished SavePackage ../../../../../../GlobalGameJam/StopThatRitual/Content/Assets/labels/Game_Over.uasset
[2016.02.07-02.52.11:528][124]Cmd: OBJ SAVEPACKAGE PACKAGE="/Game/Assets/labels/New_Game" FILE="../../../../../../GlobalGameJam/StopThatRitual/Content/Assets/labels/New_Game.uasset" SILENT=true
[2016.02.07-02.52.11:531][124]LogSavePackage: Save=2.096729ms
[2016.02.07-02.52.11:531][124]LogSavePackage: Moving '../../../../../../GlobalGameJam/StopThatRitual/Saved/New_Game17D080DB44366CD0ADACD7A993E86B45.tmp' to '../../../../../../GlobalGameJam/StopThatRitual/Content/Assets/labels/New_Game.uasset'
[2016.02.07-02.52.11:531][124]LogSavePackage: Total save time: 3.090177ms
[2016.02.07-02.52.11:531][124]LogSavePackage:Display: Finished SavePackage ../../../../../../GlobalGameJam/StopThatRitual/Content/Assets/labels/New_Game.uasset
[2016.02.07-02.52.11:539][124]Cmd: OBJ SAVEPACKAGE PACKAGE="/Game/Assets/labels/New_Game_Hover" FILE="../../../../../../GlobalGameJam/StopThatRitual/Content/Assets/labels/New_Game_Hover.uasset" SILENT=true
[2016.02.07-02.52.11:542][124]LogSavePackage: Save=2.381367ms
[2016.02.07-02.52.11:542][124]LogSavePackage: Moving '../../../../../../GlobalGameJam/StopThatRitual/Saved/New_Game_Hover163E0B354519365C6F24D28952CADD51.tmp' to '../../../../../../GlobalGameJam/StopThatRitual/Content/Assets/labels/New_Game_Hover.uasset'
[2016.02.07-02.52.11:542][124]LogSavePackage: Total save time: 3.330883ms
[2016.02.07-02.52.11:542][124]LogSavePackage:Display: Finished SavePackage ../../../../../../GlobalGameJam/StopThatRitual/Content/Assets/labels/New_Game_Hover.uasset
[2016.02.07-02.52.11:549][124]Cmd: OBJ SAVEPACKAGE PACKAGE="/Game/Assets/labels/Options" FILE="../../../../../../GlobalGameJam/StopThatRitual/Content/Assets/labels/Options.uasset" SILENT=true
[2016.02.07-02.52.11:552][124]LogSavePackage: Save=2.067028ms
[2016.02.07-02.52.11:552][124]LogSavePackage: Moving '../../../../../../GlobalGameJam/StopThatRitual/Saved/OptionsC725B8C4476C25C075342281A099C60D.tmp' to '../../../../../../GlobalGameJam/StopThatRitual/Content/Assets/labels/Options.uasset'
[2016.02.07-02.52.11:553][124]LogSavePackage: Total save time: 3.054596ms
[2016.02.07-02.52.11:553][124]LogSavePackage:Display: Finished SavePackage ../../../../../../GlobalGameJam/StopThatRitual/Content/Assets/labels/Options.uasset
[2016.02.07-02.52.11:560][124]Cmd: OBJ SAVEPACKAGE PACKAGE="/Game/Assets/labels/Options_Hover" FILE="../../../../../../GlobalGameJam/StopThatRitual/Content/Assets/labels/Options_Hover.uasset" SILENT=true
[2016.02.07-02.52.11:563][124]LogSavePackage: Save=2.274937ms
[2016.02.07-02.52.11:563][124]LogSavePackage: Moving '../../../../../../GlobalGameJam/StopThatRitual/Saved/Options_Hover45FE6736406052090244C08827B837B8.tmp' to '../../../../../../GlobalGameJam/StopThatRitual/Content/Assets/labels/Options_Hover.uasset'
[2016.02.07-02.52.11:564][124]LogSavePackage: Total save time: 3.252298ms
[2016.02.07-02.52.11:564][124]LogSavePackage:Display: Finished SavePackage ../../../../../../GlobalGameJam/StopThatRitual/Content/Assets/labels/Options_Hover.uasset
[2016.02.07-02.52.11:571][124]Cmd: OBJ SAVEPACKAGE PACKAGE="/Game/Assets/labels/title" FILE="../../../../../../GlobalGameJam/StopThatRitual/Content/Assets/labels/title.uasset" SILENT=true
[2016.02.07-02.52.11:575][124]LogSavePackage: Save=3.470416ms
[2016.02.07-02.52.11:575][124]LogSavePackage: Moving '../../../../../../GlobalGameJam/StopThatRitual/Saved/title38C3D6994A229232065AA2B2A40E673D.tmp' to '../../../../../../GlobalGameJam/StopThatRitual/Content/Assets/labels/title.uasset'
[2016.02.07-02.52.11:576][124]LogSavePackage: Total save time: 4.436020ms
[2016.02.07-02.52.11:576][124]LogSavePackage:Display: Finished SavePackage ../../../../../../GlobalGameJam/StopThatRitual/Content/Assets/labels/title.uasset
[2016.02.07-02.52.11:582][124]Cmd: OBJ SAVEPACKAGE PACKAGE="/Game/Assets/labels/Back" FILE="../../../../../../GlobalGameJam/StopThatRitual/Content/Assets/labels/Back.uasset" SILENT=true
[2016.02.07-02.52.11:585][124]LogSavePackage: Save=1.764445ms
[2016.02.07-02.52.11:585][124]LogSavePackage: Moving '../../../../../../GlobalGameJam/StopThatRitual/Saved/Back0D003B2A413A767F7990C68537F80314.tmp' to '../../../../../../GlobalGameJam/StopThatRitual/Content/Assets/labels/Back.uasset'
[2016.02.07-02.52.11:586][124]LogSavePackage: Total save time: 2.709936ms
[2016.02.07-02.52.11:586][124]LogSavePackage:Display: Finished SavePackage ../../../../../../GlobalGameJam/StopThatRitual/Content/Assets/labels/Back.uasset
[2016.02.07-02.52.11:592][124]Cmd: OBJ SAVEPACKAGE PACKAGE="/Game/Assets/labels/Back_Hover" FILE="../../../../../../GlobalGameJam/StopThatRitual/Content/Assets/labels/Back_Hover.uasset" SILENT=true
[2016.02.07-02.52.11:595][124]LogSavePackage: Save=1.956885ms
[2016.02.07-02.52.11:595][124]LogSavePackage: Moving '../../../../../../GlobalGameJam/StopThatRitual/Saved/Back_Hover26F6197A48F0039A0A9D92847A498ADB.tmp' to '../../../../../../GlobalGameJam/StopThatRitual/Content/Assets/labels/Back_Hover.uasset'
[2016.02.07-02.52.11:595][124]LogSavePackage: Total save time: 2.902377ms
[2016.02.07-02.52.11:595][124]LogSavePackage:Display: Finished SavePackage ../../../../../../GlobalGameJam/StopThatRitual/Content/Assets/labels/Back_Hover.uasset
[2016.02.07-02.52.11:602][124]Cmd: OBJ SAVEPACKAGE PACKAGE="/Game/Assets/labels/Exit" FILE="../../../../../../GlobalGameJam/StopThatRitual/Content/Assets/labels/Exit.uasset" SILENT=true
[2016.02.07-02.52.11:604][124]LogSavePackage: Save=1.555298ms
[2016.02.07-02.52.11:604][124]LogSavePackage: Moving '../../../../../../GlobalGameJam/StopThatRitual/Saved/Exit975811BE4E35511A967A1EA3C527C782.tmp' to '../../../../../../GlobalGameJam/StopThatRitual/Content/Assets/labels/Exit.uasset'
[2016.02.07-02.52.11:605][124]LogSavePackage: Total save time: 2.477895ms
[2016.02.07-02.52.11:605][124]LogSavePackage:Display: Finished SavePackage ../../../../../../GlobalGameJam/StopThatRitual/Content/Assets/labels/Exit.uasset
[2016.02.07-02.52.11:611][124]Cmd: OBJ SAVEPACKAGE PACKAGE="/Game/Assets/labels/Exit_Hover" FILE="../../../../../../GlobalGameJam/StopThatRitual/Content/Assets/labels/Exit_Hover.uasset" SILENT=true
[2016.02.07-02.52.11:614][124]LogSavePackage: Save=1.733816ms
[2016.02.07-02.52.11:614][124]LogSavePackage: Moving '../../../../../../GlobalGameJam/StopThatRitual/Saved/Exit_Hover528BB5CE4644CC29CAC940BF579BD360.tmp' to '../../../../../../GlobalGameJam/StopThatRitual/Content/Assets/labels/Exit_Hover.uasset'
[2016.02.07-02.52.11:614][124]LogSavePackage: Total save time: 2.693232ms
[2016.02.07-02.52.11:614][124]LogSavePackage:Display: Finished SavePackage ../../../../../../GlobalGameJam/StopThatRitual/Content/Assets/labels/Exit_Hover.uasset
[2016.02.07-02.52.11:622][124]Cmd: OBJ SAVEPACKAGE PACKAGE="/Game/Assets/labels/Fullscreen" FILE="../../../../../../GlobalGameJam/StopThatRitual/Content/Assets/labels/Fullscreen.uasset" SILENT=true
[2016.02.07-02.52.11:625][124]LogSavePackage: Save=2.193877ms
[2016.02.07-02.52.11:625][124]LogSavePackage: Moving '../../../../../../GlobalGameJam/StopThatRitual/Saved/Fullscreen0CA612DF4F07D6FC079AB79108ADF91C.tmp' to '../../../../../../GlobalGameJam/StopThatRitual/Content/Assets/labels/Fullscreen.uasset'
[2016.02.07-02.52.11:626][124]LogSavePackage: Total save time: 3.142156ms
[2016.02.07-02.52.11:626][124]LogSavePackage:Display: Finished SavePackage ../../../../../../GlobalGameJam/StopThatRitual/Content/Assets/labels/Fullscreen.uasset
[2016.02.07-02.52.30:098][147]LogFactory: FactoryCreateBinary: Texture with ReimportTextureFactory (0 0 C:\GlobalGameJam\Game Jam\exported\Game Over Background.png)
[2016.02.07-02.52.30:116][147]LogTexture:Display: Building textures: Game_Over_Background (AutoDXT)
[2016.02.07-02.52.32:252][247]Cmd: OBJ SAVEPACKAGE PACKAGE="/Game/Assets/Game_Over_Background" FILE="../../../../../../GlobalGameJam/StopThatRitual/Content/Assets/Game_Over_Background.uasset" SILENT=true
[2016.02.07-02.52.32:274][247]LogSavePackage: Save=22.081711ms
[2016.02.07-02.52.32:274][247]LogSavePackage: Moving '../../../../../../GlobalGameJam/StopThatRitual/Saved/Game_Over_BackgroundEDC4893545FD9C88406185AA028BBFC7.tmp' to '../../../../../../GlobalGameJam/StopThatRitual/Content/Assets/Game_Over_Background.uasset'
[2016.02.07-02.52.32:275][247]LogSavePackage: Total save time: 23.081347ms
[2016.02.07-02.52.32:275][247]LogSavePackage:Display: Finished SavePackage ../../../../../../GlobalGameJam/StopThatRitual/Content/Assets/Game_Over_Background.uasset
[2016.02.07-02.52.45:403][494]LogFactory: FactoryCreateBinary: Texture with ReimportTextureFactory (0 0 C:\GlobalGameJam\Game Jam\exported\Game Over Fangs.png)
[2016.02.07-02.52.45:421][494]LogTexture:Display: Building textures: Game_Over_Fangs (BGRA8)
[2016.02.07-02.52.47:105][535]Cmd: OBJ SAVEPACKAGE PACKAGE="/Game/Assets/Game_Over_Fangs" FILE="../../../../../../GlobalGameJam/StopThatRitual/Content/Assets/Game_Over_Fangs.uasset" SILENT=true
[2016.02.07-02.52.47:123][535]LogSavePackage: Save=17.541119ms
[2016.02.07-02.52.47:123][535]LogSavePackage: Moving '../../../../../../GlobalGameJam/StopThatRitual/Saved/Game_Over_FangsD8C3209944DF48C9531625B5896B8D77.tmp' to '../../../../../../GlobalGameJam/StopThatRitual/Content/Assets/Game_Over_Fangs.uasset'
[2016.02.07-02.52.47:124][535]LogSavePackage: Total save time: 18.585615ms
[2016.02.07-02.52.47:124][535]LogSavePackage:Display: Finished SavePackage ../../../../../../GlobalGameJam/StopThatRitual/Content/Assets/Game_Over_Fangs.uasset
[2016.02.07-02.53.02:880][667]LogFactory: FactoryCreateBinary: Texture with ReimportTextureFactory (0 0 C:\GlobalGameJam\Game Jam\Assets\Captive_Girl_Idle.tga)
[2016.02.07-02.53.02:911][667]LogTexture:Display: Building textures: Captive_Girl_Idle (AutoDXT)
[2016.02.07-02.53.02:931][667]LogFactory: FactoryCreateBinary: Texture with ReimportTextureFactory (0 0 C:\GlobalGameJam\Game Jam\Assets\Player_Attack.tga)
[2016.02.07-02.53.02:964][667]LogTexture:Display: Building textures: Player_Attack (AutoDXT)
[2016.02.07-02.53.02:991][667]LogFactory: FactoryCreateBinary: Texture with ReimportTextureFactory (0 0 C:\GlobalGameJam\Game Jam\Assets\Player_Defend.tga)
[2016.02.07-02.53.03:013][667]LogTexture:Display: Building textures: Player_Defend (AutoDXT)
[2016.02.07-02.53.03:030][667]LogFactory: FactoryCreateBinary: Texture with ReimportTextureFactory (0 0 C:\GlobalGameJam\Game Jam\Assets\Player_Idle.tga)
[2016.02.07-02.53.03:067][667]LogTexture:Display: Building textures: Player_Idle (AutoDXT)
[2016.02.07-02.53.03:096][667]LogFactory: FactoryCreateBinary: Texture with ReimportTextureFactory (0 0 C:\GlobalGameJam\Game Jam\Assets\Barbarian_Attack.tga)
[2016.02.07-02.53.03:128][667]LogTexture:Display: Building textures: Barbarian_Attack (AutoDXT)
[2016.02.07-02.53.03:159][667]LogFactory: FactoryCreateBinary: Texture with ReimportTextureFactory (0 0 C:\GlobalGameJam\Game Jam\Assets\Barbarian_Block.tga)
[2016.02.07-02.53.03:185][667]LogTexture:Display: Building textures: Barbarian_Block (AutoDXT)
[2016.02.07-02.53.03:212][667]LogFactory: FactoryCreateBinary: Texture with ReimportTextureFactory (0 0 C:\GlobalGameJam\Game Jam\Assets\Barbarian_Idle.tga)
[2016.02.07-02.53.03:232][667]LogTexture:Display: Building textures: Barbarian_Idle (AutoDXT)
[2016.02.07-02.53.09:571][183]Cmd: OBJ SAVEPACKAGE PACKAGE="/Game/Assets/Captive_Girl_Idle" FILE="../../../../../../GlobalGameJam/StopThatRitual/Content/Assets/Captive_Girl_Idle.uasset" SILENT=true
[2016.02.07-02.53.09:574][183]LogSavePackage: Save=2.312683ms
[2016.02.07-02.53.09:574][183]LogSavePackage: Moving '../../../../../../GlobalGameJam/StopThatRitual/Saved/Captive_Girl_Idle7354EE03423ECFDF2AA803939FD99BBB.tmp' to '../../../../../../GlobalGameJam/StopThatRitual/Content/Assets/Captive_Girl_Idle.uasset'
[2016.02.07-02.53.09:575][183]LogSavePackage: Total save time: 3.248893ms
[2016.02.07-02.53.09:575][183]LogSavePackage:Display: Finished SavePackage ../../../../../../GlobalGameJam/StopThatRitual/Content/Assets/Captive_Girl_Idle.uasset
[2016.02.07-02.53.09:582][183]Cmd: OBJ SAVEPACKAGE PACKAGE="/Game/Assets/Player_Attack" FILE="../../../../../../GlobalGameJam/StopThatRitual/Content/Assets/Player_Attack.uasset" SILENT=true
[2016.02.07-02.53.09:586][183]LogSavePackage: Save=2.809252ms
[2016.02.07-02.53.09:586][183]LogSavePackage: Moving '../../../../../../GlobalGameJam/StopThatRitual/Saved/Player_Attack077B79204C403B19CAF788AF2007AAFF.tmp' to '../../../../../../GlobalGameJam/StopThatRitual/Content/Assets/Player_Attack.uasset'
[2016.02.07-02.53.09:587][183]LogSavePackage: Total save time: 3.789395ms
[2016.02.07-02.53.09:587][183]LogSavePackage:Display: Finished SavePackage ../../../../../../GlobalGameJam/StopThatRitual/Content/Assets/Player_Attack.uasset
[2016.02.07-02.53.09:594][183]Cmd: OBJ SAVEPACKAGE PACKAGE="/Game/Assets/Player_Defend" FILE="../../../../../../GlobalGameJam/StopThatRitual/Content/Assets/Player_Defend.uasset" SILENT=true
[2016.02.07-02.53.09:596][183]LogSavePackage: Save=2.196043ms
[2016.02.07-02.53.09:596][183]LogSavePackage: Moving '../../../../../../GlobalGameJam/StopThatRitual/Saved/Player_Defend87B04DF74AA513641B03FCBDE0AD0886.tmp' to '../../../../../../GlobalGameJam/StopThatRitual/Content/Assets/Player_Defend.uasset'
[2016.02.07-02.53.09:597][183]LogSavePackage: Total save time: 3.187016ms
[2016.02.07-02.53.09:597][183]LogSavePackage:Display: Finished SavePackage ../../../../../../GlobalGameJam/StopThatRitual/Content/Assets/Player_Defend.uasset
[2016.02.07-02.53.09:604][183]Cmd: OBJ SAVEPACKAGE PACKAGE="/Game/Assets/Player_Idle" FILE="../../../../../../GlobalGameJam/StopThatRitual/Content/Assets/Player_Idle.uasset" SILENT=true
[2016.02.07-02.53.09:607][183]LogSavePackage: Save=2.948168ms
[2016.02.07-02.53.09:607][183]LogSavePackage: Moving '../../../../../../GlobalGameJam/StopThatRitual/Saved/Player_Idle7BB48FE34D1CE66D3D1B18BBAADF6986.tmp' to '../../../../../../GlobalGameJam/StopThatRitual/Content/Assets/Player_Idle.uasset'
[2016.02.07-02.53.09:608][183]LogSavePackage: Total save time: 3.960487ms
[2016.02.07-02.53.09:608][183]LogSavePackage:Display: Finished SavePackage ../../../../../../GlobalGameJam/StopThatRitual/Content/Assets/Player_Idle.uasset
[2016.02.07-02.53.09:615][183]Cmd: OBJ SAVEPACKAGE PACKAGE="/Game/Assets/Barbarian_Attack" FILE="../../../../../../GlobalGameJam/StopThatRitual/Content/Assets/Barbarian_Attack.uasset" SILENT=true
[2016.02.07-02.53.09:619][183]LogSavePackage: Save=3.337070ms
[2016.02.07-02.53.09:619][183]LogSavePackage: Moving '../../../../../../GlobalGameJam/StopThatRitual/Saved/Barbarian_Attack435EE2CD43423F5AC66BCDB592CE1B2D.tmp' to '../../../../../../GlobalGameJam/StopThatRitual/Content/Assets/Barbarian_Attack.uasset'
[2016.02.07-02.53.09:620][183]LogSavePackage: Total save time: 4.316598ms
[2016.02.07-02.53.09:620][183]LogSavePackage:Display: Finished SavePackage ../../../../../../GlobalGameJam/StopThatRitual/Content/Assets/Barbarian_Attack.uasset
[2016.02.07-02.53.09:627][183]Cmd: OBJ SAVEPACKAGE PACKAGE="/Game/Assets/Barbarian_Block" FILE="../../../../../../GlobalGameJam/StopThatRitual/Content/Assets/Barbarian_Block.uasset" SILENT=true
[2016.02.07-02.53.09:630][183]LogSavePackage: Save=3.139061ms
[2016.02.07-02.53.09:630][183]LogSavePackage: Moving '../../../../../../GlobalGameJam/StopThatRitual/Saved/Barbarian_Block72DB57B2454391FDC9DD60B8ADE877C1.tmp' to '../../../../../../GlobalGameJam/StopThatRitual/Content/Assets/Barbarian_Block.uasset'
[2016.02.07-02.53.09:631][183]LogSavePackage: Total save time: 4.248839ms
[2016.02.07-02.53.09:631][183]LogSavePackage:Display: Finished SavePackage ../../../../../../GlobalGameJam/StopThatRitual/Content/Assets/Barbarian_Block.uasset
[2016.02.07-02.53.09:638][183]Cmd: OBJ SAVEPACKAGE PACKAGE="/Game/Assets/Barbarian_Idle" FILE="../../../../../../GlobalGameJam/StopThatRitual/Content/Assets/Barbarian_Idle.uasset" SILENT=true
[2016.02.07-02.53.09:642][183]LogSavePackage: Save=2.747374ms
[2016.02.07-02.53.09:642][183]LogSavePackage: Moving '../../../../../../GlobalGameJam/StopThatRitual/Saved/Barbarian_IdleA7826A1240DCB1B6939D7E820875169C.tmp' to '../../../../../../GlobalGameJam/StopThatRitual/Content/Assets/Barbarian_Idle.uasset'
[2016.02.07-02.53.09:642][183]LogSavePackage: Total save time: 3.679562ms
[2016.02.07-02.53.09:642][183]LogSavePackage:Display: Finished SavePackage ../../../../../../GlobalGameJam/StopThatRitual/Content/Assets/Barbarian_Idle.uasset
[2016.02.07-02.54.53:585][577]LogEditorViewport: Clicking on Actor (LMB): PaperSpriteActor (CliffBackground_Sprite)
[2016.02.07-02.54.54:624][688]LogEditorViewport: Clicking Background
[2016.02.07-02.55.29:659][133]Cmd: OBJ SAVEPACKAGE PACKAGE="/Game/Blueprints/MainMenuWidget" FILE="../../../../../../GlobalGameJam/StopThatRitual/Content/Blueprints/MainMenuWidget.uasset" SILENT=true
[2016.02.07-02.55.29:665][133]LogSavePackage: Save=5.166487ms
[2016.02.07-02.55.29:665][133]LogSavePackage: Moving '../../../../../../GlobalGameJam/StopThatRitual/Saved/MainMenuWidget8F2EC185403FAF0775A53AB5A8634777.tmp' to '../../../../../../GlobalGameJam/StopThatRitual/Content/Blueprints/MainMenuWidget.uasset'
[2016.02.07-02.55.29:665][133]LogSavePackage: Total save time: 6.180972ms
[2016.02.07-02.55.29:666][133]LogSavePackage:Display: Finished SavePackage ../../../../../../GlobalGameJam/StopThatRitual/Content/Blueprints/MainMenuWidget.uasset
[2016.02.07-02.56.57:386][510]LogSlate:Warning: Prevented a slow task dialog from being summoned while a context menu was open
[2016.02.07-03.00.41:136][474]LogFileHelpers: Editor autosave (incl. sublevels) for '/Game/Levels/Scene01_MainMenu' took 0.023
[2016.02.07-03.00.41:140][474]OBJ SavePackage: Generating thumbnails for [0] asset(s) in package [/Game/Blueprints/MainMenuWidget] ([1] browsable assets)...
[2016.02.07-03.00.41:140][474]OBJ SavePackage: Finished generating thumbnails for package [/Game/Blueprints/MainMenuWidget]
[2016.02.07-03.00.41:148][474]LogSavePackage: Save=4.864523ms
[2016.02.07-03.00.41:148][474]LogSavePackage: Moving '../../../../../../GlobalGameJam/StopThatRitual/Saved/MainMenuWidget_Auto2F3A2C0934D767575BA0BA8AD6FA9F463.tmp' to '../../../../../../GlobalGameJam/StopThatRitual/Saved/Autosaves/Game/Blueprints/MainMenuWidget_Auto2.uasset'
[2016.02.07-03.00.41:148][474]LogSavePackage: Total save time: 7.274974ms
[2016.02.07-03.00.41:148][474]LogSavePackage:Display: Finished SavePackage ../../../../../../GlobalGameJam/StopThatRitual/Saved/Autosaves/Game/Blueprints/MainMenuWidget_Auto2.uasset
[2016.02.07-03.00.41:148][474]LogFileHelpers: Auto-saving content packages took 0.012
[2016.02.07-03.13.30:797][205]Cmd: OBJ SAVEPACKAGE PACKAGE="/Game/Blueprints/MainMenuWidget" FILE="../../../../../../GlobalGameJam/StopThatRitual/Content/Blueprints/MainMenuWidget.uasset" SILENT=true
[2016.02.07-03.13.30:804][205]LogSavePackage: Save=4.977141ms
[2016.02.07-03.13.30:804][205]LogSavePackage: Moving '../../../../../../GlobalGameJam/StopThatRitual/Saved/MainMenuWidgetD2DE94D243D045734EED06B7E9FB7353.tmp' to '../../../../../../GlobalGameJam/StopThatRitual/Content/Blueprints/MainMenuWidget.uasset'
[2016.02.07-03.13.30:805][205]LogSavePackage: Total save time: 7.188655ms
[2016.02.07-03.13.30:805][205]LogSavePackage:Display: Finished SavePackage ../../../../../../GlobalGameJam/StopThatRitual/Content/Blueprints/MainMenuWidget.uasset
[2016.02.07-03.13.31:118][206]Cmd: QUIT_EDITOR
[2016.02.07-03.13.31:276][206]LogExit: Preparing to exit.
[2016.02.07-03.13.31:666][206]LogExit: Editor shut down
[2016.02.07-03.13.31:667][206]LogExit: Transaction tracking system shut down
[2016.02.07-03.13.31:668][206]LogParticles: Destroying 0 GPU particle simulations for FXSystem 0x0000000011C5E160
[2016.02.07-03.13.31:668][206]LogParticles: Destroying 0 GPU particle simulations for FXSystem 0x00000000112844A0
[2016.02.07-03.13.31:668][206]LogParticles: Destroying 0 GPU particle simulations for FXSystem 0x0000000011284C20
[2016.02.07-03.13.31:687][206]LogParticles: Destroying 0 GPU particle simulations for FXSystem 0x0000000038DB44A0
[2016.02.07-03.13.31:690][206]LogParticles: Destroying 0 GPU particle simulations for FXSystem 0x0000000038DB6020
[2016.02.07-03.13.31:690][206]LogParticles: Destroying 0 GPU particle simulations for FXSystem 0x0000000042FE3420
[2016.02.07-03.13.31:893][206]LogExit: Object subsystem successfully closed.
[2016.02.07-03.13.31:907][206]LogD3D11RHI: Shutdown
[2016.02.07-03.13.31:907][206]LogD3D11RHI: CleanupD3DDevice
[2016.02.07-03.13.31:949][206]LogD3D11RHI: ~FD3D11DynamicRHI
[2016.02.07-03.13.32:247][206]LogModuleManager: Shutting down and abandoning module ExternalImagePicker (203)
[2016.02.07-03.13.32:247][206]LogModuleManager: Shutting down and abandoning module SequencerWidgets (202)
[2016.02.07-03.13.32:247][206]LogModuleManager: Shutting down and abandoning module TextureEditor (201)
[2016.02.07-03.13.32:247][206]LogModuleManager: Shutting down and abandoning module CookingStats (200)
[2016.02.07-03.13.32:247][206]LogModuleManager: Shutting down and abandoning module BlueprintGraph (199)
[2016.02.07-03.13.32:247][206]LogModuleManager: Shutting down and abandoning module CrashTracker (198)
[2016.02.07-03.13.32:247][206]LogModuleManager: Shutting down and abandoning module SceneOutliner (197)
[2016.02.07-03.13.32:247][206]LogModuleManager: Shutting down and abandoning module SuperSearch (196)
[2016.02.07-03.13.32:247][206]LogModuleManager: Shutting down and abandoning module WidgetCarousel (195)
[2016.02.07-03.13.32:247][206]LogModuleManager: Shutting down and abandoning module AddContentDialog (194)
[2016.02.07-03.13.32:248][206]LogModuleManager: Shutting down and abandoning module EditorWidgets (193)
[2016.02.07-03.13.32:248][206]LogModuleManager: Shutting down and abandoning module CollectionManager (192)
[2016.02.07-03.13.32:249][206]LogModuleManager: Shutting down and abandoning module StatsViewer (191)
[2016.02.07-03.13.32:249][206]LogModuleManager: Shutting down and abandoning module FoliageEdit (190)
[2016.02.07-03.13.32:249][206]LogModuleManager: Shutting down and abandoning module LandscapeEditor (189)
[2016.02.07-03.13.32:249][206]LogModuleManager: Shutting down and abandoning module ActorPickerMode (188)
[2016.02.07-03.13.32:249][206]LogModuleManager: Shutting down and abandoning module GeometryMode (187)
[2016.02.07-03.13.32:250][206]LogModuleManager: Shutting down and abandoning module TextureAlignMode (186)
[2016.02.07-03.13.32:250][206]LogModuleManager: Shutting down and abandoning module BspMode (185)
[2016.02.07-03.13.32:250][206]LogModuleManager: Shutting down and abandoning module PlacementMode (184)
[2016.02.07-03.13.32:250][206]LogModuleManager: Shutting down and abandoning module AutomationWorker (183)
[2016.02.07-03.13.32:250][206]LogModuleManager: Shutting down and abandoning module CharacterAI (182)
[2016.02.07-03.13.32:250][206]LogModuleManager: Shutting down and abandoning module SmartSnapping (181)
[2016.02.07-03.13.32:250][206]LogModuleManager: Shutting down and abandoning module ViewportSnapping (180)
[2016.02.07-03.13.32:250][206]LogModuleManager: Shutting down and abandoning module LogVisualizer (179)
[2016.02.07-03.13.32:250][206]LogModuleManager: Shutting down and abandoning module GameProjectGeneration (178)
[2016.02.07-03.13.32:271][206]LogModuleManager: Shutting down and abandoning module IntroTutorials (177)
[2016.02.07-03.13.32:271][206]LogModuleManager: Shutting down and abandoning module EditorLiveStreaming (176)
[2016.02.07-03.13.32:271][206]LogModuleManager: Shutting down and abandoning module IOSPlatformEditor (175)
[2016.02.07-03.13.32:271][206]LogModuleManager: Shutting down and abandoning module HTML5PlatformEditor (174)
[2016.02.07-03.13.32:271][206]LogModuleManager: Shutting down and abandoning module AndroidDeviceDetection (173)
[2016.02.07-03.13.33:182][206]LogModuleManager: Shutting down and abandoning module AndroidPlatformEditor (172)
[2016.02.07-03.13.33:182][206]LogModuleManager: Shutting down and abandoning module IOSRuntimeSettings (171)
[2016.02.07-03.13.33:182][206]LogModuleManager: Shutting down and abandoning module AndroidRuntimeSettings (170)
[2016.02.07-03.13.33:182][206]LogModuleManager: Shutting down and abandoning module MergeActors (169)
[2016.02.07-03.13.33:182][206]LogModuleManager: Shutting down and abandoning module SizeMap (168)
[2016.02.07-03.13.33:182][206]LogModuleManager: Shutting down and abandoning module TreeMap (167)
[2016.02.07-03.13.33:182][206]LogModuleManager: Shutting down and abandoning module ReferenceViewer (166)
[2016.02.07-03.13.33:182][206]LogModuleManager: Shutting down and abandoning module LocalizationService (165)
[2016.02.07-03.13.33:182][206]LogModuleManager: Shutting down and abandoning module LocalizationDashboard (164)
[2016.02.07-03.13.33:198][206]LogModuleManager: Shutting down and abandoning module HardwareTargeting (163)
[2016.02.07-03.13.33:198][206]LogModuleManager: Shutting down and abandoning module DeviceProfileEditor (162)
[2016.02.07-03.13.33:198][206]LogModuleManager: Shutting down and abandoning module UndoHistory (161)
[2016.02.07-03.13.33:198][206]LogModuleManager: Shutting down and abandoning module GameplayTagsEditor (160)
[2016.02.07-03.13.33:198][206]LogModuleManager: Shutting down and abandoning module UserFeedback (159)
[2016.02.07-03.13.33:198][206]LogModuleManager: Shutting down and abandoning module XmlParser (158)
[2016.02.07-03.13.33:198][206]LogModuleManager: Shutting down and abandoning module Blutility (157)
[2016.02.07-03.13.33:198][206]LogModuleManager: Shutting down and abandoning module ProjectTargetPlatformEditor (156)
[2016.02.07-03.13.33:198][206]LogModuleManager: Shutting down and abandoning module ProjectSettingsViewer (155)
[2016.02.07-03.13.33:198][206]LogModuleManager: Shutting down and abandoning module InputBindingEditor (154)
[2016.02.07-03.13.33:213][206]LogModuleManager: Shutting down and abandoning module EditorSettingsViewer (153)
[2016.02.07-03.13.33:213][206]LogModuleManager: Shutting down and abandoning module SettingsEditor (152)
[2016.02.07-03.13.33:213][206]LogModuleManager: Shutting down and abandoning module ProjectLauncher (151)
[2016.02.07-03.13.33:222][206]LogModuleManager: Shutting down and abandoning module SessionFrontend (150)
[2016.02.07-03.13.33:222][206]LogModuleManager: Shutting down and abandoning module ProfilerClient (149)
[2016.02.07-03.13.33:253][206]LogModuleManager: Shutting down and abandoning module TargetDeviceServices (148)
[2016.02.07-03.13.33:253][206]LogModuleManager: Shutting down and abandoning module DeviceManager (147)
[2016.02.07-03.13.33:253][206]LogModuleManager: Shutting down and abandoning module AutomationController (146)
[2016.02.07-03.13.33:253][206]LogModuleManager: Shutting down and abandoning module AutomationWindow (145)
[2016.02.07-03.13.33:268][206]LogModuleManager: Shutting down and abandoning module Layers (144)
[2016.02.07-03.13.33:284][206]LogModuleManager: Shutting down and abandoning module ComponentVisualizers (143)
[2016.02.07-03.13.33:284][206]LogModuleManager: Shutting down and abandoning module DetailCustomizations (142)
[2016.02.07-03.13.33:284][206]LogModuleManager: Shutting down and abandoning module PackagesDialog (141)
[2016.02.07-03.13.33:284][206]LogModuleManager: Shutting down and abandoning module Persona (140)
[2016.02.07-03.13.33:312][206]LogModuleManager: Shutting down and abandoning module Kismet (139)
[2016.02.07-03.13.33:312][206]LogModuleManager: Shutting down and abandoning module GraphEditor (138)
[2016.02.07-03.13.33:322][206]LogModuleManager: Shutting down and abandoning module ClassViewer (137)
[2016.02.07-03.13.33:324][206]LogModuleManager: Shutting down and abandoning module Toolbox (136)
[2016.02.07-03.13.33:324][206]LogModuleManager: Shutting down and abandoning module ModuleUI (135)
[2016.02.07-03.13.33:355][206]LogModuleManager: Shutting down and abandoning module MovieSceneTools (134)
[2016.02.07-03.13.33:355][206]LogModuleManager: Shutting down and abandoning module OutputLog (133)
[2016.02.07-03.13.33:355][206]LogModuleManager: Shutting down and abandoning module GammaUI (132)
[2016.02.07-03.13.33:371][206]LogModuleManager: Shutting down and abandoning module Documentation (131)
[2016.02.07-03.13.33:371][206]LogModuleManager: Shutting down and abandoning module GameLiveStreaming (130)
[2016.02.07-03.13.33:371][206]LogModuleManager: Shutting down and abandoning module StreamingPauseRendering (129)
[2016.02.07-03.13.33:371][206]LogModuleManager: Shutting down and abandoning module AnalyticsET (128)
[2016.02.07-03.13.33:371][206]LogModuleManager: Shutting down and abandoning module Analytics (127)
[2016.02.07-03.13.33:371][206]LogModuleManager: Shutting down and abandoning module AITestSuite (126)
[2016.02.07-03.13.33:371][206]LogModuleManager: Shutting down and abandoning module GameplayDebugger (125)
[2016.02.07-03.13.33:371][206]LogModuleManager: Shutting down and abandoning module AIModule (124)
[2016.02.07-03.13.33:371][206]LogModuleManager: Shutting down and abandoning module ProfilerService (123)
[2016.02.07-03.13.33:473][206]LogModuleManager: Shutting down and abandoning module TaskGraph (122)
[2016.02.07-03.13.33:473][206]LogModuleManager: Shutting down and abandoning module SlateRemote (121)
[2016.02.07-03.13.33:473][206]LogModuleManager: Shutting down and abandoning module SteamVRController (120)
[2016.02.07-03.13.33:473][206]LogModuleManager: Shutting down and abandoning module SteamVR (119)
[2016.02.07-03.13.33:473][206]LogModuleManager: Shutting down and abandoning module ProceduralMeshComponent (118)
[2016.02.07-03.13.33:473][206]LogModuleManager: Shutting down and abandoning module OculusLibrary (117)
[2016.02.07-03.13.33:473][206]LogModuleManager: Shutting down and abandoning module OculusInput (116)
[2016.02.07-03.13.33:473][206]LogModuleManager: Shutting down and abandoning module LeapMotionController (115)
[2016.02.07-03.13.33:476][206]LogModuleManager: Shutting down and abandoning module CustomMeshComponent (114)
[2016.02.07-03.13.33:476][206]LogModuleManager: Shutting down and abandoning module CableComponent (113)
[2016.02.07-03.13.33:476][206]LogModuleManager: Shutting down and abandoning module ArchVisCharacter (112)
[2016.02.07-03.13.33:476][206]LogModuleManager: Shutting down and abandoning module MessagingDebugger (111)
[2016.02.07-03.13.33:497][206]LogModuleManager: Shutting down and abandoning module MediaPlayerEditor (110)
[2016.02.07-03.13.33:501][206]LogModuleManager: Shutting down and abandoning module HTML5Networking (109)
[2016.02.07-03.13.33:501][206]LogModuleManager: Shutting down and abandoning module SpeedTreeImporter (108)
[2016.02.07-03.13.33:501][206]LogModuleManager: Shutting down and abandoning module PluginBrowser (107)
[2016.02.07-03.13.33:509][206]LogModuleManager: Shutting down and abandoning module EpicSurvey (106)
[2016.02.07-03.13.33:509][206]LogModuleManager: Shutting down and abandoning module DesktopPlatform (105)
[2016.02.07-03.13.33:509][206]LogModuleManager: Shutting down and abandoning module VisualStudioSourceCodeAccess (104)
[2016.02.07-03.13.33:509][206]LogModuleManager: Shutting down and abandoning module UObjectPlugin (103)
[2016.02.07-03.13.33:509][206]LogModuleManager: Shutting down and abandoning module SubversionSourceControl (102)
[2016.02.07-03.13.33:509][206]LogModuleManager: Shutting down and abandoning module PerforceSourceControl (101)
[2016.02.07-03.13.33:509][206]LogModuleManager: Shutting down and abandoning module SourceControl (100)
[2016.02.07-03.13.33:509][206]LogModuleManager: Shutting down and abandoning module GitSourceControl (99)
[2016.02.07-03.13.33:509][206]LogModuleManager: Shutting down and abandoning module LightPropagationVolumeEditor (98)
[2016.02.07-03.13.33:509][206]LogModuleManager: Shutting down and abandoning module PaperTiledImporter (97)
[2016.02.07-03.13.33:509][206]LogModuleManager: Shutting down and abandoning module PaperSpriteSheetImporter (96)
[2016.02.07-03.13.33:509][206]LogModuleManager: Shutting down and abandoning module MeshPaint (95)
[2016.02.07-03.13.33:509][206]LogModuleManager: Shutting down and abandoning module SlateReflector (94)
[2016.02.07-03.13.33:520][206]LogModuleManager: Shutting down and abandoning module HotReload (93)
[2016.02.07-03.13.33:520][206]LogModuleManager: Shutting down and abandoning module MainFrame (92)
[2016.02.07-03.13.33:520][206]LogModuleManager: Shutting down and abandoning module LevelEditor (91)
[2016.02.07-03.13.33:521][206]LogModuleManager: Shutting down and abandoning module DirectoryWatcher (90)
[2016.02.07-03.13.33:521][206]LogModuleManager: Shutting down and abandoning module AssetRegistry (89)
[2016.02.07-03.13.33:583][206]LogModuleManager: Shutting down and abandoning module ContentBrowser (88)
[2016.02.07-03.13.33:584][206]LogModuleManager: Shutting down and abandoning module Paper2DEditor (87)
[2016.02.07-03.13.33:584][206]LogModuleManager: Shutting down and abandoning module UdpMessaging (86)
[2016.02.07-03.13.33:684][206]LogModuleManager: Shutting down and abandoning module LightPropagationVolumeRuntime (85)
[2016.02.07-03.13.33:684][206]LogModuleManager: Shutting down and abandoning module Paper2D (84)
[2016.02.07-03.13.33:684][206]LogModuleManager: Shutting down and abandoning module WindowsMoviePlayer (83)
[2016.02.07-03.13.33:686][206]LogModuleManager: Shutting down and abandoning module Media (82)
[2016.02.07-03.13.33:686][206]LogModuleManager: Shutting down and abandoning module WmfMedia (81)
[2016.02.07-03.13.33:687][206]LogModuleManager: Shutting down and abandoning module OnlineBlueprintSupport (80)
[2016.02.07-03.13.33:687][206]LogModuleManager: Shutting down and abandoning module GameplayTasksEditor (79)
[2016.02.07-03.13.33:687][206]LogModuleManager: Shutting down and abandoning module PropertyEditor (78)
[2016.02.07-03.13.33:702][206]LogModuleManager: Shutting down and abandoning module BehaviorTreeEditor (77)
[2016.02.07-03.13.33:702][206]LogModuleManager: Shutting down and abandoning module FunctionalTesting (76)
[2016.02.07-03.13.33:702][206]LogModuleManager: Shutting down and abandoning module CollisionAnalyzer (75)
[2016.02.07-03.13.33:702][206]LogModuleManager: Shutting down and abandoning module WorkspaceMenuStructure (74)
[2016.02.07-03.13.33:702][206]LogModuleManager: Shutting down and abandoning module MessageLog (73)
[2016.02.07-03.13.33:702][206]LogModuleManager: Shutting down and abandoning module Sequencer (72)
[2016.02.07-03.13.33:702][206]LogModuleManager: Shutting down and abandoning module AssetTools (71)
[2016.02.07-03.13.33:702][206]LogModuleManager: Shutting down and abandoning module UMGEditor (70)
[2016.02.07-03.13.33:702][206]LogModuleManager: Shutting down and abandoning module UMG (69)
[2016.02.07-03.13.33:702][206]LogModuleManager: Shutting down and abandoning module Slate (68)
[2016.02.07-03.13.33:702][206]LogModuleManager: Shutting down and abandoning module EditorStyle (67)
[2016.02.07-03.13.33:704][206]LogModuleManager: Shutting down and abandoning module SessionServices (66)
[2016.02.07-03.13.33:704][206]LogModuleManager: Shutting down and abandoning module SourceCodeAccess (65)
[2016.02.07-03.13.33:704][206]LogModuleManager: Shutting down and abandoning module HeadMountedDisplay (64)
[2016.02.07-03.13.33:704][206]LogModuleManager: Shutting down and abandoning module XAudio2 (63)
[2016.02.07-03.13.33:704][206]LogModuleManager: Shutting down and abandoning module Networking (61)
[2016.02.07-03.13.33:704][206]LogModuleManager: Shutting down and abandoning module Core (60)
[2016.02.07-03.13.33:704][206]LogModuleManager: Shutting down and abandoning module KismetCompiler (59)
[2016.02.07-03.13.33:704][206]LogModuleManager: Shutting down and abandoning module PhysXFormats (58)
[2016.02.07-03.13.33:704][206]LogModuleManager: Shutting down and abandoning module MeshUtilities (57)
[2016.02.07-03.13.33:704][206]LogModuleManager: Shutting down and abandoning module DerivedDataCache (56)
[2016.02.07-03.13.33:773][206]LogDerivedDataCache: Shutdown
[2016.02.07-03.13.33:773][206]LogModuleManager: Shutting down and abandoning module ShaderFormatOpenGL (55)
[2016.02.07-03.13.33:773][206]LogModuleManager: Shutting down and abandoning module ShaderFormatD3D (54)
[2016.02.07-03.13.33:773][206]LogModuleManager: Shutting down and abandoning module MetalShaderFormat (53)
[2016.02.07-03.13.33:773][206]LogModuleManager: Shutting down and abandoning module TextureFormatUncompressed (52)
[2016.02.07-03.13.33:773][206]LogModuleManager: Shutting down and abandoning module TextureFormatPVR (51)
[2016.02.07-03.13.33:773][206]LogModuleManager: Shutting down and abandoning module TextureFormatIntelISPCTexComp (50)
[2016.02.07-03.13.33:773][206]LogModuleManager: Shutting down and abandoning module TextureFormatDXT (49)
[2016.02.07-03.13.33:773][206]LogModuleManager: Shutting down and abandoning module ImageWrapper (48)
[2016.02.07-03.13.33:773][206]LogModuleManager: Shutting down and abandoning module TextureFormatASTC (47)
[2016.02.07-03.13.33:773][206]LogModuleManager: Shutting down and abandoning module TextureFormatAndroid (46)
[2016.02.07-03.13.33:773][206]LogModuleManager: Shutting down and abandoning module AudioFormatOpus (45)
[2016.02.07-03.13.33:773][206]LogModuleManager: Shutting down and abandoning module AudioFormatOgg (44)
[2016.02.07-03.13.33:773][206]LogModuleManager: Shutting down and abandoning module AudioFormatADPCM (43)
[2016.02.07-03.13.33:773][206]LogModuleManager: Shutting down and abandoning module LinuxTargetPlatform (42)
[2016.02.07-03.13.33:773][206]LogModuleManager: Shutting down and abandoning module LinuxServerTargetPlatform (41)
[2016.02.07-03.13.33:773][206]LogModuleManager: Shutting down and abandoning module LinuxNoEditorTargetPlatform (40)
[2016.02.07-03.13.33:773][206]LogModuleManager: Shutting down and abandoning module Messaging (39)
[2016.02.07-03.13.33:773][206]LogModuleManager: Shutting down and abandoning module IOSTargetPlatform (38)
[2016.02.07-03.13.33:773][206]LogModuleManager: Shutting down and abandoning module HTML5TargetPlatform (37)
[2016.02.07-03.13.33:773][206]LogModuleManager: Shutting down and abandoning module Android_PVRTCTargetPlatform (36)
[2016.02.07-03.13.33:773][206]LogModuleManager: Shutting down and abandoning module Android_MultiTargetPlatform (35)
[2016.02.07-03.13.33:773][206]LogModuleManager: Shutting down and abandoning module Android_ETC2TargetPlatform (34)
[2016.02.07-03.13.33:773][206]LogModuleManager: Shutting down and abandoning module Android_ETC1TargetPlatform (33)
[2016.02.07-03.13.33:773][206]LogModuleManager: Shutting down and abandoning module Android_DXTTargetPlatform (32)
[2016.02.07-03.13.33:773][206]LogModuleManager: Shutting down and abandoning module Android_ATCTargetPlatform (31)
[2016.02.07-03.13.33:773][206]LogModuleManager: Shutting down and abandoning module Android_ASTCTargetPlatform (30)
[2016.02.07-03.13.33:773][206]LogModuleManager: Shutting down and abandoning module AndroidTargetPlatform (29)
[2016.02.07-03.13.33:773][206]LogModuleManager: Shutting down and abandoning module WindowsTargetPlatform (28)
[2016.02.07-03.13.33:773][206]LogModuleManager: Shutting down and abandoning module WindowsServerTargetPlatform (27)
[2016.02.07-03.13.33:773][206]LogModuleManager: Shutting down and abandoning module WindowsNoEditorTargetPlatform (26)
[2016.02.07-03.13.33:773][206]LogModuleManager: Shutting down and abandoning module WindowsClientTargetPlatform (25)
[2016.02.07-03.13.33:773][206]LogModuleManager: Shutting down and abandoning module AllDesktopTargetPlatform (24)
[2016.02.07-03.13.33:773][206]LogModuleManager: Shutting down and abandoning module TargetPlatform (23)
[2016.02.07-03.13.33:773][206]LogModuleManager: Shutting down and abandoning module InputCore (22)
[2016.02.07-03.13.33:773][206]LogModuleManager: Shutting down and abandoning module Settings (21)
[2016.02.07-03.13.33:773][206]LogModuleManager: Shutting down and abandoning module OnlineSubsystem (19)
[2016.02.07-03.13.33:774][206]LogModuleManager: Shutting down and abandoning module HTTP (18)
[2016.02.07-03.13.34:774][206]LogModuleManager: Shutting down and abandoning module XMPP (17)
[2016.02.07-03.13.34:774][206]LogModuleManager: Shutting down and abandoning module OculusRift (16)
[2016.02.07-03.13.34:774][206]LogModuleManager: Shutting down and abandoning module ExampleDeviceProfileSelector (15)
[2016.02.07-03.13.34:774][206]LogModuleManager: Shutting down and abandoning module TextureCompressor (14)
[2016.02.07-03.13.34:774][206]LogModuleManager: Shutting down and abandoning module ShaderCore (13)
[2016.02.07-03.13.34:774][206]LogModuleManager: Shutting down and abandoning module Landscape (12)
[2016.02.07-03.13.34:774][206]LogModuleManager: Shutting down and abandoning module SlateRHIRenderer (11)
[2016.02.07-03.13.34:776][206]LogModuleManager: Shutting down and abandoning module OpenGLDrv (10)
[2016.02.07-03.13.34:776][206]LogModuleManager: Shutting down and abandoning module D3D11RHI (9)
[2016.02.07-03.13.34:776][206]LogModuleManager: Shutting down and abandoning module AnimGraphRuntime (8)
[2016.02.07-03.13.34:776][206]LogModuleManager: Shutting down and abandoning module Renderer (7)
[2016.02.07-03.13.34:776][206]LogModuleManager: Shutting down and abandoning module Engine (6)
[2016.02.07-03.13.34:776][206]LogModuleManager: Shutting down and abandoning module CoreUObject (5)
[2016.02.07-03.13.34:776][206]LogModuleManager: Shutting down and abandoning module NetworkFile (4)
[2016.02.07-03.13.34:776][206]LogModuleManager: Shutting down and abandoning module StreamingFile (3)
[2016.02.07-03.13.34:776][206]LogModuleManager: Shutting down and abandoning module SandboxFile (2)
[2016.02.07-03.13.34:776][206]LogModuleManager: Shutting down and abandoning module PakFile (1)
[2016.02.07-03.13.34:778][206]LogExit: Exiting.
[2016.02.07-03.13.34:797][206]Log file closed, 02/06/16 22:13:34
