[2016.01.31-02.14.17:913][  0]Log file open, 01/30/16 21:14:17
[2016.01.31-02.14.17:913][  0]LogInit:Display: Running engine for game: StopThatRitual
[2016.01.31-02.14.17:913][  0]LogPlatformFile: Not using cached read wrapper
[2016.01.31-02.14.17:913][  0]LogInit:Display: RandInit(1517770043) SRandInit(1517770046).
[2016.01.31-02.14.17:913][  0]LogTaskGraph: Started task graph with 4 named threads and 7 total threads.
[2016.01.31-02.14.17:913][  0]LogStats: Stats thread started at 0.083153
[2016.01.31-02.14.17:913][  0]LogInit: Version: 4.10.2-2818068+++depot+UE4-Releases+4.10
[2016.01.31-02.14.17:913][  0]LogInit: API Version: 2758231
[2016.01.31-02.14.17:913][  0]LogInit: Compiled (64-bit): Jan  6 2016 17:36:42
[2016.01.31-02.14.17:913][  0]LogInit: Compiled with Visual C++: 19.00.23026.00
[2016.01.31-02.14.17:913][  0]LogInit: Build Configuration: Development
[2016.01.31-02.14.17:913][  0]LogInit: Branch Name: ++depot+UE4-Releases+4.10
[2016.01.31-02.14.17:913][  0]LogInit: Command line:  /Temp/Autosaves/Game/Maps/UEDPCLvl_MainMenu -game -PIEVIACONSOLE -ResX=1280 -ResY=720  -Multiprocess 
[2016.01.31-02.14.17:913][  0]LogInit: Base directory: C:/Program Files (x86)/Epic Games/4.10/Engine/Binaries/Win64/
[2016.01.31-02.14.17:913][  0]LogInit: Rocket: 1
[2016.01.31-02.14.17:922][  0]LogInit: Using libcurl 7.41.0
[2016.01.31-02.14.17:922][  0]LogInit:  - built for x86_64-pc-win32
[2016.01.31-02.14.17:922][  0]LogInit:  - supports SSL with WinSSL
[2016.01.31-02.14.17:922][  0]LogInit:  - other features:
[2016.01.31-02.14.17:922][  0]LogInit:      CURL_VERSION_SSL
[2016.01.31-02.14.17:922][  0]LogInit:      CURL_VERSION_IPV6
[2016.01.31-02.14.17:922][  0]LogInit:      CURL_VERSION_ASYNCHDNS
[2016.01.31-02.14.17:922][  0]LogInit:      CURL_VERSION_LARGEFILE
[2016.01.31-02.14.17:922][  0]LogInit:      CURL_VERSION_IDN
[2016.01.31-02.14.17:922][  0]LogInit:  CurlRequestOptions (configurable via config and command line):
[2016.01.31-02.14.17:922][  0]LogInit:  - bVerifyPeer = true  - Libcurl will verify peer certificate
[2016.01.31-02.14.17:922][  0]LogInit:  - bUseHttpProxy = false  - Libcurl will NOT use HTTP proxy
[2016.01.31-02.14.17:922][  0]LogInit:  - bDontReuseConnections = false  - Libcurl will reuse connections
[2016.01.31-02.14.17:922][  0]LogInit:  - CertBundlePath = nullptr  - Libcurl will use whatever was configured at build time.
[2016.01.31-02.14.17:931][  0]LogInit: Presizing for 0 objects not considered by GC, pre-allocating 0 bytes.
[2016.01.31-02.14.17:938][  0]LogInit: Object subsystem initialized
[2016.01.31-02.14.17:939][  0]LogInit: Selected Device Profile: [Windows]
[2016.01.31-02.14.17:939][  0]LogInit: Applying CVar settings loaded from the selected device profile: [Windows]
[2016.01.31-02.14.17:941][  0]LogInit: Computer: THE-ASYLUM
[2016.01.31-02.14.17:941][  0]LogInit: User: Stalker
[2016.01.31-02.14.17:941][  0]LogInit: CPU Page size=4096, Cores=4
[2016.01.31-02.14.17:941][  0]LogInit: High frequency timer resolution =3.232216 MHz
[2016.01.31-02.14.17:942][  0]LogMemory: Memory total: Physical=7.9GB (8GB approx)
[2016.01.31-02.14.17:942][  0]LogMemory: Platform Memory Stats for Windows
[2016.01.31-02.14.17:942][  0]LogMemory: Process Physical Memory: 55.63 MB used, 55.63 MB peak
[2016.01.31-02.14.17:942][  0]LogMemory: Process Virtual Memory: 58.70 MB used, 58.70 MB peak
[2016.01.31-02.14.17:942][  0]LogMemory: Physical Memory: 4198.19 MB used, 8140.60 MB total
[2016.01.31-02.14.17:942][  0]LogMemory: Virtual Memory: 352.96 MB used, 8388608.00 MB total
[2016.01.31-02.14.17:984][  0]LogTextLocalizationManager: No specific translations for ('en-CA') exist, so ('en') translations will be used.
[2016.01.31-02.14.18:408][  0]LogD3D11RHI: Found D3D11 adapter 0: NVIDIA GeForce GTX 660 Ti (Feature Level 11_0)
[2016.01.31-02.14.18:408][  0]LogD3D11RHI: Adapter has 1994MB of dedicated video memory, 0MB of dedicated system memory, and 2047MB of shared system memory, 2 output[s]
[2016.01.31-02.14.18:408][  0]LogD3D11RHI: Chosen D3D11 Adapter Id = 0
[2016.01.31-02.14.18:415][  0]LogD3D11RHI: !Direct3DDevice
[2016.01.31-02.14.18:417][  0]LogRHI: Texture pool is 1361 MB (70% of 1945 MB)
[2016.01.31-02.14.18:426][  0]LogD3D11RHI: Async texture creation enabled
[2016.01.31-02.14.18:436][  0]LogShaderCompilers: Guid format shader working directory is 2 characters bigger than the processId version (../../../../../../GlobalGameJam/StopThatRitual/Intermediate/Shaders/WorkingDirectory/3356/).
[2016.01.31-02.14.18:437][  0]LogShaderCompilers: Cleaned the shader compiler working directory 'C:/Users/Stalker/AppData/Local/Temp/UnrealShaderWorkingDir/7609FE1A4F0EDA3B10818882C7732AD9/'.
[2016.01.31-02.14.18:437][  0]LogShaderCompilers:Display: Using Local Shader Compiler.
[2016.01.31-02.14.19:233][  0]LogTemp:Display: Loaded TP AllDesktopTargetPlatform
[2016.01.31-02.14.19:237][  0]LogTemp:Display: Loaded TP WindowsClientTargetPlatform
[2016.01.31-02.14.19:242][  0]LogTemp:Display: Loaded TP WindowsNoEditorTargetPlatform
[2016.01.31-02.14.19:247][  0]LogTemp:Display: Loaded TP WindowsServerTargetPlatform
[2016.01.31-02.14.19:252][  0]LogTemp:Display: Loaded TP WindowsTargetPlatform
[2016.01.31-02.14.19:254][  0]LogTemp:Display: Loaded TP AndroidTargetPlatform
[2016.01.31-02.14.19:258][  0]LogTemp:Display: Loaded TP Android_ASTCTargetPlatform
[2016.01.31-02.14.19:261][  0]LogTemp:Display: Loaded TP Android_ATCTargetPlatform
[2016.01.31-02.14.19:264][  0]LogTemp:Display: Loaded TP Android_DXTTargetPlatform
[2016.01.31-02.14.19:267][  0]LogTemp:Display: Loaded TP Android_ETC1TargetPlatform
[2016.01.31-02.14.19:270][  0]LogTemp:Display: Loaded TP Android_ETC2TargetPlatform
[2016.01.31-02.14.19:276][  0]LogTemp:Display: Loaded TP Android_MultiTargetPlatform
[2016.01.31-02.14.19:276][  0]LogTemp:Display: Loaded TP Android_PVRTCTargetPlatform
[2016.01.31-02.14.19:277][  0]LogTemp:Display: Loaded TP HTML5TargetPlatform
[2016.01.31-02.14.19:293][  0]LogTemp:Display: Loaded TP IOSTargetPlatform
[2016.01.31-02.14.19:295][  0]LogTemp:Display: Loaded TP LinuxNoEditorTargetPlatform
[2016.01.31-02.14.19:298][  0]LogTemp:Display: Loaded TP LinuxServerTargetPlatform
[2016.01.31-02.14.19:301][  0]LogTemp:Display: Loaded TP LinuxTargetPlatform
[2016.01.31-02.14.19:301][  0]LogTargetPlatformManager:Display: Building Assets For Windows
[2016.01.31-02.14.19:376][  0]LogDerivedDataCache:Display: Max Cache Size: 512 MB
[2016.01.31-02.14.19:426][  0]LogDerivedDataCache: Loaded boot cache 0.05s 41MB C:/Users/Stalker/AppData/Local/UnrealEngine/4.10/DerivedDataCache/Boot.ddc.
[2016.01.31-02.14.19:426][  0]LogDerivedDataCache:Display: Loaded Boot cache: C:/Users/Stalker/AppData/Local/UnrealEngine/4.10/DerivedDataCache/Boot.ddc
[2016.01.31-02.14.19:426][  0]LogDerivedDataCache: FDerivedDataBackendGraph:  Pak pak cache file ../../../../../../GlobalGameJam/StopThatRitual/DerivedDataCache/DDC.ddp not found, will not use a pak cache.
[2016.01.31-02.14.19:426][  0]LogDerivedDataCache: Unable to find inner node Pak for hierarchical cache Hierarchy.
[2016.01.31-02.14.19:426][  0]LogDerivedDataCache: FDerivedDataBackendGraph:  CompressedPak pak cache file ../../../../../../GlobalGameJam/StopThatRitual/DerivedDataCache/Compressed.ddp not found, will not use a pak cache.
[2016.01.31-02.14.19:426][  0]LogDerivedDataCache: Unable to find inner node CompressedPak for hierarchical cache Hierarchy.
[2016.01.31-02.14.19:489][  0]LogDerivedDataCache:Display: Pak cache opened for reading ../../../Engine/DerivedDataCache/Compressed.ddp.
[2016.01.31-02.14.19:500][  0]LogDerivedDataCache: Using Local data cache path C:/Users/Stalker/AppData/Local/UnrealEngine/Common/DerivedDataCache: Writable
[2016.01.31-02.14.19:689][  0]LogInit: Selected Device Profile: [Windows]
[2016.01.31-02.14.19:689][  0]LogContentStreaming: Texture pool size is 1000.000000MB
[2016.01.31-02.14.19:705][  0]LogMeshUtilities: No automatic mesh reduction module available
[2016.01.31-02.14.19:705][  0]LogMeshUtilities: No automatic mesh merging module available
[2016.01.31-02.14.20:023][  0]LogInit: WinSock: version 1.1 (2.2), MaxSocks=32767, MaxUdp=65467
[2016.01.31-02.14.20:209][  0]LogWindowsMoviePlayer: Unable to load movie: ../../../../../../GlobalGameJam/StopThatRitual/Content/Movies/Default_Startup.mp4
[2016.01.31-02.14.20:303][  0]SourceControl: Info Source control is disabled
[2016.01.31-02.14.20:303][  0]SourceControl: Info Source control is disabled
[2016.01.31-02.14.20:314][  0]SourceControl: Info Source control is disabled
[2016.01.31-02.14.20:472][  0]LogObj: 27935 objects as part of root set at end of initial load.
[2016.01.31-02.14.20:472][  0]LogUObjectAllocator: 5830072 out of 0 bytes used by permanent object pool.
[2016.01.31-02.14.20:528][  0]LogEngine: Initializing Engine...
[2016.01.31-02.14.20:530][  0]LogHMD: Can't find Oculus library dev build: is proper Runtime installed? Version: 0.8.0.0
[2016.01.31-02.14.20:530][  0]LogHMD: SteamVR failed to initialize.  Err: 100
[2016.01.31-02.14.20:642][  0]LogInit: XAudio2 using 'Headphones (Razer Kraken USB)' : 2 channels at 44.1 kHz using 16 bits per sample (channel mask 0x3)
[2016.01.31-02.14.20:648][  0]LogInit: FAudioDevice initialized.
[2016.01.31-02.14.20:654][  0]LogInit: Texture streaming: Enabled
[2016.01.31-02.14.20:727][  0]LogNet: Browse: /Temp/Autosaves/Game/Maps/UEDPCLvl_MainMenu?Name=Player
[2016.01.31-02.14.20:728][  0]LogLoad: LoadMap: /Temp/Autosaves/Game/Maps/UEDPCLvl_MainMenu?Name=Player
[2016.01.31-02.14.20:738][  0]LogParticles: Destroying 0 GPU particle simulations for FXSystem 0x000000000F59EC00
[2016.01.31-02.14.20:748][  0]LogMemory: Platform Memory Stats for Windows
[2016.01.31-02.14.20:748][  0]LogMemory: Process Physical Memory: 393.55 MB used, 393.55 MB peak
[2016.01.31-02.14.20:748][  0]LogMemory: Process Virtual Memory: 383.81 MB used, 383.81 MB peak
[2016.01.31-02.14.20:748][  0]LogMemory: Physical Memory: 4491.56 MB used, 8140.60 MB total
[2016.01.31-02.14.20:748][  0]LogMemory: Virtual Memory: 884.12 MB used, 8388608.00 MB total
[2016.01.31-02.14.20:748][  0]LogMemory: 
[2016.01.31-02.14.20:748][  0]Allocator Stats for TBB: (not implemented)
[2016.01.31-02.14.20:814][  0]LogAIModule: Creating AISystem for world Lvl_MainMenu
[2016.01.31-02.14.20:814][  0]LogWorld: Game class is 'MenuGameMode_C'
[2016.01.31-02.14.20:815][  0]LogWorld: Bringing World /Temp/Autosaves/Game/Maps/UEDPCLvl_MainMenu.Lvl_MainMenu up for play (max tick rate 0) at 2016.01.30-21.14.20
[2016.01.31-02.14.20:815][  0]LogWorld: Bringing up level for play took: 0.000564
[2016.01.31-02.14.20:816][  0]r.SetRes = "640x480w"
[2016.01.31-02.14.20:818][  0]LogInit:Display: Game Engine Initialized.
[2016.01.31-02.14.21:031][  0]LogLoad: Full Startup: 3.39 seconds (BP compile: 0.02 seconds)
[2016.01.31-02.14.21:052][  0]LogOcInput: Can't find Oculus library dev build: is proper Runtime installed? Version: 0.8.0.0
[2016.01.31-02.14.21:170][  0]LogRenderer: Reallocating scene render targets to support 640x480 (Frame:2).
[2016.01.31-02.14.22:947][ 89]LogPackageName: SearchForPackageOnDisk took   0.054s to resolve Lvl_Loading.umap.
[2016.01.31-02.14.22:997][ 89]LogPackageName: SearchForPackageOnDisk took   0.050s to resolve Lvl_Loading.umap.
[2016.01.31-02.14.22:997][ 89]LogNet: Browse: /Game/Maps/Lvl_Loading
[2016.01.31-02.14.22:997][ 89]LogLoad: LoadMap: /Game/Maps/Lvl_Loading
[2016.01.31-02.14.23:010][ 89]LogParticles: Destroying 0 GPU particle simulations for FXSystem 0x00000000135A0A40
[2016.01.31-02.14.23:023][ 89]LogMemory: Platform Memory Stats for Windows
[2016.01.31-02.14.23:023][ 89]LogMemory: Process Physical Memory: 392.58 MB used, 411.43 MB peak
[2016.01.31-02.14.23:023][ 89]LogMemory: Process Virtual Memory: 375.83 MB used, 398.56 MB peak
[2016.01.31-02.14.23:023][ 89]LogMemory: Physical Memory: 4482.39 MB used, 8140.60 MB total
[2016.01.31-02.14.23:023][ 89]LogMemory: Virtual Memory: 888.29 MB used, 8388608.00 MB total
[2016.01.31-02.14.23:023][ 89]LogMemory: 
[2016.01.31-02.14.23:023][ 89]Allocator Stats for TBB: (not implemented)
[2016.01.31-02.14.23:036][ 89]LogAIModule: Creating AISystem for world Lvl_Loading
[2016.01.31-02.14.23:036][ 89]LogWorld: Game class is 'GameMode'
[2016.01.31-02.14.23:038][ 89]LogWorld: Bringing World /Game/Maps/Lvl_Loading.Lvl_Loading up for play (max tick rate 0) at 2016.01.30-21.14.23
[2016.01.31-02.14.23:038][ 89]LogWorld: Bringing up level for play took: 0.000701
[2016.01.31-02.14.23:038][ 89]LogGameMode: Warning - PATHS NOT DEFINED or NO PLAYERSTART with positive rating
[2016.01.31-02.14.25:189][216]LogEngine: All Windows Closed
[2016.01.31-02.14.25:189][216]LogWindows: FPlatformMisc::RequestExit(0)
[2016.01.31-02.14.25:533][217]LogExit: Preparing to exit.
[2016.01.31-02.14.25:609][217]LogExit: Game engine shut down
[2016.01.31-02.14.25:743][217]LogParticles: Destroying 0 GPU particle simulations for FXSystem 0x00000000135A2FC0
[2016.01.31-02.14.25:743][217]LogExit: Object subsystem successfully closed.
[2016.01.31-02.14.25:752][217]LogD3D11RHI: Shutdown
[2016.01.31-02.14.25:752][217]LogD3D11RHI: CleanupD3DDevice
[2016.01.31-02.14.25:778][217]LogD3D11RHI: ~FD3D11DynamicRHI
[2016.01.31-02.14.25:786][217]LogModuleManager: Shutting down and abandoning module AndroidDeviceDetection (117)
[2016.01.31-02.14.26:039][217]LogModuleManager: Shutting down and abandoning module AutomationController (116)
[2016.01.31-02.14.26:039][217]LogModuleManager: Shutting down and abandoning module AutomationWorker (115)
[2016.01.31-02.14.26:039][217]LogModuleManager: Shutting down and abandoning module CharacterAI (114)
[2016.01.31-02.14.26:039][217]LogModuleManager: Shutting down and abandoning module AITestSuite (113)
[2016.01.31-02.14.26:039][217]LogModuleManager: Shutting down and abandoning module GameplayDebugger (112)
[2016.01.31-02.14.26:039][217]LogModuleManager: Shutting down and abandoning module AIModule (111)
[2016.01.31-02.14.26:039][217]LogModuleManager: Shutting down and abandoning module MovieSceneCapture (110)
[2016.01.31-02.14.26:039][217]LogModuleManager: Shutting down and abandoning module GameLiveStreaming (109)
[2016.01.31-02.14.26:039][217]LogModuleManager: Shutting down and abandoning module StreamingPauseRendering (108)
[2016.01.31-02.14.26:039][217]LogModuleManager: Shutting down and abandoning module ProfilerService (107)
[2016.01.31-02.14.26:232][217]LogModuleManager: Shutting down and abandoning module TaskGraph (106)
[2016.01.31-02.14.26:232][217]LogModuleManager: Shutting down and abandoning module SlateRemote (105)
[2016.01.31-02.14.26:232][217]LogModuleManager: Shutting down and abandoning module SteamVRController (104)
[2016.01.31-02.14.26:232][217]LogModuleManager: Shutting down and abandoning module SteamVR (103)
[2016.01.31-02.14.26:232][217]LogModuleManager: Shutting down and abandoning module ProceduralMeshComponent (102)
[2016.01.31-02.14.26:232][217]LogModuleManager: Shutting down and abandoning module OculusLibrary (101)
[2016.01.31-02.14.26:232][217]LogModuleManager: Shutting down and abandoning module OculusInput (100)
[2016.01.31-02.14.26:232][217]LogModuleManager: Shutting down and abandoning module LeapMotionController (99)
[2016.01.31-02.14.26:236][217]LogModuleManager: Shutting down and abandoning module CustomMeshComponent (98)
[2016.01.31-02.14.26:236][217]LogModuleManager: Shutting down and abandoning module CableComponent (97)
[2016.01.31-02.14.26:236][217]LogModuleManager: Shutting down and abandoning module ArchVisCharacter (96)
[2016.01.31-02.14.26:236][217]LogModuleManager: Shutting down and abandoning module HTML5Networking (95)
[2016.01.31-02.14.26:236][217]LogModuleManager: Shutting down and abandoning module DesktopPlatform (94)
[2016.01.31-02.14.26:236][217]LogModuleManager: Shutting down and abandoning module DirectoryWatcher (93)
[2016.01.31-02.14.26:236][217]LogModuleManager: Shutting down and abandoning module HotReload (92)
[2016.01.31-02.14.26:237][217]LogModuleManager: Shutting down and abandoning module VisualStudioSourceCodeAccess (91)
[2016.01.31-02.14.26:237][217]LogModuleManager: Shutting down and abandoning module UObjectPlugin (90)
[2016.01.31-02.14.26:237][217]LogModuleManager: Shutting down and abandoning module SubversionSourceControl (89)
[2016.01.31-02.14.26:237][217]LogModuleManager: Shutting down and abandoning module SourceControl (88)
[2016.01.31-02.14.26:237][217]LogModuleManager: Shutting down and abandoning module PerforceSourceControl (87)
[2016.01.31-02.14.26:237][217]LogModuleManager: Shutting down and abandoning module UdpMessaging (86)
[2016.01.31-02.14.26:237][217]LogModuleManager: Shutting down and abandoning module LightPropagationVolumeRuntime (85)
[2016.01.31-02.14.26:237][217]LogModuleManager: Shutting down and abandoning module Paper2D (84)
[2016.01.31-02.14.26:237][217]LogModuleManager: Shutting down and abandoning module WindowsMoviePlayer (83)
[2016.01.31-02.14.26:239][217]LogModuleManager: Shutting down and abandoning module Media (82)
[2016.01.31-02.14.26:239][217]LogModuleManager: Shutting down and abandoning module WmfMedia (81)
[2016.01.31-02.14.26:239][217]LogModuleManager: Shutting down and abandoning module OnlineBlueprintSupport (80)
[2016.01.31-02.14.26:239][217]LogModuleManager: Shutting down and abandoning module GameplayTasksEditor (79)
[2016.01.31-02.14.26:239][217]LogModuleManager: Shutting down and abandoning module PropertyEditor (78)
[2016.01.31-02.14.26:239][217]LogModuleManager: Shutting down and abandoning module BehaviorTreeEditor (77)
[2016.01.31-02.14.26:239][217]LogModuleManager: Shutting down and abandoning module FunctionalTesting (76)
[2016.01.31-02.14.26:239][217]LogModuleManager: Shutting down and abandoning module CollisionAnalyzer (75)
[2016.01.31-02.14.26:240][217]LogModuleManager: Shutting down and abandoning module WorkspaceMenuStructure (74)
[2016.01.31-02.14.26:240][217]LogModuleManager: Shutting down and abandoning module MessageLog (73)
[2016.01.31-02.14.26:240][217]LogModuleManager: Shutting down and abandoning module Sequencer (72)
[2016.01.31-02.14.26:240][217]LogModuleManager: Shutting down and abandoning module AssetTools (71)
[2016.01.31-02.14.26:240][217]LogModuleManager: Shutting down and abandoning module UMGEditor (70)
[2016.01.31-02.14.26:240][217]LogModuleManager: Shutting down and abandoning module UMG (69)
[2016.01.31-02.14.26:240][217]LogModuleManager: Shutting down and abandoning module Slate (68)
[2016.01.31-02.14.26:240][217]LogModuleManager: Shutting down and abandoning module EditorStyle (67)
[2016.01.31-02.14.26:241][217]LogModuleManager: Shutting down and abandoning module SessionServices (66)
[2016.01.31-02.14.26:241][217]LogModuleManager: Shutting down and abandoning module SourceCodeAccess (65)
[2016.01.31-02.14.26:241][217]LogModuleManager: Shutting down and abandoning module HeadMountedDisplay (64)
[2016.01.31-02.14.26:241][217]LogModuleManager: Shutting down and abandoning module XAudio2 (63)
[2016.01.31-02.14.26:241][217]LogModuleManager: Shutting down and abandoning module Networking (61)
[2016.01.31-02.14.26:241][217]LogModuleManager: Shutting down and abandoning module Core (60)
[2016.01.31-02.14.26:241][217]LogModuleManager: Shutting down and abandoning module KismetCompiler (59)
[2016.01.31-02.14.26:241][217]LogModuleManager: Shutting down and abandoning module PhysXFormats (58)
[2016.01.31-02.14.26:241][217]LogModuleManager: Shutting down and abandoning module MeshUtilities (57)
[2016.01.31-02.14.26:241][217]LogModuleManager: Shutting down and abandoning module DerivedDataCache (56)
[2016.01.31-02.14.26:491][217]LogDerivedDataCache: Shutdown
[2016.01.31-02.14.26:491][217]LogModuleManager: Shutting down and abandoning module ShaderFormatOpenGL (55)
[2016.01.31-02.14.26:491][217]LogModuleManager: Shutting down and abandoning module ShaderFormatD3D (54)
[2016.01.31-02.14.26:491][217]LogModuleManager: Shutting down and abandoning module MetalShaderFormat (53)
[2016.01.31-02.14.26:491][217]LogModuleManager: Shutting down and abandoning module TextureFormatUncompressed (52)
[2016.01.31-02.14.26:491][217]LogModuleManager: Shutting down and abandoning module TextureFormatPVR (51)
[2016.01.31-02.14.26:491][217]LogModuleManager: Shutting down and abandoning module TextureFormatIntelISPCTexComp (50)
[2016.01.31-02.14.26:491][217]LogModuleManager: Shutting down and abandoning module TextureFormatDXT (49)
[2016.01.31-02.14.26:491][217]LogModuleManager: Shutting down and abandoning module ImageWrapper (48)
[2016.01.31-02.14.26:491][217]LogModuleManager: Shutting down and abandoning module TextureFormatASTC (47)
[2016.01.31-02.14.26:491][217]LogModuleManager: Shutting down and abandoning module TextureFormatAndroid (46)
[2016.01.31-02.14.26:491][217]LogModuleManager: Shutting down and abandoning module AudioFormatOpus (45)
[2016.01.31-02.14.26:491][217]LogModuleManager: Shutting down and abandoning module AudioFormatOgg (44)
[2016.01.31-02.14.26:491][217]LogModuleManager: Shutting down and abandoning module AudioFormatADPCM (43)
[2016.01.31-02.14.26:491][217]LogModuleManager: Shutting down and abandoning module LinuxTargetPlatform (42)
[2016.01.31-02.14.26:491][217]LogModuleManager: Shutting down and abandoning module LinuxServerTargetPlatform (41)
[2016.01.31-02.14.26:491][217]LogModuleManager: Shutting down and abandoning module LinuxNoEditorTargetPlatform (40)
[2016.01.31-02.14.26:491][217]LogModuleManager: Shutting down and abandoning module Messaging (39)
[2016.01.31-02.14.26:491][217]LogModuleManager: Shutting down and abandoning module IOSTargetPlatform (38)
[2016.01.31-02.14.26:491][217]LogModuleManager: Shutting down and abandoning module HTML5TargetPlatform (37)
[2016.01.31-02.14.26:491][217]LogModuleManager: Shutting down and abandoning module Android_PVRTCTargetPlatform (36)
[2016.01.31-02.14.26:491][217]LogModuleManager: Shutting down and abandoning module Android_MultiTargetPlatform (35)
[2016.01.31-02.14.26:491][217]LogModuleManager: Shutting down and abandoning module Android_ETC2TargetPlatform (34)
[2016.01.31-02.14.26:491][217]LogModuleManager: Shutting down and abandoning module Android_ETC1TargetPlatform (33)
[2016.01.31-02.14.26:491][217]LogModuleManager: Shutting down and abandoning module Android_DXTTargetPlatform (32)
[2016.01.31-02.14.26:491][217]LogModuleManager: Shutting down and abandoning module Android_ATCTargetPlatform (31)
[2016.01.31-02.14.26:491][217]LogModuleManager: Shutting down and abandoning module Android_ASTCTargetPlatform (30)
[2016.01.31-02.14.26:491][217]LogModuleManager: Shutting down and abandoning module AndroidTargetPlatform (29)
[2016.01.31-02.14.26:491][217]LogModuleManager: Shutting down and abandoning module WindowsTargetPlatform (28)
[2016.01.31-02.14.26:491][217]LogModuleManager: Shutting down and abandoning module WindowsServerTargetPlatform (27)
[2016.01.31-02.14.26:491][217]LogModuleManager: Shutting down and abandoning module WindowsNoEditorTargetPlatform (26)
[2016.01.31-02.14.26:491][217]LogModuleManager: Shutting down and abandoning module WindowsClientTargetPlatform (25)
[2016.01.31-02.14.26:491][217]LogModuleManager: Shutting down and abandoning module AllDesktopTargetPlatform (24)
[2016.01.31-02.14.26:491][217]LogModuleManager: Shutting down and abandoning module TargetPlatform (23)
[2016.01.31-02.14.26:491][217]LogModuleManager: Shutting down and abandoning module InputCore (22)
[2016.01.31-02.14.26:491][217]LogModuleManager: Shutting down and abandoning module Settings (21)
[2016.01.31-02.14.26:491][217]LogModuleManager: Shutting down and abandoning module OnlineSubsystem (19)
[2016.01.31-02.14.26:491][217]LogModuleManager: Shutting down and abandoning module HTTP (18)
[2016.01.31-02.14.26:492][217]LogModuleManager: Shutting down and abandoning module XMPP (17)
[2016.01.31-02.14.26:492][217]LogModuleManager: Shutting down and abandoning module OculusRift (16)
[2016.01.31-02.14.26:492][217]LogModuleManager: Shutting down and abandoning module ExampleDeviceProfileSelector (15)
[2016.01.31-02.14.26:492][217]LogModuleManager: Shutting down and abandoning module TextureCompressor (14)
[2016.01.31-02.14.26:492][217]LogModuleManager: Shutting down and abandoning module ShaderCore (13)
[2016.01.31-02.14.26:492][217]LogModuleManager: Shutting down and abandoning module Landscape (12)
[2016.01.31-02.14.26:492][217]LogModuleManager: Shutting down and abandoning module SlateRHIRenderer (11)
[2016.01.31-02.14.26:492][217]LogModuleManager: Shutting down and abandoning module OpenGLDrv (10)
[2016.01.31-02.14.26:492][217]LogModuleManager: Shutting down and abandoning module D3D11RHI (9)
[2016.01.31-02.14.26:492][217]LogModuleManager: Shutting down and abandoning module AnimGraphRuntime (8)
[2016.01.31-02.14.26:492][217]LogModuleManager: Shutting down and abandoning module Renderer (7)
[2016.01.31-02.14.26:492][217]LogModuleManager: Shutting down and abandoning module Engine (6)
[2016.01.31-02.14.26:492][217]LogModuleManager: Shutting down and abandoning module CoreUObject (5)
[2016.01.31-02.14.26:492][217]LogModuleManager: Shutting down and abandoning module NetworkFile (4)
[2016.01.31-02.14.26:492][217]LogModuleManager: Shutting down and abandoning module StreamingFile (3)
[2016.01.31-02.14.26:492][217]LogModuleManager: Shutting down and abandoning module SandboxFile (2)
[2016.01.31-02.14.26:492][217]LogModuleManager: Shutting down and abandoning module PakFile (1)
[2016.01.31-02.14.26:493][217]LogExit: Exiting.
[2016.01.31-02.14.26:494][217]Log file closed, 01/30/16 21:14:26
