[2016.01.31-02.22.08:695][  0]Log file open, 01/30/16 21:22:08
[2016.01.31-02.22.08:695][  0]LogInit:Display: Running engine for game: StopThatRitual
[2016.01.31-02.22.08:695][  0]LogPlatformFile: Not using cached read wrapper
[2016.01.31-02.22.08:695][  0]LogInit:Display: RandInit(-1255546917) SRandInit(-1255546915).
[2016.01.31-02.22.08:695][  0]LogTaskGraph: Started task graph with 4 named threads and 7 total threads.
[2016.01.31-02.22.08:695][  0]LogStats: Stats thread started at 0.076653
[2016.01.31-02.22.08:695][  0]LogInit: Version: 4.10.2-2818068+++depot+UE4-Releases+4.10
[2016.01.31-02.22.08:695][  0]LogInit: API Version: 2758231
[2016.01.31-02.22.08:695][  0]LogInit: Compiled (64-bit): Jan  6 2016 17:36:42
[2016.01.31-02.22.08:695][  0]LogInit: Compiled with Visual C++: 19.00.23026.00
[2016.01.31-02.22.08:695][  0]LogInit: Build Configuration: Development
[2016.01.31-02.22.08:695][  0]LogInit: Branch Name: ++depot+UE4-Releases+4.10
[2016.01.31-02.22.08:695][  0]LogInit: Command line:  /Temp/Autosaves/Game/Maps/UEDPCLvl_MainMenu -game -PIEVIACONSOLE -ResX=1280 -ResY=720  -Multiprocess 
[2016.01.31-02.22.08:695][  0]LogInit: Base directory: C:/Program Files (x86)/Epic Games/4.10/Engine/Binaries/Win64/
[2016.01.31-02.22.08:695][  0]LogInit: Rocket: 1
[2016.01.31-02.22.08:705][  0]LogInit: Using libcurl 7.41.0
[2016.01.31-02.22.08:705][  0]LogInit:  - built for x86_64-pc-win32
[2016.01.31-02.22.08:705][  0]LogInit:  - supports SSL with WinSSL
[2016.01.31-02.22.08:705][  0]LogInit:  - other features:
[2016.01.31-02.22.08:705][  0]LogInit:      CURL_VERSION_SSL
[2016.01.31-02.22.08:705][  0]LogInit:      CURL_VERSION_IPV6
[2016.01.31-02.22.08:705][  0]LogInit:      CURL_VERSION_ASYNCHDNS
[2016.01.31-02.22.08:705][  0]LogInit:      CURL_VERSION_LARGEFILE
[2016.01.31-02.22.08:705][  0]LogInit:      CURL_VERSION_IDN
[2016.01.31-02.22.08:705][  0]LogInit:  CurlRequestOptions (configurable via config and command line):
[2016.01.31-02.22.08:705][  0]LogInit:  - bVerifyPeer = true  - Libcurl will verify peer certificate
[2016.01.31-02.22.08:705][  0]LogInit:  - bUseHttpProxy = false  - Libcurl will NOT use HTTP proxy
[2016.01.31-02.22.08:705][  0]LogInit:  - bDontReuseConnections = false  - Libcurl will reuse connections
[2016.01.31-02.22.08:705][  0]LogInit:  - CertBundlePath = nullptr  - Libcurl will use whatever was configured at build time.
[2016.01.31-02.22.08:713][  0]LogInit: Presizing for 0 objects not considered by GC, pre-allocating 0 bytes.
[2016.01.31-02.22.08:721][  0]LogInit: Object subsystem initialized
[2016.01.31-02.22.08:722][  0]LogInit: Selected Device Profile: [Windows]
[2016.01.31-02.22.08:722][  0]LogInit: Applying CVar settings loaded from the selected device profile: [Windows]
[2016.01.31-02.22.08:724][  0]LogInit: Computer: THE-ASYLUM
[2016.01.31-02.22.08:724][  0]LogInit: User: Stalker
[2016.01.31-02.22.08:724][  0]LogInit: CPU Page size=4096, Cores=4
[2016.01.31-02.22.08:724][  0]LogInit: High frequency timer resolution =3.232216 MHz
[2016.01.31-02.22.08:724][  0]LogMemory: Memory total: Physical=7.9GB (8GB approx)
[2016.01.31-02.22.08:724][  0]LogMemory: Platform Memory Stats for Windows
[2016.01.31-02.22.08:724][  0]LogMemory: Process Physical Memory: 55.62 MB used, 55.62 MB peak
[2016.01.31-02.22.08:724][  0]LogMemory: Process Virtual Memory: 58.70 MB used, 58.70 MB peak
[2016.01.31-02.22.08:724][  0]LogMemory: Physical Memory: 4344.60 MB used, 8140.60 MB total
[2016.01.31-02.22.08:724][  0]LogMemory: Virtual Memory: 352.96 MB used, 8388608.00 MB total
[2016.01.31-02.22.08:756][  0]LogTextLocalizationManager: No specific translations for ('en-CA') exist, so ('en') translations will be used.
[2016.01.31-02.22.09:167][  0]LogD3D11RHI: Found D3D11 adapter 0: NVIDIA GeForce GTX 660 Ti (Feature Level 11_0)
[2016.01.31-02.22.09:167][  0]LogD3D11RHI: Adapter has 1994MB of dedicated video memory, 0MB of dedicated system memory, and 2047MB of shared system memory, 2 output[s]
[2016.01.31-02.22.09:167][  0]LogD3D11RHI: Chosen D3D11 Adapter Id = 0
[2016.01.31-02.22.09:178][  0]LogD3D11RHI: !Direct3DDevice
[2016.01.31-02.22.09:180][  0]LogRHI: Texture pool is 1361 MB (70% of 1945 MB)
[2016.01.31-02.22.09:188][  0]LogD3D11RHI: Async texture creation enabled
[2016.01.31-02.22.09:197][  0]LogShaderCompilers: Guid format shader working directory is 2 characters bigger than the processId version (../../../../../../GlobalGameJam/StopThatRitual/Intermediate/Shaders/WorkingDirectory/3292/).
[2016.01.31-02.22.09:197][  0]LogShaderCompilers: Cleaned the shader compiler working directory 'C:/Users/Stalker/AppData/Local/Temp/UnrealShaderWorkingDir/949CCC684191D3FE203643A3A2187FDE/'.
[2016.01.31-02.22.09:197][  0]LogShaderCompilers:Display: Using Local Shader Compiler.
[2016.01.31-02.22.09:988][  0]LogTemp:Display: Loaded TP AllDesktopTargetPlatform
[2016.01.31-02.22.09:993][  0]LogTemp:Display: Loaded TP WindowsClientTargetPlatform
[2016.01.31-02.22.09:998][  0]LogTemp:Display: Loaded TP WindowsNoEditorTargetPlatform
[2016.01.31-02.22.10:002][  0]LogTemp:Display: Loaded TP WindowsServerTargetPlatform
[2016.01.31-02.22.10:006][  0]LogTemp:Display: Loaded TP WindowsTargetPlatform
[2016.01.31-02.22.10:009][  0]LogTemp:Display: Loaded TP AndroidTargetPlatform
[2016.01.31-02.22.10:015][  0]LogTemp:Display: Loaded TP Android_ASTCTargetPlatform
[2016.01.31-02.22.10:018][  0]LogTemp:Display: Loaded TP Android_ATCTargetPlatform
[2016.01.31-02.22.10:021][  0]LogTemp:Display: Loaded TP Android_DXTTargetPlatform
[2016.01.31-02.22.10:024][  0]LogTemp:Display: Loaded TP Android_ETC1TargetPlatform
[2016.01.31-02.22.10:027][  0]LogTemp:Display: Loaded TP Android_ETC2TargetPlatform
[2016.01.31-02.22.10:032][  0]LogTemp:Display: Loaded TP Android_MultiTargetPlatform
[2016.01.31-02.22.10:032][  0]LogTemp:Display: Loaded TP Android_PVRTCTargetPlatform
[2016.01.31-02.22.10:033][  0]LogTemp:Display: Loaded TP HTML5TargetPlatform
[2016.01.31-02.22.10:049][  0]LogTemp:Display: Loaded TP IOSTargetPlatform
[2016.01.31-02.22.10:052][  0]LogTemp:Display: Loaded TP LinuxNoEditorTargetPlatform
[2016.01.31-02.22.10:055][  0]LogTemp:Display: Loaded TP LinuxServerTargetPlatform
[2016.01.31-02.22.10:057][  0]LogTemp:Display: Loaded TP LinuxTargetPlatform
[2016.01.31-02.22.10:057][  0]LogTargetPlatformManager:Display: Building Assets For Windows
[2016.01.31-02.22.10:135][  0]LogDerivedDataCache:Display: Max Cache Size: 512 MB
[2016.01.31-02.22.10:183][  0]LogDerivedDataCache: Loaded boot cache 0.05s 41MB C:/Users/Stalker/AppData/Local/UnrealEngine/4.10/DerivedDataCache/Boot.ddc.
[2016.01.31-02.22.10:183][  0]LogDerivedDataCache:Display: Loaded Boot cache: C:/Users/Stalker/AppData/Local/UnrealEngine/4.10/DerivedDataCache/Boot.ddc
[2016.01.31-02.22.10:183][  0]LogDerivedDataCache: FDerivedDataBackendGraph:  Pak pak cache file ../../../../../../GlobalGameJam/StopThatRitual/DerivedDataCache/DDC.ddp not found, will not use a pak cache.
[2016.01.31-02.22.10:183][  0]LogDerivedDataCache: Unable to find inner node Pak for hierarchical cache Hierarchy.
[2016.01.31-02.22.10:183][  0]LogDerivedDataCache: FDerivedDataBackendGraph:  CompressedPak pak cache file ../../../../../../GlobalGameJam/StopThatRitual/DerivedDataCache/Compressed.ddp not found, will not use a pak cache.
[2016.01.31-02.22.10:183][  0]LogDerivedDataCache: Unable to find inner node CompressedPak for hierarchical cache Hierarchy.
[2016.01.31-02.22.10:244][  0]LogDerivedDataCache:Display: Pak cache opened for reading ../../../Engine/DerivedDataCache/Compressed.ddp.
[2016.01.31-02.22.10:255][  0]LogDerivedDataCache: Using Local data cache path C:/Users/Stalker/AppData/Local/UnrealEngine/Common/DerivedDataCache: Writable
[2016.01.31-02.22.10:441][  0]LogInit: Selected Device Profile: [Windows]
[2016.01.31-02.22.10:441][  0]LogContentStreaming: Texture pool size is 1000.000000MB
[2016.01.31-02.22.10:455][  0]LogMeshUtilities: No automatic mesh reduction module available
[2016.01.31-02.22.10:455][  0]LogMeshUtilities: No automatic mesh merging module available
[2016.01.31-02.22.10:772][  0]LogInit: WinSock: version 1.1 (2.2), MaxSocks=32767, MaxUdp=65467
[2016.01.31-02.22.10:944][  0]LogWindowsMoviePlayer: Unable to load movie: ../../../../../../GlobalGameJam/StopThatRitual/Content/Movies/Default_Startup.mp4
[2016.01.31-02.22.11:047][  0]SourceControl: Info Source control is disabled
[2016.01.31-02.22.11:047][  0]SourceControl: Info Source control is disabled
[2016.01.31-02.22.11:056][  0]SourceControl: Info Source control is disabled
[2016.01.31-02.22.11:211][  0]LogObj: 27935 objects as part of root set at end of initial load.
[2016.01.31-02.22.11:211][  0]LogUObjectAllocator: 5830072 out of 0 bytes used by permanent object pool.
[2016.01.31-02.22.11:266][  0]LogEngine: Initializing Engine...
[2016.01.31-02.22.11:268][  0]LogHMD: Can't find Oculus library dev build: is proper Runtime installed? Version: 0.8.0.0
[2016.01.31-02.22.11:268][  0]LogHMD: SteamVR failed to initialize.  Err: 100
[2016.01.31-02.22.11:381][  0]LogInit: XAudio2 using 'Headphones (Razer Kraken USB)' : 2 channels at 44.1 kHz using 16 bits per sample (channel mask 0x3)
[2016.01.31-02.22.11:388][  0]LogInit: FAudioDevice initialized.
[2016.01.31-02.22.11:393][  0]LogInit: Texture streaming: Enabled
[2016.01.31-02.22.11:466][  0]LogNet: Browse: /Temp/Autosaves/Game/Maps/UEDPCLvl_MainMenu?Name=Player
[2016.01.31-02.22.11:466][  0]LogLoad: LoadMap: /Temp/Autosaves/Game/Maps/UEDPCLvl_MainMenu?Name=Player
[2016.01.31-02.22.11:477][  0]LogParticles: Destroying 0 GPU particle simulations for FXSystem 0x000000002091AC00
[2016.01.31-02.22.11:486][  0]LogMemory: Platform Memory Stats for Windows
[2016.01.31-02.22.11:486][  0]LogMemory: Process Physical Memory: 391.02 MB used, 391.02 MB peak
[2016.01.31-02.22.11:486][  0]LogMemory: Process Virtual Memory: 382.13 MB used, 382.13 MB peak
[2016.01.31-02.22.11:486][  0]LogMemory: Physical Memory: 4639.65 MB used, 8140.60 MB total
[2016.01.31-02.22.11:486][  0]LogMemory: Virtual Memory: 881.56 MB used, 8388608.00 MB total
[2016.01.31-02.22.11:486][  0]LogMemory: 
[2016.01.31-02.22.11:486][  0]Allocator Stats for TBB: (not implemented)
[2016.01.31-02.22.11:549][  0]LogAIModule: Creating AISystem for world Lvl_MainMenu
[2016.01.31-02.22.11:549][  0]LogWorld: Game class is 'MenuGameMode_C'
[2016.01.31-02.22.11:550][  0]LogWorld: Bringing World /Temp/Autosaves/Game/Maps/UEDPCLvl_MainMenu.Lvl_MainMenu up for play (max tick rate 0) at 2016.01.30-21.22.11
[2016.01.31-02.22.11:551][  0]LogWorld: Bringing up level for play took: 0.000662
[2016.01.31-02.22.11:553][  0]r.SetRes = "640x480w"
[2016.01.31-02.22.11:555][  0]LogInit:Display: Game Engine Initialized.
[2016.01.31-02.22.11:770][  0]LogLoad: Full Startup: 3.33 seconds (BP compile: 0.02 seconds)
[2016.01.31-02.22.11:790][  0]LogOcInput: Can't find Oculus library dev build: is proper Runtime installed? Version: 0.8.0.0
[2016.01.31-02.22.11:909][  0]LogRenderer: Reallocating scene render targets to support 640x480 (Frame:2).
[2016.01.31-02.22.15:245][186]LogPackageName: SearchForPackageOnDisk took   0.056s to resolve Lvl_Loading.umap.
[2016.01.31-02.22.15:294][186]LogPackageName: SearchForPackageOnDisk took   0.048s to resolve Lvl_Loading.umap.
[2016.01.31-02.22.15:294][186]LogNet: Browse: /Game/Maps/Lvl_Loading
[2016.01.31-02.22.15:294][186]LogLoad: LoadMap: /Game/Maps/Lvl_Loading
[2016.01.31-02.22.15:308][186]LogParticles: Destroying 0 GPU particle simulations for FXSystem 0x00000000134BCA40
[2016.01.31-02.22.15:319][186]LogMemory: Platform Memory Stats for Windows
[2016.01.31-02.22.15:319][186]LogMemory: Process Physical Memory: 393.01 MB used, 409.84 MB peak
[2016.01.31-02.22.15:319][186]LogMemory: Process Virtual Memory: 377.26 MB used, 397.25 MB peak
[2016.01.31-02.22.15:319][186]LogMemory: Physical Memory: 4640.65 MB used, 8140.60 MB total
[2016.01.31-02.22.15:319][186]LogMemory: Virtual Memory: 889.85 MB used, 8388608.00 MB total
[2016.01.31-02.22.15:319][186]LogMemory: 
[2016.01.31-02.22.15:319][186]Allocator Stats for TBB: (not implemented)
[2016.01.31-02.22.15:333][186]LogAIModule: Creating AISystem for world Lvl_Loading
[2016.01.31-02.22.15:333][186]LogWorld: Game class is 'GameMode'
[2016.01.31-02.22.15:334][186]LogWorld: Bringing World /Game/Maps/Lvl_Loading.Lvl_Loading up for play (max tick rate 0) at 2016.01.30-21.22.15
[2016.01.31-02.22.15:334][186]LogWorld: Bringing up level for play took: 0.000358
[2016.01.31-02.22.15:334][186]LogGameMode: Warning - PATHS NOT DEFINED or NO PLAYERSTART with positive rating
[2016.01.31-02.22.16:711][266]LogEngine: All Windows Closed
[2016.01.31-02.22.16:711][266]LogWindows: FPlatformMisc::RequestExit(0)
[2016.01.31-02.22.17:271][267]LogExit: Preparing to exit.
[2016.01.31-02.22.17:330][267]LogExit: Game engine shut down
[2016.01.31-02.22.17:464][267]LogParticles: Destroying 0 GPU particle simulations for FXSystem 0x00000000134BF100
[2016.01.31-02.22.17:464][267]LogExit: Object subsystem successfully closed.
[2016.01.31-02.22.17:482][267]LogD3D11RHI: Shutdown
[2016.01.31-02.22.17:482][267]LogD3D11RHI: CleanupD3DDevice
[2016.01.31-02.22.17:507][267]LogD3D11RHI: ~FD3D11DynamicRHI
[2016.01.31-02.22.17:516][267]LogModuleManager: Shutting down and abandoning module AndroidDeviceDetection (117)
[2016.01.31-02.22.17:797][267]LogModuleManager: Shutting down and abandoning module AutomationController (116)
[2016.01.31-02.22.17:797][267]LogModuleManager: Shutting down and abandoning module AutomationWorker (115)
[2016.01.31-02.22.17:797][267]LogModuleManager: Shutting down and abandoning module CharacterAI (114)
[2016.01.31-02.22.17:797][267]LogModuleManager: Shutting down and abandoning module AITestSuite (113)
[2016.01.31-02.22.17:797][267]LogModuleManager: Shutting down and abandoning module GameplayDebugger (112)
[2016.01.31-02.22.17:797][267]LogModuleManager: Shutting down and abandoning module AIModule (111)
[2016.01.31-02.22.17:797][267]LogModuleManager: Shutting down and abandoning module MovieSceneCapture (110)
[2016.01.31-02.22.17:797][267]LogModuleManager: Shutting down and abandoning module GameLiveStreaming (109)
[2016.01.31-02.22.17:797][267]LogModuleManager: Shutting down and abandoning module StreamingPauseRendering (108)
[2016.01.31-02.22.17:797][267]LogModuleManager: Shutting down and abandoning module ProfilerService (107)
[2016.01.31-02.22.17:979][267]LogModuleManager: Shutting down and abandoning module TaskGraph (106)
[2016.01.31-02.22.17:979][267]LogModuleManager: Shutting down and abandoning module SlateRemote (105)
[2016.01.31-02.22.17:979][267]LogModuleManager: Shutting down and abandoning module SteamVRController (104)
[2016.01.31-02.22.17:979][267]LogModuleManager: Shutting down and abandoning module SteamVR (103)
[2016.01.31-02.22.17:979][267]LogModuleManager: Shutting down and abandoning module ProceduralMeshComponent (102)
[2016.01.31-02.22.17:979][267]LogModuleManager: Shutting down and abandoning module OculusLibrary (101)
[2016.01.31-02.22.17:979][267]LogModuleManager: Shutting down and abandoning module OculusInput (100)
[2016.01.31-02.22.17:979][267]LogModuleManager: Shutting down and abandoning module LeapMotionController (99)
[2016.01.31-02.22.17:988][267]LogModuleManager: Shutting down and abandoning module CustomMeshComponent (98)
[2016.01.31-02.22.17:988][267]LogModuleManager: Shutting down and abandoning module CableComponent (97)
[2016.01.31-02.22.17:988][267]LogModuleManager: Shutting down and abandoning module ArchVisCharacter (96)
[2016.01.31-02.22.17:988][267]LogModuleManager: Shutting down and abandoning module HTML5Networking (95)
[2016.01.31-02.22.17:988][267]LogModuleManager: Shutting down and abandoning module DesktopPlatform (94)
[2016.01.31-02.22.17:988][267]LogModuleManager: Shutting down and abandoning module DirectoryWatcher (93)
[2016.01.31-02.22.17:988][267]LogModuleManager: Shutting down and abandoning module HotReload (92)
[2016.01.31-02.22.17:988][267]LogModuleManager: Shutting down and abandoning module VisualStudioSourceCodeAccess (91)
[2016.01.31-02.22.17:988][267]LogModuleManager: Shutting down and abandoning module UObjectPlugin (90)
[2016.01.31-02.22.17:988][267]LogModuleManager: Shutting down and abandoning module SubversionSourceControl (89)
[2016.01.31-02.22.17:988][267]LogModuleManager: Shutting down and abandoning module SourceControl (88)
[2016.01.31-02.22.17:988][267]LogModuleManager: Shutting down and abandoning module PerforceSourceControl (87)
[2016.01.31-02.22.17:988][267]LogModuleManager: Shutting down and abandoning module UdpMessaging (86)
[2016.01.31-02.22.17:988][267]LogModuleManager: Shutting down and abandoning module LightPropagationVolumeRuntime (85)
[2016.01.31-02.22.17:988][267]LogModuleManager: Shutting down and abandoning module Paper2D (84)
[2016.01.31-02.22.17:988][267]LogModuleManager: Shutting down and abandoning module WindowsMoviePlayer (83)
[2016.01.31-02.22.17:991][267]LogModuleManager: Shutting down and abandoning module Media (82)
[2016.01.31-02.22.17:991][267]LogModuleManager: Shutting down and abandoning module WmfMedia (81)
[2016.01.31-02.22.17:992][267]LogModuleManager: Shutting down and abandoning module OnlineBlueprintSupport (80)
[2016.01.31-02.22.17:992][267]LogModuleManager: Shutting down and abandoning module GameplayTasksEditor (79)
[2016.01.31-02.22.17:992][267]LogModuleManager: Shutting down and abandoning module PropertyEditor (78)
[2016.01.31-02.22.17:992][267]LogModuleManager: Shutting down and abandoning module BehaviorTreeEditor (77)
[2016.01.31-02.22.17:992][267]LogModuleManager: Shutting down and abandoning module FunctionalTesting (76)
[2016.01.31-02.22.17:992][267]LogModuleManager: Shutting down and abandoning module CollisionAnalyzer (75)
[2016.01.31-02.22.17:992][267]LogModuleManager: Shutting down and abandoning module WorkspaceMenuStructure (74)
[2016.01.31-02.22.17:992][267]LogModuleManager: Shutting down and abandoning module MessageLog (73)
[2016.01.31-02.22.17:992][267]LogModuleManager: Shutting down and abandoning module Sequencer (72)
[2016.01.31-02.22.17:992][267]LogModuleManager: Shutting down and abandoning module AssetTools (71)
[2016.01.31-02.22.17:992][267]LogModuleManager: Shutting down and abandoning module UMGEditor (70)
[2016.01.31-02.22.17:992][267]LogModuleManager: Shutting down and abandoning module UMG (69)
[2016.01.31-02.22.17:992][267]LogModuleManager: Shutting down and abandoning module Slate (68)
[2016.01.31-02.22.17:992][267]LogModuleManager: Shutting down and abandoning module EditorStyle (67)
[2016.01.31-02.22.17:993][267]LogModuleManager: Shutting down and abandoning module SessionServices (66)
[2016.01.31-02.22.17:993][267]LogModuleManager: Shutting down and abandoning module SourceCodeAccess (65)
[2016.01.31-02.22.17:993][267]LogModuleManager: Shutting down and abandoning module HeadMountedDisplay (64)
[2016.01.31-02.22.17:993][267]LogModuleManager: Shutting down and abandoning module XAudio2 (63)
[2016.01.31-02.22.17:993][267]LogModuleManager: Shutting down and abandoning module Networking (61)
[2016.01.31-02.22.17:993][267]LogModuleManager: Shutting down and abandoning module Core (60)
[2016.01.31-02.22.17:993][267]LogModuleManager: Shutting down and abandoning module KismetCompiler (59)
[2016.01.31-02.22.17:993][267]LogModuleManager: Shutting down and abandoning module PhysXFormats (58)
[2016.01.31-02.22.17:993][267]LogModuleManager: Shutting down and abandoning module MeshUtilities (57)
[2016.01.31-02.22.17:993][267]LogModuleManager: Shutting down and abandoning module DerivedDataCache (56)
[2016.01.31-02.22.18:246][267]LogDerivedDataCache: Shutdown
[2016.01.31-02.22.18:246][267]LogModuleManager: Shutting down and abandoning module ShaderFormatOpenGL (55)
[2016.01.31-02.22.18:246][267]LogModuleManager: Shutting down and abandoning module ShaderFormatD3D (54)
[2016.01.31-02.22.18:246][267]LogModuleManager: Shutting down and abandoning module MetalShaderFormat (53)
[2016.01.31-02.22.18:246][267]LogModuleManager: Shutting down and abandoning module TextureFormatUncompressed (52)
[2016.01.31-02.22.18:246][267]LogModuleManager: Shutting down and abandoning module TextureFormatPVR (51)
[2016.01.31-02.22.18:246][267]LogModuleManager: Shutting down and abandoning module TextureFormatIntelISPCTexComp (50)
[2016.01.31-02.22.18:246][267]LogModuleManager: Shutting down and abandoning module TextureFormatDXT (49)
[2016.01.31-02.22.18:246][267]LogModuleManager: Shutting down and abandoning module ImageWrapper (48)
[2016.01.31-02.22.18:246][267]LogModuleManager: Shutting down and abandoning module TextureFormatASTC (47)
[2016.01.31-02.22.18:246][267]LogModuleManager: Shutting down and abandoning module TextureFormatAndroid (46)
[2016.01.31-02.22.18:246][267]LogModuleManager: Shutting down and abandoning module AudioFormatOpus (45)
[2016.01.31-02.22.18:246][267]LogModuleManager: Shutting down and abandoning module AudioFormatOgg (44)
[2016.01.31-02.22.18:246][267]LogModuleManager: Shutting down and abandoning module AudioFormatADPCM (43)
[2016.01.31-02.22.18:246][267]LogModuleManager: Shutting down and abandoning module LinuxTargetPlatform (42)
[2016.01.31-02.22.18:247][267]LogModuleManager: Shutting down and abandoning module LinuxServerTargetPlatform (41)
[2016.01.31-02.22.18:247][267]LogModuleManager: Shutting down and abandoning module LinuxNoEditorTargetPlatform (40)
[2016.01.31-02.22.18:247][267]LogModuleManager: Shutting down and abandoning module Messaging (39)
[2016.01.31-02.22.18:247][267]LogModuleManager: Shutting down and abandoning module IOSTargetPlatform (38)
[2016.01.31-02.22.18:247][267]LogModuleManager: Shutting down and abandoning module HTML5TargetPlatform (37)
[2016.01.31-02.22.18:247][267]LogModuleManager: Shutting down and abandoning module Android_PVRTCTargetPlatform (36)
[2016.01.31-02.22.18:247][267]LogModuleManager: Shutting down and abandoning module Android_MultiTargetPlatform (35)
[2016.01.31-02.22.18:247][267]LogModuleManager: Shutting down and abandoning module Android_ETC2TargetPlatform (34)
[2016.01.31-02.22.18:247][267]LogModuleManager: Shutting down and abandoning module Android_ETC1TargetPlatform (33)
[2016.01.31-02.22.18:247][267]LogModuleManager: Shutting down and abandoning module Android_DXTTargetPlatform (32)
[2016.01.31-02.22.18:247][267]LogModuleManager: Shutting down and abandoning module Android_ATCTargetPlatform (31)
[2016.01.31-02.22.18:247][267]LogModuleManager: Shutting down and abandoning module Android_ASTCTargetPlatform (30)
[2016.01.31-02.22.18:247][267]LogModuleManager: Shutting down and abandoning module AndroidTargetPlatform (29)
[2016.01.31-02.22.18:247][267]LogModuleManager: Shutting down and abandoning module WindowsTargetPlatform (28)
[2016.01.31-02.22.18:247][267]LogModuleManager: Shutting down and abandoning module WindowsServerTargetPlatform (27)
[2016.01.31-02.22.18:247][267]LogModuleManager: Shutting down and abandoning module WindowsNoEditorTargetPlatform (26)
[2016.01.31-02.22.18:247][267]LogModuleManager: Shutting down and abandoning module WindowsClientTargetPlatform (25)
[2016.01.31-02.22.18:247][267]LogModuleManager: Shutting down and abandoning module AllDesktopTargetPlatform (24)
[2016.01.31-02.22.18:247][267]LogModuleManager: Shutting down and abandoning module TargetPlatform (23)
[2016.01.31-02.22.18:247][267]LogModuleManager: Shutting down and abandoning module InputCore (22)
[2016.01.31-02.22.18:247][267]LogModuleManager: Shutting down and abandoning module Settings (21)
[2016.01.31-02.22.18:247][267]LogModuleManager: Shutting down and abandoning module OnlineSubsystem (19)
[2016.01.31-02.22.18:247][267]LogModuleManager: Shutting down and abandoning module HTTP (18)
[2016.01.31-02.22.18:247][267]LogModuleManager: Shutting down and abandoning module XMPP (17)
[2016.01.31-02.22.18:247][267]LogModuleManager: Shutting down and abandoning module OculusRift (16)
[2016.01.31-02.22.18:247][267]LogModuleManager: Shutting down and abandoning module ExampleDeviceProfileSelector (15)
[2016.01.31-02.22.18:247][267]LogModuleManager: Shutting down and abandoning module TextureCompressor (14)
[2016.01.31-02.22.18:247][267]LogModuleManager: Shutting down and abandoning module ShaderCore (13)
[2016.01.31-02.22.18:247][267]LogModuleManager: Shutting down and abandoning module Landscape (12)
[2016.01.31-02.22.18:247][267]LogModuleManager: Shutting down and abandoning module SlateRHIRenderer (11)
[2016.01.31-02.22.18:247][267]LogModuleManager: Shutting down and abandoning module OpenGLDrv (10)
[2016.01.31-02.22.18:247][267]LogModuleManager: Shutting down and abandoning module D3D11RHI (9)
[2016.01.31-02.22.18:247][267]LogModuleManager: Shutting down and abandoning module AnimGraphRuntime (8)
[2016.01.31-02.22.18:247][267]LogModuleManager: Shutting down and abandoning module Renderer (7)
[2016.01.31-02.22.18:247][267]LogModuleManager: Shutting down and abandoning module Engine (6)
[2016.01.31-02.22.18:247][267]LogModuleManager: Shutting down and abandoning module CoreUObject (5)
[2016.01.31-02.22.18:247][267]LogModuleManager: Shutting down and abandoning module NetworkFile (4)
[2016.01.31-02.22.18:247][267]LogModuleManager: Shutting down and abandoning module StreamingFile (3)
[2016.01.31-02.22.18:247][267]LogModuleManager: Shutting down and abandoning module SandboxFile (2)
[2016.01.31-02.22.18:247][267]LogModuleManager: Shutting down and abandoning module PakFile (1)
[2016.01.31-02.22.18:248][267]LogExit: Exiting.
[2016.01.31-02.22.18:250][267]Log file closed, 01/30/16 21:22:18
