[2016.01.31-03.00.46:768][  0]Log file open, 01/30/16 22:00:46
[2016.01.31-03.00.46:768][  0]LogInit:Display: Running engine for game: StopThatRitual
[2016.01.31-03.00.46:768][  0]LogPlatformFile: Not using cached read wrapper
[2016.01.31-03.00.46:768][  0]LogInit:Display: RandInit(1941893524) SRandInit(1941893526).
[2016.01.31-03.00.46:768][  0]LogTaskGraph: Started task graph with 4 named threads and 7 total threads.
[2016.01.31-03.00.46:768][  0]LogStats: Stats thread started at 0.070708
[2016.01.31-03.00.46:768][  0]LogInit: Version: 4.10.2-2818068+++depot+UE4-Releases+4.10
[2016.01.31-03.00.46:768][  0]LogInit: API Version: 2758231
[2016.01.31-03.00.46:768][  0]LogInit: Compiled (64-bit): Jan  6 2016 17:36:42
[2016.01.31-03.00.46:768][  0]LogInit: Compiled with Visual C++: 19.00.23026.00
[2016.01.31-03.00.46:768][  0]LogInit: Build Configuration: Development
[2016.01.31-03.00.46:768][  0]LogInit: Branch Name: ++depot+UE4-Releases+4.10
[2016.01.31-03.00.46:768][  0]LogInit: Command line:  /Temp/Autosaves/Game/Maps/UEDPCLvl_MainMenu -game -PIEVIACONSOLE -ResX=1280 -ResY=720  -Multiprocess 
[2016.01.31-03.00.46:768][  0]LogInit: Base directory: C:/Program Files (x86)/Epic Games/4.10/Engine/Binaries/Win64/
[2016.01.31-03.00.46:768][  0]LogInit: Rocket: 1
[2016.01.31-03.00.46:778][  0]LogInit: Using libcurl 7.41.0
[2016.01.31-03.00.46:778][  0]LogInit:  - built for x86_64-pc-win32
[2016.01.31-03.00.46:778][  0]LogInit:  - supports SSL with WinSSL
[2016.01.31-03.00.46:778][  0]LogInit:  - other features:
[2016.01.31-03.00.46:778][  0]LogInit:      CURL_VERSION_SSL
[2016.01.31-03.00.46:778][  0]LogInit:      CURL_VERSION_IPV6
[2016.01.31-03.00.46:778][  0]LogInit:      CURL_VERSION_ASYNCHDNS
[2016.01.31-03.00.46:778][  0]LogInit:      CURL_VERSION_LARGEFILE
[2016.01.31-03.00.46:778][  0]LogInit:      CURL_VERSION_IDN
[2016.01.31-03.00.46:779][  0]LogInit:  CurlRequestOptions (configurable via config and command line):
[2016.01.31-03.00.46:779][  0]LogInit:  - bVerifyPeer = true  - Libcurl will verify peer certificate
[2016.01.31-03.00.46:779][  0]LogInit:  - bUseHttpProxy = false  - Libcurl will NOT use HTTP proxy
[2016.01.31-03.00.46:779][  0]LogInit:  - bDontReuseConnections = false  - Libcurl will reuse connections
[2016.01.31-03.00.46:779][  0]LogInit:  - CertBundlePath = nullptr  - Libcurl will use whatever was configured at build time.
[2016.01.31-03.00.46:785][  0]LogInit: Presizing for 0 objects not considered by GC, pre-allocating 0 bytes.
[2016.01.31-03.00.46:792][  0]LogInit: Object subsystem initialized
[2016.01.31-03.00.46:793][  0]LogInit: Selected Device Profile: [Windows]
[2016.01.31-03.00.46:793][  0]LogInit: Applying CVar settings loaded from the selected device profile: [Windows]
[2016.01.31-03.00.46:795][  0]LogInit: Computer: THE-ASYLUM
[2016.01.31-03.00.46:795][  0]LogInit: User: Stalker
[2016.01.31-03.00.46:795][  0]LogInit: CPU Page size=4096, Cores=4
[2016.01.31-03.00.46:795][  0]LogInit: High frequency timer resolution =3.232216 MHz
[2016.01.31-03.00.46:795][  0]LogMemory: Memory total: Physical=7.9GB (8GB approx)
[2016.01.31-03.00.46:795][  0]LogMemory: Platform Memory Stats for Windows
[2016.01.31-03.00.46:795][  0]LogMemory: Process Physical Memory: 55.73 MB used, 55.73 MB peak
[2016.01.31-03.00.46:795][  0]LogMemory: Process Virtual Memory: 56.76 MB used, 56.76 MB peak
[2016.01.31-03.00.46:795][  0]LogMemory: Physical Memory: 4842.30 MB used, 8140.60 MB total
[2016.01.31-03.00.46:795][  0]LogMemory: Virtual Memory: 351.03 MB used, 8388608.00 MB total
[2016.01.31-03.00.46:825][  0]LogTextLocalizationManager: No specific translations for ('en-CA') exist, so ('en') translations will be used.
[2016.01.31-03.00.47:229][  0]LogD3D11RHI: Found D3D11 adapter 0: NVIDIA GeForce GTX 660 Ti (Feature Level 11_0)
[2016.01.31-03.00.47:229][  0]LogD3D11RHI: Adapter has 1994MB of dedicated video memory, 0MB of dedicated system memory, and 2047MB of shared system memory, 2 output[s]
[2016.01.31-03.00.47:229][  0]LogD3D11RHI: Chosen D3D11 Adapter Id = 0
[2016.01.31-03.00.47:234][  0]LogD3D11RHI: !Direct3DDevice
[2016.01.31-03.00.47:235][  0]LogRHI: Texture pool is 1361 MB (70% of 1945 MB)
[2016.01.31-03.00.47:244][  0]LogD3D11RHI: Async texture creation enabled
[2016.01.31-03.00.47:253][  0]LogShaderCompilers: Guid format shader working directory is 1 characters bigger than the processId version (../../../../../../GlobalGameJam/StopThatRitual/Intermediate/Shaders/WorkingDirectory/10908/).
[2016.01.31-03.00.47:253][  0]LogShaderCompilers: Cleaned the shader compiler working directory 'C:/Users/Stalker/AppData/Local/Temp/UnrealShaderWorkingDir/A4953B9E47CFF0F19D638FA48E667079/'.
[2016.01.31-03.00.47:253][  0]LogShaderCompilers:Display: Using Local Shader Compiler.
[2016.01.31-03.00.48:014][  0]LogTemp:Display: Loaded TP AllDesktopTargetPlatform
[2016.01.31-03.00.48:018][  0]LogTemp:Display: Loaded TP WindowsClientTargetPlatform
[2016.01.31-03.00.48:023][  0]LogTemp:Display: Loaded TP WindowsNoEditorTargetPlatform
[2016.01.31-03.00.48:027][  0]LogTemp:Display: Loaded TP WindowsServerTargetPlatform
[2016.01.31-03.00.48:031][  0]LogTemp:Display: Loaded TP WindowsTargetPlatform
[2016.01.31-03.00.48:033][  0]LogTemp:Display: Loaded TP AndroidTargetPlatform
[2016.01.31-03.00.48:036][  0]LogTemp:Display: Loaded TP Android_ASTCTargetPlatform
[2016.01.31-03.00.48:039][  0]LogTemp:Display: Loaded TP Android_ATCTargetPlatform
[2016.01.31-03.00.48:042][  0]LogTemp:Display: Loaded TP Android_DXTTargetPlatform
[2016.01.31-03.00.48:049][  0]LogTemp:Display: Loaded TP Android_ETC1TargetPlatform
[2016.01.31-03.00.48:052][  0]LogTemp:Display: Loaded TP Android_ETC2TargetPlatform
[2016.01.31-03.00.48:058][  0]LogTemp:Display: Loaded TP Android_MultiTargetPlatform
[2016.01.31-03.00.48:058][  0]LogTemp:Display: Loaded TP Android_PVRTCTargetPlatform
[2016.01.31-03.00.48:058][  0]LogTemp:Display: Loaded TP HTML5TargetPlatform
[2016.01.31-03.00.48:074][  0]LogTemp:Display: Loaded TP IOSTargetPlatform
[2016.01.31-03.00.48:076][  0]LogTemp:Display: Loaded TP LinuxNoEditorTargetPlatform
[2016.01.31-03.00.48:079][  0]LogTemp:Display: Loaded TP LinuxServerTargetPlatform
[2016.01.31-03.00.48:081][  0]LogTemp:Display: Loaded TP LinuxTargetPlatform
[2016.01.31-03.00.48:081][  0]LogTargetPlatformManager:Display: Building Assets For Windows
[2016.01.31-03.00.48:151][  0]LogDerivedDataCache:Display: Max Cache Size: 512 MB
[2016.01.31-03.00.48:193][  0]LogDerivedDataCache: Loaded boot cache 0.04s 41MB C:/Users/Stalker/AppData/Local/UnrealEngine/4.10/DerivedDataCache/Boot.ddc.
[2016.01.31-03.00.48:193][  0]LogDerivedDataCache:Display: Loaded Boot cache: C:/Users/Stalker/AppData/Local/UnrealEngine/4.10/DerivedDataCache/Boot.ddc
[2016.01.31-03.00.48:193][  0]LogDerivedDataCache: FDerivedDataBackendGraph:  Pak pak cache file ../../../../../../GlobalGameJam/StopThatRitual/DerivedDataCache/DDC.ddp not found, will not use a pak cache.
[2016.01.31-03.00.48:193][  0]LogDerivedDataCache: Unable to find inner node Pak for hierarchical cache Hierarchy.
[2016.01.31-03.00.48:193][  0]LogDerivedDataCache: FDerivedDataBackendGraph:  CompressedPak pak cache file ../../../../../../GlobalGameJam/StopThatRitual/DerivedDataCache/Compressed.ddp not found, will not use a pak cache.
[2016.01.31-03.00.48:193][  0]LogDerivedDataCache: Unable to find inner node CompressedPak for hierarchical cache Hierarchy.
[2016.01.31-03.00.48:255][  0]LogDerivedDataCache:Display: Pak cache opened for reading ../../../Engine/DerivedDataCache/Compressed.ddp.
[2016.01.31-03.00.48:266][  0]LogDerivedDataCache: Using Local data cache path C:/Users/Stalker/AppData/Local/UnrealEngine/Common/DerivedDataCache: Writable
[2016.01.31-03.00.48:441][  0]LogInit: Selected Device Profile: [Windows]
[2016.01.31-03.00.48:442][  0]LogContentStreaming: Texture pool size is 1000.000000MB
[2016.01.31-03.00.48:454][  0]LogMeshUtilities: No automatic mesh reduction module available
[2016.01.31-03.00.48:454][  0]LogMeshUtilities: No automatic mesh merging module available
[2016.01.31-03.00.48:750][  0]LogInit: WinSock: version 1.1 (2.2), MaxSocks=32767, MaxUdp=65467
[2016.01.31-03.00.48:925][  0]LogWindowsMoviePlayer: Unable to load movie: ../../../../../../GlobalGameJam/StopThatRitual/Content/Movies/Default_Startup.mp4
[2016.01.31-03.00.49:018][  0]SourceControl: Info Source control is disabled
[2016.01.31-03.00.49:018][  0]SourceControl: Info Source control is disabled
[2016.01.31-03.00.49:027][  0]SourceControl: Info Source control is disabled
[2016.01.31-03.00.49:172][  0]LogObj: 27935 objects as part of root set at end of initial load.
[2016.01.31-03.00.49:172][  0]LogUObjectAllocator: 5830072 out of 0 bytes used by permanent object pool.
[2016.01.31-03.00.49:226][  0]LogEngine: Initializing Engine...
[2016.01.31-03.00.49:228][  0]LogHMD: Can't find Oculus library dev build: is proper Runtime installed? Version: 0.8.0.0
[2016.01.31-03.00.49:228][  0]LogHMD: SteamVR failed to initialize.  Err: 100
[2016.01.31-03.00.49:337][  0]LogInit: XAudio2 using 'Headphones (Razer Kraken USB)' : 2 channels at 44.1 kHz using 16 bits per sample (channel mask 0x3)
[2016.01.31-03.00.49:343][  0]LogInit: FAudioDevice initialized.
[2016.01.31-03.00.49:349][  0]LogInit: Texture streaming: Enabled
[2016.01.31-03.00.49:419][  0]LogNet: Browse: /Temp/Autosaves/Game/Maps/UEDPCLvl_MainMenu?Name=Player
[2016.01.31-03.00.49:419][  0]LogLoad: LoadMap: /Temp/Autosaves/Game/Maps/UEDPCLvl_MainMenu?Name=Player
[2016.01.31-03.00.49:430][  0]LogParticles: Destroying 0 GPU particle simulations for FXSystem 0x000000001241AC00
[2016.01.31-03.00.49:438][  0]LogMemory: Platform Memory Stats for Windows
[2016.01.31-03.00.49:438][  0]LogMemory: Process Physical Memory: 389.31 MB used, 389.31 MB peak
[2016.01.31-03.00.49:438][  0]LogMemory: Process Virtual Memory: 381.59 MB used, 381.59 MB peak
[2016.01.31-03.00.49:438][  0]LogMemory: Physical Memory: 5124.91 MB used, 8140.60 MB total
[2016.01.31-03.00.49:438][  0]LogMemory: Virtual Memory: 882.31 MB used, 8388608.00 MB total
[2016.01.31-03.00.49:438][  0]LogMemory: 
[2016.01.31-03.00.49:438][  0]Allocator Stats for TBB: (not implemented)
[2016.01.31-03.00.49:494][  0]LogAIModule: Creating AISystem for world Lvl_MainMenu
[2016.01.31-03.00.49:494][  0]LogWorld: Game class is 'MenuGameMode_C'
[2016.01.31-03.00.49:495][  0]LogWorld: Bringing World /Temp/Autosaves/Game/Maps/UEDPCLvl_MainMenu.Lvl_MainMenu up for play (max tick rate 0) at 2016.01.30-22.00.49
[2016.01.31-03.00.49:496][  0]LogWorld: Bringing up level for play took: 0.000564
[2016.01.31-03.00.49:497][  0]r.SetRes = "640x480w"
[2016.01.31-03.00.49:497][  0]LogInit:Display: Game Engine Initialized.
[2016.01.31-03.00.49:717][  0]LogLoad: Full Startup: 3.18 seconds (BP compile: 0.02 seconds)
[2016.01.31-03.00.49:739][  0]LogOcInput: Can't find Oculus library dev build: is proper Runtime installed? Version: 0.8.0.0
[2016.01.31-03.00.49:879][  0]LogRenderer: Reallocating scene render targets to support 640x480 (Frame:2).
[2016.01.31-03.00.54:075][240]LogPackageName: SearchForPackageOnDisk took   0.063s to resolve Lvl_Loading.umap.
[2016.01.31-03.00.54:124][240]LogPackageName: SearchForPackageOnDisk took   0.049s to resolve Lvl_Loading.umap.
[2016.01.31-03.00.54:124][240]LogNet: Browse: /Game/Maps/Lvl_Loading
[2016.01.31-03.00.54:124][240]LogLoad: LoadMap: /Game/Maps/Lvl_Loading
[2016.01.31-03.00.54:135][240]LogParticles: Destroying 0 GPU particle simulations for FXSystem 0x000000000F434E00
[2016.01.31-03.00.54:145][240]LogMemory: Platform Memory Stats for Windows
[2016.01.31-03.00.54:145][240]LogMemory: Process Physical Memory: 401.39 MB used, 411.94 MB peak
[2016.01.31-03.00.54:145][240]LogMemory: Process Virtual Memory: 386.22 MB used, 399.71 MB peak
[2016.01.31-03.00.54:145][240]LogMemory: Physical Memory: 5128.94 MB used, 8140.60 MB total
[2016.01.31-03.00.54:145][240]LogMemory: Virtual Memory: 903.57 MB used, 8388608.00 MB total
[2016.01.31-03.00.54:145][240]LogMemory: 
[2016.01.31-03.00.54:145][240]Allocator Stats for TBB: (not implemented)
[2016.01.31-03.00.54:158][240]LogAIModule: Creating AISystem for world Lvl_Loading
[2016.01.31-03.00.54:1