[2016.01.30-20.10.08:530][  0]Log file open, 01/30/16 15:10:08
[2016.01.30-20.10.08:530][  0]LogInit:Display: Running engine for game: StopThatRitual
[2016.01.30-20.10.08:530][  0]LogPlatformFile: Not using cached read wrapper
[2016.01.30-20.10.08:530][  0]LogInit:Display: RandInit(-1075747103) SRandInit(-1075747102).
[2016.01.30-20.10.08:530][  0]LogTaskGraph: Started task graph with 4 named threads and 7 total threads.
[2016.01.30-20.10.08:530][  0]LogStats: Stats thread started at 0.071610
[2016.01.30-20.10.08:530][  0]LogInit: Version: 4.10.2-2818068+++depot+UE4-Releases+4.10
[2016.01.30-20.10.08:530][  0]LogInit: API Version: 2758231
[2016.01.30-20.10.08:530][  0]LogInit: Compiled (64-bit): Jan  6 2016 17:36:42
[2016.01.30-20.10.08:530][  0]LogInit: Compiled with Visual C++: 19.00.23026.00
[2016.01.30-20.10.08:530][  0]LogInit: Build Configuration: Development
[2016.01.30-20.10.08:530][  0]LogInit: Branch Name: ++depot+UE4-Releases+4.10
[2016.01.30-20.10.08:530][  0]LogInit: Command line:  /Temp/Autosaves/Game/Maps/UEDPCLvl_MainMenu -game -PIEVIACONSOLE -ResX=1280 -ResY=720  -Multiprocess 
[2016.01.30-20.10.08:530][  0]LogInit: Base directory: C:/Program Files (x86)/Epic Games/4.10/Engine/Binaries/Win64/
[2016.01.30-20.10.08:530][  0]LogInit: Rocket: 1
[2016.01.30-20.10.08:536][  0]LogInit: Using libcurl 7.41.0
[2016.01.30-20.10.08:536][  0]LogInit:  - built for x86_64-pc-win32
[2016.01.30-20.10.08:536][  0]LogInit:  - supports SSL with WinSSL
[2016.01.30-20.10.08:536][  0]LogInit:  - other features:
[2016.01.30-20.10.08:537][  0]LogInit:      CURL_VERSION_SSL
[2016.01.30-20.10.08:537][  0]LogInit:      CURL_VERSION_IPV6
[2016.01.30-20.10.08:537][  0]LogInit:      CURL_VERSION_ASYNCHDNS
[2016.01.30-20.10.08:537][  0]LogInit:      CURL_VERSION_LARGEFILE
[2016.01.30-20.10.08:537][  0]LogInit:      CURL_VERSION_IDN
[2016.01.30-20.10.08:537][  0]LogInit:  CurlRequestOptions (configurable via config and command line):
[2016.01.30-20.10.08:537][  0]LogInit:  - bVerifyPeer = true  - Libcurl will verify peer certificate
[2016.01.30-20.10.08:537][  0]LogInit:  - bUseHttpProxy = false  - Libcurl will NOT use HTTP proxy
[2016.01.30-20.10.08:537][  0]LogInit:  - bDontReuseConnections = false  - Libcurl will reuse connections
[2016.01.30-20.10.08:537][  0]LogInit:  - CertBundlePath = nullptr  - Libcurl will use whatever was configured at build time.
[2016.01.30-20.10.08:543][  0]LogInit: Presizing for 0 objects not considered by GC, pre-allocating 0 bytes.
[2016.01.30-20.10.08:550][  0]LogInit: Object subsystem initialized
[2016.01.30-20.10.08:551][  0]LogInit: Selected Device Profile: [Windows]
[2016.01.30-20.10.08:551][  0]LogInit: Applying CVar settings loaded from the selected device profile: [Windows]
[2016.01.30-20.10.08:553][  0]LogInit: Computer: THE-ASYLUM
[2016.01.30-20.10.08:553][  0]LogInit: User: Stalker
[2016.01.30-20.10.08:553][  0]LogInit: CPU Page size=4096, Cores=4
[2016.01.30-20.10.08:553][  0]LogInit: High frequency timer resolution =3.232197 MHz
[2016.01.30-20.10.08:553][  0]LogMemory: Memory total: Physical=7.9GB (8GB approx)
[2016.01.30-20.10.08:553][  0]LogMemory: Platform Memory Stats for Windows
[2016.01.30-20.10.08:553][  0]LogMemory: Process Physical Memory: 55.66 MB used, 55.66 MB peak
[2016.01.30-20.10.08:553][  0]LogMemory: Process Virtual Memory: 58.70 MB used, 58.70 MB peak
[2016.01.30-20.10.08:553][  0]LogMemory: Physical Memory: 3706.69 MB used, 8140.60 MB total
[2016.01.30-20.10.08:553][  0]LogMemory: Virtual Memory: 352.96 MB used, 8388608.00 MB total
[2016.01.30-20.10.08:583][  0]LogTextLocalizationManager: No specific translations for ('en-CA') exist, so ('en') translations will be used.
[2016.01.30-20.10.08:952][  0]LogD3D11RHI: Found D3D11 adapter 0: NVIDIA GeForce GTX 660 Ti (Feature Level 11_0)
[2016.01.30-20.10.08:953][  0]LogD3D11RHI: Adapter has 1994MB of dedicated video memory, 0MB of dedicated system memory, and 2047MB of shared system memory, 2 output[s]
[2016.01.30-20.10.08:953][  0]LogD3D11RHI: Chosen D3D11 Adapter Id = 0
[2016.01.30-20.10.08:960][  0]LogD3D11RHI: !Direct3DDevice
[2016.01.30-20.10.08:961][  0]LogRHI: Texture pool is 1361 MB (70% of 1945 MB)
[2016.01.30-20.10.08:969][  0]LogD3D11RHI: Async texture creation enabled
[2016.01.30-20.10.08:978][  0]LogShaderCompilers: Guid format shader working directory is 2 characters bigger than the processId version (../../../../../../GlobalGameJam/StopThatRitual/Intermediate/Shaders/WorkingDirectory/4848/).
[2016.01.30-20.10.08:978][  0]LogShaderCompilers: Cleaned the shader compiler working directory 'C:/Users/Stalker/AppData/Local/Temp/UnrealShaderWorkingDir/59E1CF1B4794F5D5FF9C6DBEAE1D1BFF/'.
[2016.01.30-20.10.08:978][  0]LogShaderCompilers:Display: Using Local Shader Compiler.
[2016.01.30-20.10.09:719][  0]LogTemp:Display: Loaded TP AllDesktopTargetPlatform
[2016.01.30-20.10.09:724][  0]LogTemp:Display: Loaded TP WindowsClientTargetPlatform
[2016.01.30-20.10.09:728][  0]LogTemp:Display: Loaded TP WindowsNoEditorTargetPlatform
[2016.01.30-20.10.09:732][  0]LogTemp:Display: Loaded TP WindowsServerTargetPlatform
[2016.01.30-20.10.09:736][  0]LogTemp:Display: Loaded TP WindowsTargetPlatform
[2016.01.30-20.10.09:738][  0]LogTemp:Display: Loaded TP AndroidTargetPlatform
[2016.01.30-20.10.09:741][  0]LogTemp:Display: Loaded TP Android_ASTCTargetPlatform
[2016.01.30-20.10.09:743][  0]LogTemp:Display: Loaded TP Android_ATCTargetPlatform
[2016.01.30-20.10.09:746][  0]LogTemp:Display: Loaded TP Android_DXTTargetPlatform
[2016.01.30-20.10.09:749][  0]LogTemp:Display: Loaded TP Android_ETC1TargetPlatform
[2016.01.30-20.10.09:752][  0]LogTemp:Display: Loaded TP Android_ETC2TargetPlatform
[2016.01.30-20.10.09:757][  0]LogTemp:Display: Loaded TP Android_MultiTargetPlatform
[2016.01.30-20.10.09:757][  0]LogTemp:Display: Loaded TP Android_PVRTCTargetPlatform
[2016.01.30-20.10.09:758][  0]LogTemp:Display: Loaded TP HTML5TargetPlatform
[2016.01.30-20.10.09:773][  0]LogTemp:Display: Loaded TP IOSTargetPlatform
[2016.01.30-20.10.09:775][  0]LogTemp:Display: Loaded TP LinuxNoEditorTargetPlatform
[2016.01.30-20.10.09:778][  0]LogTemp:Display: Loaded TP LinuxServerTargetPlatform
[2016.01.30-20.10.09:780][  0]LogTemp:Display: Loaded TP LinuxTargetPlatform
[2016.01.30-20.10.09:780][  0]LogTargetPlatformManager:Display: Building Assets For Windows
[2016.01.30-20.10.09:847][  0]LogDerivedDataCache:Display: Max Cache Size: 512 MB
[2016.01.30-20.10.09:889][  0]LogDerivedDataCache: Loaded boot cache 0.04s 45MB C:/Users/Stalker/AppData/Local/UnrealEngine/4.10/DerivedDataCache/Boot.ddc.
[2016.01.30-20.10.09:889][  0]LogDerivedDataCache:Display: Loaded Boot cache: C:/Users/Stalker/AppData/Local/UnrealEngine/4.10/DerivedDataCache/Boot.ddc
[2016.01.30-20.10.09:889][  0]LogDerivedDataCache: FDerivedDataBackendGraph:  Pak pak cache file ../../../../../../GlobalGameJam/StopThatRitual/DerivedDataCache/DDC.ddp not found, will not use a pak cache.
[2016.01.30-20.10.09:889][  0]LogDerivedDataCache: Unable to find inner node Pak for hierarchical cache Hierarchy.
[2016.01.30-20.10.09:889][  0]LogDerivedDataCache: FDerivedDataBackendGraph:  CompressedPak pak cache file ../../../../../../GlobalGameJam/StopThatRitual/DerivedDataCache/Compressed.ddp not found, will not use a pak cache.
[2016.01.30-20.10.09:889][  0]LogDerivedDataCache: Unable to find inner node CompressedPak for hierarchical cache Hierarchy.
[2016.01.30-20.10.09:949][  0]LogDerivedDataCache:Display: Pak cache opened for reading ../../../Engine/DerivedDataCache/Compressed.ddp.
[2016.01.30-20.10.09:960][  0]LogDerivedDataCache: Using Local data cache path C:/Users/Stalker/AppData/Local/UnrealEngine/Common/DerivedDataCache: Writable
[2016.01.30-20.10.10:130][  0]LogInit: Selected Device Profile: [Windows]
[2016.01.30-20.10.10:131][  0]LogContentStreaming: Texture pool size is 1000.000000MB
[2016.01.30-20.10.10:143][  0]LogMeshUtilities: No automatic mesh reduction module available
[2016.01.30-20.10.10:143][  0]LogMeshUtilities: No automatic mesh merging module available
[2016.01.30-20.10.10:434][  0]LogInit: WinSock: version 1.1 (2.2), MaxSocks=32767, MaxUdp=65467
[2016.01.30-20.10.10:605][  0]LogWindowsMoviePlayer: Unable to load movie: ../../../../../../GlobalGameJam/StopThatRitual/Content/Movies/Default_Startup.mp4
[2016.01.30-20.10.10:698][  0]SourceControl: Info Source control is disabled
[2016.01.30-20.10.10:698][  0]SourceControl: Info Source control is disabled
[2016.01.30-20.10.10:707][  0]SourceControl: Info Source control is disabled
[2016.01.30-20.10.10:849][  0]LogObj: 27935 objects as part of root set at end of initial load.
[2016.01.30-20.10.10:849][  0]LogUObjectAllocator: 5830072 out of 0 bytes used by permanent object pool.
[2016.01.30-20.10.10:906][  0]LogEngine: Initializing Engine...
[2016.01.30-20.10.10:908][  0]LogHMD: Can't find Oculus library dev build: is proper Runtime installed? Version: 0.8.0.0
[2016.01.30-20.10.10:908][  0]LogHMD: SteamVR failed to initialize.  Err: 100
[2016.01.30-20.10.11:015][  0]LogInit: XAudio2 using 'Headphones (Razer Kraken USB)' : 2 channels at 44.1 kHz using 16 bits per sample (channel mask 0x3)
[2016.01.30-20.10.11:021][  0]LogInit: FAudioDevice initialized.
[2016.01.30-20.10.11:026][  0]LogInit: Texture streaming: Enabled
[2016.01.30-20.10.11:092][  0]LogNet: Browse: /Temp/Autosaves/Game/Maps/UEDPCLvl_MainMenu?Name=Player
[2016.01.30-20.10.11:093][  0]LogLoad: LoadMap: /Temp/Autosaves/Game/Maps/UEDPCLvl_MainMenu?Name=Player
[2016.01.30-20.10.11:102][  0]LogParticles: Destroying 0 GPU particle simulations for FXSystem 0x0000000012712C00
[2016.01.30-20.10.11:112][  0]LogMemory: Platform Memory Stats for Windows
[2016.01.30-20.10.11:112][  0]LogMemory: Process Physical Memory: 389.43 MB used, 389.43 MB peak
[2016.01.30-20.10.11:112][  0]LogMemory: Process Virtual Memory: 381.75 MB used, 381.75 MB peak
[2016.01.30-20.10.11:112][  0]LogMemory: Physical Memory: 3977.44 MB used, 8140.60 MB total
[2016.01.30-20.10.11:112][  0]LogMemory: Virtual Memory: 882.25 MB used, 8388608.00 MB total
[2016.01.30-20.10.11:112][  0]LogMemory: 
[2016.01.30-20.10.11:112][  0]Allocator Stats for TBB: (not implemented)
[2016.01.30-20.10.11:152][  0]LogAIModule: Creating AISystem for world Lvl_MainMenu
[2016.01.30-20.10.11:152][  0]LogWorld: Game class is 'GameMode'
[2016.01.30-20.10.11:153][  0]LogWorld: Bringing World /Temp/Autosaves/Game/Maps/UEDPCLvl_MainMenu.Lvl_MainMenu up for play (max tick rate 0) at 2016.01.30-15.10.11
[2016.01.30-20.10.11:154][  0]LogWorld: Bringing up level for play took: 0.000507
[2016.01.30-20.10.11:155][  0]r.SetRes = "640x480w"
[2016.01.30-20.10.11:157][  0]LogInit:Display: Game Engine Initialized.
[2016.01.30-20.10.11:378][  0]LogLoad: Full Startup: 3.08 seconds (BP compile: 0.02 seconds)
[2016.01.30-20.10.11:400][  0]LogOcInput: Can't find Oculus library dev build: is proper Runtime installed? Version: 0.8.0.0
[2016.01.30-20.10.11:543][  0]LogRenderer: Reallocating scene render targets to support 640x480 (Frame:2).
[2016.01.30-20.10.15:611][241]LogPackageName: SearchForPackageOnDisk took   0.074s to resolve Lvl_Loading.umap.
[2016.01.30-20.10.15:654][241]LogPackageName: SearchForPackageOnDisk took   0.042s to resolve Lvl_Loading.umap.
[2016.01.30-20.10.15:654][241]LogNet: Browse: /Game/Maps/Lvl_Loading
[2016.01.30-20.10.15:654][241]LogLoad: LoadMap: /Game/Maps/Lvl_Loading
[2016.01.30-20.10.15:685][241]LogParticles: Destroying 0 GPU particle simulations for FXSystem 0x0000000013AA5EE0
[2016.01.30-20.10.15:706][241]LogMemory: Platform Memory Stats for Windows
[2016.01.30-20.10.15:706][241]LogMemory: Process Physical Memory: 394.43 MB used, 418.64 MB peak
[2016.01.30-20.10.15:706][241]LogMemory: Process Virtual Memory: 379.97 MB used, 411.78 MB peak
[2016.01.30-20.10.15:706][241]LogMemory: Physical Memory: 3975.21 MB used, 8140.60 MB total
[2016.01.30-20.10.15:706][241]LogMemory: Virtual Memory: 896.75 MB used, 8388608.00 MB total
[2016.01.30-20.10.15:706][241]LogMemory: 
[2016.01.30-20.10.15:706][241]Allocator Stats for TBB: (not implemented)
[2016.01.30-20.10.15:707][241]LogAIModule: Creating AISystem for world Lvl_Loading
[2016.01.30-20.10.15:707][241]LogWorld: Game class is 'GameMode'
[2016.01.30-20.10.15:709][241]LogWorld: Bringing World /Game/Maps/Lvl_Loading.Lvl_Loading up for play (max tick rate 0) at 2016.01.30-15.10.15
[2016.01.30-20.10.15:709][241]LogWorld: Bringing up level for play took: 0.000321
[2016.01.30-20.10.15:709][241]LogGameMode: Warning - PATHS NOT DEFINED or NO PLAYERSTART with positive rating
[2016.01.30-20.10.18:706][420]LogEngine: All Windows Closed
[2016.01.30-20.10.18:706][420]LogWindows: FPlatformMisc::RequestExit(0)
[2016.01.30-20.10.18:913][421]LogExit: Preparing to exit.
[2016.01.30-20.10.19:021][421]LogExit: Game engine shut down
[2016.01.30-20.10.19:134][421]LogParticles: Destroying 0 GPU particle simulations for FXSystem 0x000000001E055760
[2016.01.30-20.10.19:134][421]LogExit: Object subsystem successfully closed.
[2016.01.30-20.10.19:146][421]LogD3D11RHI: Shutdown
[2016.01.30-20.10.19:146][421]LogD3D11RHI: CleanupD3DDevice
[2016.01.30-20.10.19:179][421]LogD3D11RHI: ~FD3D11DynamicRHI
[2016.01.30-20.10.19:187][421]LogModuleManager: Shutting down and abandoning module AndroidDeviceDetection (117)
[2016.01.30-20.10.19:397][421]LogModuleManager: Shutting down and abandoning module AutomationController (116)
[2016.01.30-20.10.19:397][421]LogModuleManager: Shutting down and abandoning module AutomationWorker (115)
[2016.01.30-20.10.19:397][421]LogModuleManager: Shutting down and abandoning module CharacterAI (114)
[2016.01.30-20.10.19:397][421]LogModuleManager: Shutting down and abandoning module AITestSuite (113)
[2016.01.30-20.10.19:397][421]LogModuleManager: Shutting down and abandoning module GameplayDebugger (112)
[2016.01.30-20.10.19:397][421]LogModuleManager: Shutting down and abandoning module AIModule (111)
[2016.01.30-20.10.19:397][421]LogModuleManager: Shutting down and abandoning module MovieSceneCapture (110)
[2016.01.30-20.10.19:397][421]LogModuleManager: Shutting down and abandoning module GameLiveStreaming (109)
[2016.01.30-20.10.19:397][421]LogModuleManager: Shutting down and abandoning module StreamingPauseRendering (108)
[2016.01.30-20.10.19:397][421]LogModuleManager: Shutting down and abandoning module ProfilerService (107)
[2016.01.30-20.10.19:620][421]LogModuleManager: Shutting down and abandoning module TaskGraph (106)
[2016.01.30-20.10.19:620][421]LogModuleManager: Shutting down and abandoning module SlateRemote (105)
[2016.01.30-20.10.19:620][421]LogModuleManager: Shutting down and abandoning module SteamVRController (104)
[2016.01.30-20.10.19:620][421]LogModuleManager: Shutting down and abandoning module SteamVR (103)
[2016.01.30-20.10.19:620][421]LogModuleManager: Shutting down and abandoning module ProceduralMeshComponent (102)
[2016.01.30-20.10.19:620][421]LogModuleManager: Shutting down and abandoning module OculusLibrary (101)
[2016.01.30-20.10.19:620][421]LogModuleManager: Shutting down and abandoning module OculusInput (100)
[2016.01.30-20.10.19:620][421]LogModuleManager: Shutting down and abandoning module LeapMotionController (99)
[2016.01.30-20.10.19:624][421]LogModuleManager: Shutting down and abandoning module CustomMeshComponent (98)
[2016.01.30-20.10.19:624][421]LogModuleManager: Shutting down and abandoning module CableComponent (97)
[2016.01.30-20.10.19:624][421]LogModuleManager: Shutting down and abandoning module ArchVisCharacter (96)
[2016.01.30-20.10.19:624][421]LogModuleManager: Shutting down and abandoning module HTML5Networking (95)
[2016.01.30-20.10.19:624][421]LogModuleManager: Shutting down and abandoning module DesktopPlatform (94)
[2016.01.30-20.10.19:625][421]LogModuleManager: Shutting down and abandoning module DirectoryWatcher (93)
[2016.01.30-20.10.19:625][421]LogModuleManager: Shutting down and abandoning module HotReload (92)
[2016.01.30-20.10.19:625][421]LogModuleManager: Shutting down and abandoning module VisualStudioSourceCodeAccess (91)
[2016.01.30-20.10.19:625][421]LogModuleManager: Shutting down and abandoning module UObjectPlugin (90)
[2016.01.30-20.10.19:625][421]LogModuleManager: Shutting down and abandoning module SubversionSou