[2016.01.31-04.26.38:993][  0]Log file open, 01/30/16 23:26:38
[2016.01.31-04.26.38:993][  0]LogInit:Display: Running engine for game: StopThatRitual
[2016.01.31-04.26.38:993][  0]LogPlatformFile: Not using cached read wrapper
[2016.01.31-04.26.38:993][  0]LogInit:Display: RandInit(1414762990) SRandInit(1414762992).
[2016.01.31-04.26.38:993][  0]LogTaskGraph: Started task graph with 4 named threads and 7 total threads.
[2016.01.31-04.26.38:993][  0]LogStats: Stats thread started at 0.075481
[2016.01.31-04.26.38:993][  0]LogInit: Version: 4.10.2-2818068+++depot+UE4-Releases+4.10
[2016.01.31-04.26.38:993][  0]LogInit: API Version: 2758231
[2016.01.31-04.26.38:993][  0]LogInit: Compiled (64-bit): Jan  6 2016 17:36:42
[2016.01.31-04.26.38:993][  0]LogInit: Compiled with Visual C++: 19.00.23026.00
[2016.01.31-04.26.38:993][  0]LogInit: Build Configuration: Development
[2016.01.31-04.26.38:993][  0]LogInit: Branch Name: ++depot+UE4-Releases+4.10
[2016.01.31-04.26.38:993][  0]LogInit: Command line:  /Temp/Autosaves/Game/Maps/UEDPCLvl_Loading -game -PIEVIACONSOLE -ResX=640 -ResY=480  -Multiprocess 
[2016.01.31-04.26.38:993][  0]LogInit: Base directory: C:/Program Files (x86)/Epic Games/4.10/Engine/Binaries/Win64/
[2016.01.31-04.26.38:993][  0]LogInit: Rocket: 1
[2016.01.31-04.26.39:008][  0]LogInit: Using libcurl 7.41.0
[2016.01.31-04.26.39:008][  0]LogInit:  - built for x86_64-pc-win32
[2016.01.31-04.26.39:008][  0]LogInit:  - supports SSL with WinSSL
[2016.01.31-04.26.39:008][  0]LogInit:  - other features:
[2016.01.31-04.26.39:008][  0]LogInit:      CURL_VERSION_SSL
[2016.01.31-04.26.39:008][  0]LogInit:      CURL_VERSION_IPV6
[2016.01.31-04.26.39:008][  0]LogInit:      CURL_VERSION_ASYNCHDNS
[2016.01.31-04.26.39:008][  0]LogInit:      CURL_VERSION_LARGEFILE
[2016.01.31-04.26.39:008][  0]LogInit:      CURL_VERSION_IDN
[2016.01.31-04.26.39:008][  0]LogInit:  CurlRequestOptions (configurable via config and command line):
[2016.01.31-04.26.39:008][  0]LogInit:  - bVerifyPeer = true  - Libcurl will verify peer certificate
[2016.01.31-04.26.39:008][  0]LogInit:  - bUseHttpProxy = false  - Libcurl will NOT use HTTP proxy
[2016.01.31-04.26.39:008][  0]LogInit:  - bDontReuseConnections = false  - Libcurl will reuse connections
[2016.01.31-04.26.39:008][  0]LogInit:  - CertBundlePath = nullptr  - Libcurl will use whatever was configured at build time.
[2016.01.31-04.26.39:015][  0]LogInit: Presizing for 0 objects not considered by GC, pre-allocating 0 bytes.
[2016.01.31-04.26.39:022][  0]LogInit: Object subsystem initialized
[2016.01.31-04.26.39:023][  0]LogInit: Selected Device Profile: [Windows]
[2016.01.31-04.26.39:023][  0]LogInit: Applying CVar settings loaded from the selected device profile: [Windows]
[2016.01.31-04.26.39:026][  0]LogInit: Computer: THE-ASYLUM
[2016.01.31-04.26.39:026][  0]LogInit: User: Stalker
[2016.01.31-04.26.39:026][  0]LogInit: CPU Page size=4096, Cores=4
[2016.01.31-04.26.39:026][  0]LogInit: High frequency timer resolution =3.232216 MHz
[2016.01.31-04.26.39:026][  0]LogMemory: Memory total: Physical=7.9GB (8GB approx)
[2016.01.31-04.26.39:026][  0]LogMemory: Platform Memory Stats for Windows
[2016.01.31-04.26.39:026][  0]LogMemory: Process Physical Memory: 55.75 MB used, 55.75 MB peak
[2016.01.31-04.26.39:026][  0]LogMemory: Process Virtual Memory: 56.75 MB used, 56.75 MB peak
[2016.01.31-04.26.39:026][  0]LogMemory: Physical Memory: 3918.79 MB used, 8140.60 MB total
[2016.01.31-04.26.39:026][  0]LogMemory: Virtual Memory: 351.03 MB used, 8388608.00 MB total
[2016.01.31-04.26.39:057][  0]LogTextLocalizationManager: No specific translations for ('en-CA') exist, so ('en') translations will be used.
[2016.01.31-04.26.39:433][  0]LogD3D11RHI: Found D3D11 adapter 0: NVIDIA GeForce GTX 660 Ti (Feature Level 11_0)
[2016.01.31-04.26.39:433][  0]LogD3D11RHI: Adapter has 1994MB of dedicated video memory, 0MB of dedicated system memory, and 2047MB of shared system memory, 2 output[s]
[2016.01.31-04.26.39:433][  0]LogD3D11RHI: Chosen D3D11 Adapter Id = 0
[2016.01.31-04.26.39:439][  0]LogD3D11RHI: !Direct3DDevice
[2016.01.31-04.26.39:440][  0]LogRHI: Texture pool is 1361 MB (70% of 1945 MB)
[2016.01.31-04.26.39:447][  0]LogD3D11RHI: Async texture creation enabled
[2016.01.31-04.26.39:456][  0]LogShaderCompilers: Guid format shader working directory is 1 characters bigger than the processId version (../../../../../../GlobalGameJam/StopThatRitual/Intermediate/Shaders/WorkingDirectory/12208/).
[2016.01.31-04.26.39:456][  0]LogShaderCompilers: Cleaned the shader compiler working directory 'C:/Users/Stalker/AppData/Local/Temp/UnrealShaderWorkingDir/FAB08CAC4C0114E04BCABAAAA9AD6D7C/'.
[2016.01.31-04.26.39:456][  0]LogShaderCompilers:Display: Using Local Shader Compiler.
[2016.01.31-04.26.40:200][  0]LogTemp:Display: Loaded TP AllDesktopTargetPlatform
[2016.01.31-04.26.40:205][  0]LogTemp:Display: Loaded TP WindowsClientTargetPlatform
[2016.01.31-04.26.40:209][  0]LogTemp:Display: Loaded TP WindowsNoEditorTargetPlatform
[2016.01.31-04.26.40:213][  0]LogTemp:Display: Loaded TP WindowsServerTargetPlatform
[2016.01.31-04.26.40:218][  0]LogTemp:Display: Loaded TP WindowsTargetPlatform
[2016.01.31-04.26.40:220][  0]LogTemp:Display: Loaded TP AndroidTargetPlatform
[2016.01.31-04.26.40:223][  0]LogTemp:Display: Loaded TP Android_ASTCTargetPlatform
[2016.01.31-04.26.40:226][  0]LogTemp:Display: Loaded TP Android_ATCTargetPlatform
[2016.01.31-04.26.40:229][  0]LogTemp:Display: Loaded TP Android_DXTTargetPlatform
[2016.01.31-04.26.40:232][  0]LogTemp:Display: Loaded TP Android_ETC1TargetPlatform
[2016.01.31-04.26.40:235][  0]LogTemp:Display: Loaded TP Android_ETC2TargetPlatform
[2016.01.31-04.26.40:240][  0]LogTemp:Display: Loaded TP Android_MultiTargetPlatform
[2016.01.31-04.26.40:240][  0]LogTemp:Display: Loaded TP Android_PVRTCTargetPlatform
[2016.01.31-04.26.40:241][  0]LogTemp:Display: Loaded TP HTML5TargetPlatform
[2016.01.31-04.26.40:256][  0]LogTemp:Display: Loaded TP IOSTargetPlatform
[2016.01.31-04.26.40:258][  0]LogTemp:Display: Loaded TP LinuxNoEditorTargetPlatform
[2016.01.31-04.26.40:260][  0]LogTemp:Display: Loaded TP LinuxServerTargetPlatform
[2016.01.31-04.26.40:263][  0]LogTemp:Display: Loaded TP LinuxTargetPlatform
[2016.01.31-04.26.40:263][  0]LogTargetPlatformManager:Display: Building Assets For Windows
[2016.01.31-04.26.40:333][  0]LogDerivedDataCache:Display: Max Cache Size: 512 MB
[2016.01.31-04.26.40:344][  0]LogDerivedDataCache: Loaded boot cache 0.01s 11MB C:/Users/Stalker/AppData/Local/UnrealEngine/4.10/DerivedDataCache/Boot.ddc.
[2016.01.31-04.26.40:344][  0]LogDerivedDataCache:Display: Loaded Boot cache: C:/Users/Stalker/AppData/Local/UnrealEngine/4.10/DerivedDataCache/Boot.ddc
[2016.01.31-04.26.40:344][  0]LogDerivedDataCache: FDerivedDataBackendGraph:  Pak pak cache file ../../../../../../GlobalGameJam/StopThatRitual/DerivedDataCache/DDC.ddp not found, will not use a pak cache.
[2016.01.31-04.26.40:344][  0]LogDerivedDataCache: Unable to find inner node Pak for hierarchical cache Hierarchy.
[2016.01.31-04.26.40:344][  0]LogDerivedDataCache: FDerivedDataBackendGraph:  CompressedPak pak cache file ../../../../../../GlobalGameJam/StopThatRitual/DerivedDataCache/Compressed.ddp not found, will not use a pak cache.
[2016.01.31-04.26.40:344][  0]LogDerivedDataCache: Unable to find inner node CompressedPak for hierarchical cache Hierarchy.
[2016.01.31-04.26.40:406][  0]LogDerivedDataCache:Display: Pak cache opened for reading ../../../Engine/DerivedDataCache/Compressed.ddp.
[2016.01.31-04.26.40:417][  0]LogDerivedDataCache: Using Local data cache path C:/Users/Stalker/AppData/Local/UnrealEngine/Common/DerivedDataCache: Writable
[2016.01.31-04.26.40:589][  0]LogInit: Selected Device Profile: [Windows]
[2016.01.31-04.26.40:589][  0]LogContentStreaming: Texture pool size is 1000.000000MB
[2016.01.31-04.26.40:603][  0]LogMeshUtilities: No automatic mesh reduction module available
[2016.01.31-04.26.40:603][  0]LogMeshUtilities: No automatic mesh merging module available
[2016.01.31-04.26.40:992][  0]LogInit: WinSock: version 1.1 (2.2), MaxSocks=32767, MaxUdp=65467
[2016.01.31-04.26.41:167][  0]LogWindowsMoviePlayer: Unable to load movie: ../../../../../../GlobalGameJam/StopThatRitual/Content/Movies/Default_Startup.mp4
[2016.01.31-04.26.41:259][  0]SourceControl: Info Source control is disabled
[2016.01.31-04.26.41:259][  0]SourceControl: Info Source control is disabled
[2016.01.31-04.26.41:267][  0]SourceControl: Info Source control is disabled
[2016.01.31-04.26.41:412][  0]LogObj: 27935 objects as part of root set at end of initial load.
[2016.01.31-04.26.41:412][  0]LogUObjectAllocator: 5830072 out of 0 bytes used by permanent object pool.
[2016.01.31-04.26.41:467][  0]LogEngine: Initializing Engine...
[2016.01.31-04.26.41:469][  0]LogHMD: Can't find Oculus library dev build: is proper Runtime installed? Version: 0.8.0.0
[2016.01.31-04.26.41:469][  0]LogHMD: SteamVR failed to initialize.  Err: 100
[2016.01.31-04.26.41:607][  0]LogInit: XAudio2 using 'Headphones (Razer Kraken USB)' : 2 channels at 44.1 kHz using 16 bits per sample (channel mask 0x3)
[2016.01.31-04.26.41:613][  0]LogInit: FAudioDevice initialized.
[2016.01.31-04.26.41:618][  0]LogInit: Texture streaming: Enabled
[2016.01.31-04.26.41:684][  0]LogNet: Browse: /Temp/Autosaves/Game/Maps/UEDPCLvl_Loading?Name=Player
[2016.01.31-04.26.41:684][  0]LogLoad: LoadMap: /Temp/Autosaves/Game/Maps/UEDPCLvl_Loading?Name=Player
[2016.01.31-04.26.41:694][  0]LogParticles: Destroying 0 GPU particle simulations for FXSystem 0x000000001B952C00
[2016.01.31-04.26.41:704][  0]LogMemory: Platform Memory Stats for Windows
[2016.01.31-04.26.41:704][  0]LogMemory: Process Physical Memory: 392.71 MB used, 392.71 MB peak
[2016.01.31-04.26.41:704][  0]LogMemory: Process Virtual Memory: 385.08 MB used, 385.08 MB peak
[2016.01.31-04.26.41:704][  0]LogMemory: Physical Memory: 4207.07 MB used, 8140.60 MB total
[2016.01.31-04.26.41:704][  0]LogMemory: Virtual Memory: 884.68 MB used, 8388608.00 MB total
[2016.01.31-04.26.41:704][  0]LogMemory: 
[2016.01.31-04.26.41:704][  0]Allocator Stats for TBB: (not implemented)
[2016.01.31-04.26.41:734][  0]LogAIModule: Creating AISystem for world Lvl_Loading
[2016.01.31-04.26.41:735][  0]LogWorld: Game class is 'GameMode'
[2016.01.31-04.26.41:735][  0]LogWorld: Bringing World /Temp/Autosaves/Game/Maps/UEDPCLvl_Loading.Lvl_Loading up for play (max tick rate 0) at 2016.01.30-23.26.41
[2016.01.31-04.26.41:736][  0]LogWorld: Bringing up level for play took: 0.000470
[2016.01.31-04.26.41:739][  0]LogInit:Display: Game Engine Initialized.
[2016.01.31-04.26.41:959][  0]LogLoad: Full Startup: 3.21 seconds (BP compile: 0.01 seconds)
[2016.01.31-04.26.41:980][  0]LogOcInput: Can't find Oculus library dev build: is proper Runtime installed? Version: 0.8.0.0
[2016.01.31-04.26.42:107][  2]LogRenderer: Reallocating scene render targets to support 640x480 (Frame:2).
[2016.01.31-04.26.43:828][ 98]LogPackageName: SearchForPackageOnDisk took   0.061s to resolve Lvl_Main.umap.
[2016.01.31-04.26.43:873][ 99]LogPackageName: SearchForPackageOnDisk took   0.044s to resolve Lvl_Main.umap.
[2016.01.31-04.26.43:873][ 99]LogNet: Browse: /Game/Maps/Lvl_Main
[2016.01.31-04.26.43:874][ 99]LogLoad: LoadMap: /Game/Maps/Lvl_Main
[2016.01.31-04.26.43:883][ 99]LogParticles: Destroying 0 GPU particle simulations for FXSystem 0x00000000118DB2E0
[2016.01.31-04.26.43:893][ 99]LogMemory: Platform Memory Stats for Windows
[2016.01.31-04.26.43:893][ 99]LogMemory: Process Physical Memory: 395.84 MB used, 420.14 MB peak
[2016.01.31-04.26.43:893][ 99]LogMemory: Process Virtual Memory: 380.58 MB used, 409.54 MB peak
[2016.01.31-04.26.43:893][ 99]LogMemory: Physical Memory: 4208.32 MB used, 8140.60 MB total
[2016.01.31-04.26.43:893][ 99]LogMemory: Virtual Memory: 892.98 MB used, 8388608.00 MB total
[2016.01.31-04.26.43:893][ 99]LogMemory: 
[2016.01.31-04.26.43:893][ 99]Allocator Stats for TBB: (not implemented)
[2016.01.31-04.26.43:894][ 99]LogAIModule: Creating AISystem for world Lvl_Main
[2016.01.31-04.26.43:895][ 99]LogWorld: Game class is 'GameMode'
[2016.01.31-04.26.43:896][ 99]LogWorld: Bringing World /Game/Maps/Lvl_Main.Lvl_Main up for play (max tick rate 0) at 2016.01.30-23.26.43
[2016.01.31-04.26.43:896][ 99]LogWorld: Bringing up level for play took: 0.000382
[2016.01.31-04.26.43:897][ 99]LogGameMode: Warning - PATHS NOT DEFINED or NO PLAYERSTART with positive rating
[2016.01.31-04.26.47:792][335]LogEngine: All Windows Closed
[2016.01.31-04.26.47:792][335]LogWindows: FPlatformMisc::RequestExit(0)
[2016.01.31-04.26.48:475][336]LogExit: Preparing to exit.
[2016.01.31-04.26.48:511][336]LogExit: Game engine shut down
[2016.01.31-04.26.48:629][336]LogParticles: Destroying 0 GPU particle simulations for FXSystem 0x0000000016B5E8E0
[2016.01.31-04.26.48:629][336]LogExit: Object subsystem successfully closed.
[2016.01.31-04.26.48:649][336]LogD3D11RHI: Shutdown
[2016.01.31-04.26.48:649][336]LogD3D11RHI: CleanupD3DDevice
[2016.01.31-04.26.48:671][336]LogD3D11RHI: ~FD3D11DynamicRHI
[2016.01.31-04.26.48:679][336]LogModuleManager: Shutting down and abandoning module AndroidDeviceDetection (117)
[2016.01.31-04.26.48:976][336]LogModuleManager: Shutting down and abandoning module AutomationController (116)
[2016.01.31-04.26.48:976][336]LogModuleManager: Shutting down and abandoning module AutomationWorker (115)
[2016.01.31-04.26.48:976][336]LogModuleManager: Shutting down and abandoning module CharacterAI (114)
[2016.01.31-04.26.48:976][336]LogModuleManager: Shutting down and abandoning module AITestSuite (113)
[2016.01.31-04.26.48:976][336]LogModuleManager: Shutting down and abandoning module GameplayDebugger (112)
[2016.01.31-04.26.48:976][336]LogModuleManager: Shutting down and abandoning module AIModule (111)
[2016.01.31-04.26.48:976][336]LogModuleManager: Shutting down and abandoning module MovieSceneCapture (110)
[2016.01.31-04.26.48:976][336]LogModuleManager: Shutting down and abandoning module GameLiveStreaming (109)
[2016.01.31-04.26.48:976][336]LogModuleManager: Shutting down and abandoning module StreamingPauseRendering (108)
[2016.01.31-04.26.48:976][336]LogModuleManager: Shutting down and abandoning module ProfilerService (107)
[2016.01.31-04.26.49:172][336]LogModuleManager: Shutting down and abandoning module TaskGraph (106)
[2016.01.31-04.26.49:172][336]LogModuleManager: Shutting down and abandoning module SlateRemote (105)
[2016.01.31-04.26.49:172][336]LogModuleManager: Shutting down and abandoning module SteamVRController (104)
[2016.01.31-04.26.49:172][336]LogModuleManager: Shutting down and abandoning module SteamVR (103)
[2016.01.31-04.26.49:172][336]LogModuleManager: Shutting down and abandoning module ProceduralMeshComponent (102)
[2016.01.31-04.26.49:172][336]LogModuleManager: Shutting down and abandoning module OculusLibrary (101)
[2016.01.31-04.26.49:172][336]LogModuleManager: Shutting down and abandoning module OculusInput (100)
[2016.01.31-04.26.49:172][336]LogModuleManager: Shutting down and abandoning module LeapMotionController (99)
[2016.01.31-04.26.49:177][336]LogModuleManager: Shutting down and abandoning module CustomMeshComponent (98)
[2016.01.31-04.26.49:177][336]LogModuleManager: Shutting down and abandoning module CableComponent (97)
[2016.01.31-04.26.49:177][336]LogModuleManager: Shutting down and abandoning module ArchVisCharacter (96)
[2016.01.31-04.26.49:177][336]LogModuleManager: Shutting down and abandoning module HTML5Networking (95)
[2016.01.31-04.26.49:177][336]LogModuleManager: Shutting down and abandoning module DesktopPlatform (94)
[2016.01.31-04.26.49:177][336]LogModuleManager: Shutting down and abandoning module DirectoryWatcher (93)
[2016.01.31-04.26.49:177][336]LogModuleManager: Shutting down and abandoning module HotReload (92)
[2016.01.31-04.26.49:177][336]LogModuleManager: Shutting down and abandoning module VisualStudioSourceCodeAccess (91)
[2016.01.31-04.26.49:177][336]LogModuleManager: Shutting down and abandoning module UObjectPlugin (90)
[2016.01.31-04.26.49:177][336]LogModuleManager: Shutting down and abandoning module SubversionSourceControl (89)
[2016.01.31-04.26.49:177][336]LogModuleManager: Shutting down and abandoning module SourceControl (88)
[2016.01.31-04.26.49:177][336]LogModuleManager: Shutting down and abandoning module PerforceSourceControl (87)
[2016.01.31-04.26.49:177][336]LogModuleManager: Shutting down and abandoning module UdpMessaging (86)
[2016.01.31-04.26.49:177][336]LogModuleManager: Shutting down and abandoning module LightPropagationVolumeRuntime (85)
[2016.01.31-04.26.49:177][336]LogModuleManager: Shutting down and abandoning module Paper2D (84)
[2016.01.31-04.26.49:177][336]LogModuleManager: Shutting down and abandoning module WindowsMoviePlayer (83)
[2016.01.31-04.26.49:179][336]LogModuleManager: Shutting down and abandoning module Media (82)
[2016.01.31-04.26.49:179][336]LogModuleManager: Shutting down and abandoning module WmfMedia (81)
[2016.01.31-04.26.49:180][336]LogModuleManager: Shutting down and abandoning module OnlineBlueprintSupport (80)
[2016.01.31-04.26.49:180][336]LogModuleManager: Shutting down and abandoning module GameplayTasksEditor (79)
[2016.01.31-04.26.49:180][336]LogModuleManager: Shutting down and abandoning module PropertyEditor (78)
[2016.01.31-04.26.49:180][336]LogModuleManager: Shutting down and abandoning module BehaviorTreeEditor (77)
[2016.01.31-04.26.49:180][336]LogModuleManager: Shutting down and abandoning module FunctionalTesting (76)
[2016.01.31-04.26.49:180][336]LogModuleManager: Shutting down and abandoning module CollisionAnalyzer (75)
[2016.01.31-04.26.49:180][336]LogModuleManager: Shutting down and abandoning module WorkspaceMenuStructure (74)
[2016.01.31-04.26.49:180][336]LogModuleManager: Shutting down and abandoning module MessageLog (73)
[2016.01.31-04.26.49:180][336]LogModuleManager: Shutting down and abandoning module Sequencer (72)
[2016.01.31-04.26.49:180][336]LogModuleManager: Shutting down and abandoning module AssetTools (71)
[2016.01.31-04.26.49:180][336]LogModuleManager: Shutting down and abandoning module UMGEditor (70)
[2016.01.31-04.26.49:180][336]LogModuleManager: Shutting down and abandoning module UMG (69)
[2016.01.31-04.26.49:180][336]LogModuleManager: Shutting down and abandoning module Slate (68)
[2016.01.31-04.26.49:180][336]LogModuleManager: Shutting down and abandoning module EditorStyle (67)
[2016.01.31-04.26.49:182][336]LogModuleManager: Shutting down and abandoning module SessionServices (66)
[2016.01.31-04.26.49:182][336]LogModuleManager: Shutting down and abandoning module SourceCodeAccess (65)
[2016.01.31-04.26.49:182][336]LogModuleManager: Shutting down and abandoning module HeadMountedDisplay (64)
[2016.01.31-04.26.49:182][336]LogModuleManager: Shutting down and abandoning module XAudio2 (63)
[2016.01.31-04.26.49:182][336]LogModuleManager: Shutting down and abandoning module Networking (61)
[2016.01.31-04.26.49:182][336]LogModuleManager: Shutting down and abandoning module Core (60)
[2016.01.31-04.26.49:182][336]LogModuleManager: Shutting down and abandoning module KismetCompiler (59)
[2016.01.31-04.26.49:182][336]LogModuleManager: Shutting down and abandoning module PhysXFormats (58)
[2016.01.31-04.26.49:182][336]LogModuleManager: Shutting down and abandoning module MeshUtilities (57)
[2016.01.31-04.26.49:182][336]LogModuleManager: Shutting down and abandoning module DerivedDataCache (56)
[2016.01.31-04.26.49:408][336]LogDerivedDataCache: Shutdown
[2016.01.31-04.26.49:408][336]LogModuleManager: Shutting down and abandoning module ShaderFormatOpenGL (55)
[2016.01.31-04.26.49:408][336]LogModuleManager: Shutting down and abandoning module ShaderFormatD3D (54)
[2016.01.31-04.26.49:408][336]LogModuleManager: Shutting down and abandoning module MetalShaderFormat (53)
[2016.01.31-04.26.49:408][336]LogModuleManager: Shutting down and abandoning module TextureFormatUncompressed (52)
[2016.01.31-04.26.49:408][336]LogModuleManager: Shutting down and abandoning module TextureFormatPVR (51)
[2016.01.31-04.26.49:408][336]LogModuleManager: Shutting down and abandoning module TextureFormatIntelISPCTexComp (50)
[2016.01.31-04.26.49:408][336]LogModuleManager: Shutting down and abandoning module TextureFormatDXT (49)
[2016.01.31-04.26.49:408][336]LogModuleManager: Shutting down and abandoning module ImageWrapper (48)
[2016.01.31-04.26.49:408][336]LogModuleManager: Shutting down and abandoning module TextureFormatASTC (47)
[2016.01.31-04.26.49:408][336]LogModuleManager: Shutting down and abandoning module TextureFormatAndroid (46)
[2016.01.31-04.26.49:408][336]LogModuleManager: Shutting down and abandoning module AudioFormatOpus (45)
[2016.01.31-04.26.49:408][336]LogModuleManager: Shutting down and abandoning module AudioFormatOgg (44)
[2016.01.31-04.26.49:408][336]LogModuleManager: Shutting down and abandoning module AudioFormatADPCM (43)
[2016.01.31-04.26.49:408][336]LogModuleManager: Shutting down and abandoning module LinuxTargetPlatform (42)
[2016.01.31-04.26.49:408][336]LogModuleManager: Shutting down and abandoning module LinuxServerTargetPlatform (41)
[2016.01.31-04.26.49:408][336]LogModuleManager: Shutting down and abandoning module LinuxNoEditorTargetPlatform (40)
[2016.01.31-04.26.49:408][336]LogModuleManager: Shutting down and abandoning module Messaging (39)
[2016.01.31-04.26.49:408][336]LogModuleManager: Shutting down and abandoning module IOSTargetPlatform (38)
[2016.01.31-04.26.49:408][336]LogModuleManager: Shutting down and abandoning module HTML5TargetPlatform (37)
[2016.01.31-04.26.49:408][336]LogModuleManager: Shutting down and abandoning module Android_PVRTCTargetPlatform (36)
[2016.01.31-04.26.49:408][336]LogModuleManager: Shutting down and abandoning module Android_MultiTargetPlatform (35)
[2016.01.31-04.26.49:408][336]LogModuleManager: Shutting down and abandoning module Android_ETC2TargetPlatform (34)
[2016.01.31-04.26.49:408][336]LogModuleManager: Shutting down and abandoning module Android_ETC1TargetPlatform (33)
[2016.01.31-04.26.49:408][336]LogModuleManager: Shutting down and abandoning module Android_DXTTargetPlatform (32)
[2016.01.31-04.26.49:408][336]LogModuleManager: Shutting down and abandoning module Android_ATCTargetPlatform (31)
[2016.01.31-04.26.49:408][336]LogModuleManager: Shutting down and abandoning module Android_ASTCTargetPlatform (30)
[2016.01.31-04.26.49:408][336]LogModuleManager: Shutting down and abandoning module AndroidTargetPlatform (29)
[2016.01.31-04.26.49:408][336]LogModuleManager: Shutting down and abandoning module WindowsTargetPlatform (28)
[2016.01.31-04.26.49:408][336]LogModuleManager: Shutting down and abandoning module WindowsServerTargetPlatform (27)
[2016.01.31-04.26.49:408][336]LogModuleManager: Shutting down and abandoning module WindowsNoEditorTargetPlatform (26)
[2016.01.31-04.26.49:408][336]LogModuleManager: Shutting down and abandoning module WindowsClientTargetPlatform (25)
[2016.01.31-04.26.49:408][336]LogModuleManager: Shutting down and abandoning module AllDesktopTargetPlatform (24)
[2016.01.31-04.26.49:408][336]LogModuleManager: Shutting down and abandoning module TargetPlatform (23)
[2016.01.31-04.26.49:408][336]LogModuleManager: Shutting down and abandoning module InputCore (22)
[2016.01.31-04.26.49:408][336]LogModuleManager: Shutting down and abandoning module Settings (21)
[2016.01.31-04.26.49:408][336]LogModuleManager: Shutting down and abandoning module OnlineSubsystem (19)
[2016.01.31-04.26.49:408][336]LogModuleManager: Shutting down and abandoning module HTTP (18)
[2016.01.31-04.26.49:408][336]LogModuleManager: Shutting down and abandoning module XMPP (17)
[2016.01.31-04.26.49:409][336]LogModuleManager: Shutting down and abandoning module OculusRift (16)
[2016.01.31-04.26.49:409][336]LogModuleManager: Shutting down and abandoning module ExampleDeviceProfileSelector (15)
[2016.01.31-04.26.49:409][336]LogModuleManager: Shutting down and abandoning module TextureCompressor (14)
[2016.01.31-04.26.49:409][336]LogModuleManager: Shutting down and abandoning module ShaderCore (13)
[2016.01.31-04.26.49:409][336]LogModuleManager: Shutting down and abandoning module Landscape (12)
[2016.01.31-04.26.49:409][336]LogModuleManager: Shutting down and abandoning module SlateRHIRenderer (11)
[2016.01.31-04.26.49:409][336]LogModuleManager: Shutting down and abandoning module OpenGLDrv (10)
[2016.01.31-04.26.49:409][336]LogModuleManager: Shutting down and abandoning module D3D11RHI (9)
[2016.01.31-04.26.49:409][336]LogModuleManager: Shutting down and abandoning module AnimGraphRuntime (8)
[2016.01.31-04.26.49:409][336]LogModuleManager: Shutting down and abandoning module Renderer (7)
[2016.01.31-04.26.49:409][336]LogModuleManager: Shutting down and abandoning module Engine (6)
[2016.01.31-04.26.49:409][336]LogModuleManager: Shutting down and abandoning module CoreUObject (5)
[2016.01.31-04.26.49:409][336]LogModuleManager: Shutting down and abandoning module NetworkFile (4)
[2016.01.31-04.26.49:409][336]LogModuleManager: Shutting down and abandoning module StreamingFile (3)
[2016.01.31-04.26.49:409][336]LogModuleManager: Shutting down and abandoning module SandboxFile (2)
[2016.01.31-04.26.49:409][336]LogModuleManager: Shutting down and abandoning module PakFile (1)
[2016.01.31-04.26.49:410][336]LogExit: Exiting.
[2016.01.31-04.26.49:411][336]Log file closed, 01/30/16 23:26:49
