[2016.01.31-02.22.42:455][  0]Log file open, 01/30/16 21:22:42
[2016.01.31-02.22.42:455][  0]LogInit:Display: Running engine for game: StopThatRitual
[2016.01.31-02.22.42:455][  0]LogPlatformFile: Not using cached read wrapper
[2016.01.31-02.22.42:455][  0]LogInit:Display: RandInit(-1146421661) SRandInit(-1146421659).
[2016.01.31-02.22.42:455][  0]LogTaskGraph: Started task graph with 4 named threads and 7 total threads.
[2016.01.31-02.22.42:455][  0]LogStats: Stats thread started at 0.077606
[2016.01.31-02.22.42:455][  0]LogInit: Version: 4.10.2-2818068+++depot+UE4-Releases+4.10
[2016.01.31-02.22.42:455][  0]LogInit: API Version: 2758231
[2016.01.31-02.22.42:455][  0]LogInit: Compiled (64-bit): Jan  6 2016 17:36:42
[2016.01.31-02.22.42:455][  0]LogInit: Compiled with Visual C++: 19.00.23026.00
[2016.01.31-02.22.42:455][  0]LogInit: Build Configuration: Development
[2016.01.31-02.22.42:455][  0]LogInit: Branch Name: ++depot+UE4-Releases+4.10
[2016.01.31-02.22.42:455][  0]LogInit: Command line:  /Temp/Autosaves/Game/Maps/UEDPCLvl_MainMenu -game -PIEVIACONSOLE -ResX=1280 -ResY=720  -Multiprocess 
[2016.01.31-02.22.42:455][  0]LogInit: Base directory: C:/Program Files (x86)/Epic Games/4.10/Engine/Binaries/Win64/
[2016.01.31-02.22.42:455][  0]LogInit: Rocket: 1
[2016.01.31-02.22.42:468][  0]LogInit: Using libcurl 7.41.0
[2016.01.31-02.22.42:468][  0]LogInit:  - built for x86_64-pc-win32
[2016.01.31-02.22.42:468][  0]LogInit:  - supports SSL with WinSSL
[2016.01.31-02.22.42:468][  0]LogInit:  - other features:
[2016.01.31-02.22.42:468][  0]LogInit:      CURL_VERSION_SSL
[2016.01.31-02.22.42:468][  0]LogInit:      CURL_VERSION_IPV6
[2016.01.31-02.22.42:468][  0]LogInit:      CURL_VERSION_ASYNCHDNS
[2016.01.31-02.22.42:468][  0]LogInit:      CURL_VERSION_LARGEFILE
[2016.01.31-02.22.42:468][  0]LogInit:      CURL_VERSION_IDN
[2016.01.31-02.22.42:468][  0]LogInit:  CurlRequestOptions (configurable via config and command line):
[2016.01.31-02.22.42:468][  0]LogInit:  - bVerifyPeer = true  - Libcurl will verify peer certificate
[2016.01.31-02.22.42:468][  0]LogInit:  - bUseHttpProxy = false  - Libcurl will NOT use HTTP proxy
[2016.01.31-02.22.42:468][  0]LogInit:  - bDontReuseConnections = false  - Libcurl will reuse connections
[2016.01.31-02.22.42:468][  0]LogInit:  - CertBundlePath = nullptr  - Libcurl will use whatever was configured at build time.
[2016.01.31-02.22.42:481][  0]LogInit: Presizing for 0 objects not considered by GC, pre-allocating 0 bytes.
[2016.01.31-02.22.42:489][  0]LogInit: Object subsystem initialized
[2016.01.31-02.22.42:490][  0]LogInit: Selected Device Profile: [Windows]
[2016.01.31-02.22.42:490][  0]LogInit: Applying CVar settings loaded from the selected device profile: [Windows]
[2016.01.31-02.22.42:492][  0]LogInit: Computer: THE-ASYLUM
[2016.01.31-02.22.42:492][  0]LogInit: User: Stalker
[2016.01.31-02.22.42:492][  0]LogInit: CPU Page size=4096, Cores=4
[2016.01.31-02.22.42:492][  0]LogInit: High frequency timer resolution =3.232216 MHz
[2016.01.31-02.22.42:492][  0]LogMemory: Memory total: Physical=7.9GB (8GB approx)
[2016.01.31-02.22.42:492][  0]LogMemory: Platform Memory Stats for Windows
[2016.01.31-02.22.42:492][  0]LogMemory: Process Physical Memory: 55.61 MB used, 55.61 MB peak
[2016.01.31-02.22.42:492][  0]LogMemory: Process Virtual Memory: 58.70 MB used, 58.70 MB peak
[2016.01.31-02.22.42:492][  0]LogMemory: Physical Memory: 4349.58 MB used, 8140.60 MB total
[2016.01.31-02.22.42:492][  0]LogMemory: Virtual Memory: 352.96 MB used, 8388608.00 MB total
[2016.01.31-02.22.42:523][  0]LogTextLocalizationManager: No specific translations for ('en-CA') exist, so ('en') translations will be used.
[2016.01.31-02.22.42:948][  0]LogD3D11RHI: Found D3D11 adapter 0: NVIDIA GeForce GTX 660 Ti (Feature Level 11_0)
[2016.01.31-02.22.42:948][  0]LogD3D11RHI: Adapter has 1994MB of dedicated video memory, 0MB of dedicated system memory, and 2047MB of shared system memory, 2 output[s]
[2016.01.31-02.22.42:948][  0]LogD3D11RHI: Chosen D3D11 Adapter Id = 0
[2016.01.31-02.22.42:954][  0]LogD3D11RHI: !Direct3DDevice
[2016.01.31-02.22.42:956][  0]LogRHI: Texture pool is 1361 MB (70% of 1945 MB)
[2016.01.31-02.22.42:968][  0]LogD3D11RHI: Async texture creation enabled
[2016.01.31-02.22.42:976][  0]LogShaderCompilers: Guid format shader working directory is 2 characters bigger than the processId version (../../../../../../GlobalGameJam/StopThatRitual/Intermediate/Shaders/WorkingDirectory/6916/).
[2016.01.31-02.22.42:976][  0]LogShaderCompilers: Cleaned the shader compiler working directory 'C:/Users/Stalker/AppData/Local/Temp/UnrealShaderWorkingDir/B6A480AC46FF552B33A402BE288D1DEE/'.
[2016.01.31-02.22.42:976][  0]LogShaderCompilers:Display: Using Local Shader Compiler.
[2016.01.31-02.22.43:770][  0]LogTemp:Display: Loaded TP AllDesktopTargetPlatform
[2016.01.31-02.22.43:775][  0]LogTemp:Display: Loaded TP WindowsClientTargetPlatform
[2016.01.31-02.22.43:779][  0]LogTemp:Display: Loaded TP WindowsNoEditorTargetPlatform
[2016.01.31-02.22.43:784][  0]LogTemp:Display: Loaded TP WindowsServerTargetPlatform
[2016.01.31-02.22.43:788][  0]LogTemp:Display: Loaded TP WindowsTargetPlatform
[2016.01.31-02.22.43:791][  0]LogTemp:Display: Loaded TP AndroidTargetPlatform
[2016.01.31-02.22.43:797][  0]LogTemp:Display: Loaded TP Android_ASTCTargetPlatform
[2016.01.31-02.22.43:800][  0]LogTemp:Display: Loaded TP Android_ATCTargetPlatform
[2016.01.31-02.22.43:803][  0]LogTemp:Display: Loaded TP Android_DXTTargetPlatform
[2016.01.31-02.22.43:806][  0]LogTemp:Display: Loaded TP Android_ETC1TargetPlatform
[2016.01.31-02.22.43:809][  0]LogTemp:Display: Loaded TP Android_ETC2TargetPlatform
[2016.01.31-02.22.43:815][  0]LogTemp:Display: Loaded TP Android_MultiTargetPlatform
[2016.01.31-02.22.43:815][  0]LogTemp:Display: Loaded TP Android_PVRTCTargetPlatform
[2016.01.31-02.22.43:816][  0]LogTemp:Display: Loaded TP HTML5TargetPlatform
[2016.01.31-02.22.43:832][  0]LogTemp:Display: Loaded TP IOSTargetPlatform
[2016.01.31-02.22.43:835][  0]LogTemp:Display: Loaded TP LinuxNoEditorTargetPlatform
[2016.01.31-02.22.43:839][  0]LogTemp:Display: Loaded TP LinuxServerTargetPlatform
[2016.01.31-02.22.43:842][  0]LogTemp:Display: Loaded TP LinuxTargetPlatform
[2016.01.31-02.22.43:842][  0]LogTargetPlatformManager:Display: Building Assets For Windows
[2016.01.31-02.22.43:920][  0]LogDerivedDataCache:Display: Max Cache Size: 512 MB
[2016.01.31-02.22.43:966][  0]LogDerivedDataCache: Loaded boot cache 0.05s 41MB C:/Users/Stalker/AppData/Local/UnrealEngine/4.10/DerivedDataCache/Boot.ddc.
[2016.01.31-02.22.43:966][  0]LogDerivedDataCache:Display: Loaded Boot cache: C:/Users/Stalker/AppData/Local/UnrealEngine/4.10/DerivedDataCache/Boot.ddc
[2016.01.31-02.22.43:966][  0]LogDerivedDataCache: FDerivedDataBackendGraph:  Pak pak cache file ../../../../../../GlobalGameJam/StopThatRitual/DerivedDataCache/DDC.ddp not found, will not use a pak cache.
[2016.01.31-02.22.43:966][  0]LogDerivedDataCache: Unable to find inner node Pak for hierarchical cache Hierarchy.
[2016.01.31-02.22.43:966][  0]LogDerivedDataCache: FDerivedDataBackendGraph:  CompressedPak pak cache file ../../../../../../GlobalGameJam/StopThatRitual/DerivedDataCache/Compressed.ddp not found, will not use a pak cache.
[2016.01.31-02.22.43:966][  0]LogDerivedDataCache: Unable to find inner node CompressedPak for hierarchical cache Hierarchy.
[2016.01.31-02.22.44:026][  0]LogDerivedDataCache:Display: Pak cache opened for reading ../../../Engine/DerivedDataCache/Compressed.ddp.
[2016.01.31-02.22.44:037][  0]LogDerivedDataCache: Using Local data cache path C:/Users/Stalker/AppData/Local/UnrealEngine/Common/DerivedDataCache: Writable
[2016.01.31-02.22.44:224][  0]LogInit: Selected Device Profile: [Windows]
[2016.01.31-02.22.44:224][  0]LogContentStreaming: Texture pool size is 1000.000000MB
[2016.01.31-02.22.44:238][  0]LogMeshUtilities: No automatic mesh reduction module available
[2016.01.31-02.22.44:238][  0]LogMeshUtilities: No automatic mesh merging module available
[2016.01.31-02.22.44:559][  0]LogInit: WinSock: version 1.1 (2.2), MaxSocks=32767, MaxUdp=65467
[2016.01.31-02.22.44:742][  0]LogWindowsMoviePlayer: Unable to load movie: ../../../../../../GlobalGameJam/StopThatRitual/Content/Movies/Default_Startup.mp4
[2016.01.31-02.22.44:841][  0]SourceControl: Info Source control is disabled
[2016.01.31-02.22.44:841][  0]SourceControl: Info Source control is disabled
[2016.01.31-02.22.44:851][  0]SourceControl: Info Source control is disabled
[2016.01.31-02.22.45:010][  0]LogObj: 27935 objects as part of root set at end of initial load.
[2016.01.31-02.22.45:010][  0]LogUObjectAllocator: 5830072 out of 0 bytes used by permanent object pool.
[2016.01.31-02.22.45:064][  0]LogEngine: Initializing Engine...
[2016.01.31-02.22.45:066][  0]LogHMD: Can't find Oculus library dev build: is proper Runtime installed? Version: 0.8.0.0
[2016.01.31-02.22.45:066][  0]LogHMD: SteamVR failed to initialize.  Err: 100
[2016.01.31-02.22.45:184][  0]LogInit: XAudio2 using 'Headphones (Razer Kraken USB)' : 2 channels at 44.1 kHz using 16 bits per sample (channel mask 0x3)
[2016.01.31-02.22.45:189][  0]LogInit: FAudioDevice initialized.
[2016.01.31-02.22.45:196][  0]LogInit: Texture streaming: Enabled
[2016.01.31-02.22.45:276][  0]LogNet: Browse: /Temp/Autosaves/Game/Maps/UEDPCLvl_MainMenu?Name=Player
[2016.01.31-02.22.45:277][  0]LogLoad: LoadMap: /Temp/Autosaves/Game/Maps/UEDPCLvl_MainMenu?Name=Player
[2016.01.31-02.22.45:288][  0]LogParticles: Destroying 0 GPU particle simulations for FXSystem 0x0000000012352C00
[2016.01.31-02.22.45:297][  0]LogMemory: Platform Memory Stats for Windows
[2016.01.31-02.22.45:297][  0]LogMemory: Process Physical Memory: 389.16 MB used, 389.16 MB peak
[2016.01.31-02.22.45:297][  0]LogMemory: Process Virtual Memory: 381.57 MB used, 381.57 MB peak
[2016.01.31-02.22.45:297][  0]LogMemory: Physical Memory: 4629.06 MB used, 8140.60 MB total
[2016.01.31-02.22.45:297][  0]LogMemory: Virtual Memory: 882.00 MB used, 8388608.00 MB total
[2016.01.31-02.22.45:297][  0]LogMemory: 
[2016.01.31-02.22.45:297][  0]Allocator Stats for TBB: (not implemented)
[2016.01.31-02.22.45:366][  0]LogAIModule: Creating AISystem for world Lvl_MainMenu
[2016.01.31-02.22.45:367][  0]LogWorld: Game class is 'MenuGameMode_C'
[2016.01.31-02.22.45:368][  0]LogWorld: Bringing World /Temp/Autosaves/Game/Maps/UEDPCLvl_MainMenu.Lvl_MainMenu up for play (max tick rate 0) at 2016.01.30-21.22.45
[2016.01.31-02.22.45:368][  0]LogWorld: Bringing up level for play took: 0.000571
[2016.01.31-02.22.45:369][  0]r.SetRes = "640x480w"
[2016.01.31-02.22.45:371][  0]LogInit:Display: Game Engine Initialized.
[2016.01.31-02.22.45:589][  0]LogLoad: Full Startup: 3.39 seconds (BP compile: 0.02 seconds)
[2016.01.31-02.22.45:610][  0]LogOcInput: Can't find Oculus library dev build: is proper Runtime installed? Version: 0.8.0.0
[2016.01.31-02.22.45:731][  0]LogRenderer: Reallocating scene render targets to support 640x480 (Frame:2).
[2016.01.31-02.23.00:009][863]LogPackageName: SearchForPackageOnDisk took   0.057s to resolve Lvl_Loading.umap.
[2016.01.31-02.23.00:055][863]LogPackageName: SearchForPackageOnDisk took   0.046s to resolve Lvl_Loading.umap.
[2016.01.31-02.23.00:055][863]LogNet: Browse: /Game/Maps/Lvl_Loading
[2016.01.31-02.23.00:055][863]LogLoad: LoadMap: /Game/Maps/Lvl_Loading
[2016.01.31-02.23.00:068][863]LogParticles: Destroying 0 GPU particle simulations for FXSystem 0x00000000122E0A40
[2016.01.31-02.23.00:079][863]LogMemory: Platform Memory Stats for Windows
[2016.01.31-02.23.00:079][863]LogMemory: Process Physical Memory: 394.09 MB used, 410.74 MB peak
[2016.01.31-02.23.00:079][863]LogMemory: Process Virtual Memory: 378.50 MB used, 397.02 MB peak
[2016.01.31-02.23.00:079][863]LogMemory: Physical Memory: 4632.80 MB used, 8140.60 MB total
[2016.01.31-02.23.00:079][863]LogMemory: Virtual Memory: 895.25 MB used, 8388608.00 MB total
[2016.01.31-02.23.00:079][863]LogMemory: 
[2016.01.31-02.23.00:079][863]Allocator Stats for TBB: (not implemented)
[2016.01.31-02.23.00:093][863]LogAIModule: Creating AISystem for world Lvl_Loading
[2016.01.31-02.23.00:094][863]LogWorld: Game class is 'GameMode'
[2016.01.31-02.23.00:095][863]LogWorld: Bringing World /Game/Maps/Lvl_Loading.Lvl_Loading up for play (max tick rate 0) at 2016.01.30-21.23.00
[2016.01.31-02.23.00:095][863]LogWorld: Bringing up level for play took: 0.000378
[2016.01.31-02.23.00:095][863]LogGameMode: Warning - PATHS NOT DEFINED or NO PLAYERSTART with positive rating
[2016.01.31-02.23.02:719][ 18]LogEngine: All Windows Closed
[2016.01.31-02.23.02:719][ 18]LogWindows: FPlatformMisc::RequestExit(0)
[2016.01.31-02.23.03:072][ 19]LogExit: Preparing to exit.
[2016.01.31-02.23.03:136][ 19]LogExit: Game engine shut down
[2016.01.31-02.23.03:271][ 19]LogParticles: Destroying 0 GPU particle simulations for FXSystem 0x00000000122E1260
[2016.01.31-02.23.03:271][ 19]LogExit: Object subsystem successfully closed.
[2016.01.31-02.23.03:286][ 19]LogD3D11RHI: Shutdown
[2016.01.31-02.23.03:286][ 19]LogD3D11RHI: CleanupD3DDevice
[2016.01.31-02.23.03:314][ 19]LogD3D11RHI: ~FD3D11DynamicRHI
[2016.01.31-02.23.03:322][ 19]LogModuleManager: Shutting down and abandoning module AndroidDeviceDetection (117)
[2016.01.31-02.23.03:626][ 19]LogModuleManager: Shutting down and abandoning module AutomationController (116)
[2016.01.31-02.23.03:626][ 19]LogModuleManager: Shutting down and abandoning module AutomationWorker (115)
[2016.01.31-02.23.03:626][ 19]LogModuleManager: Shutting down and abandoning module CharacterAI (114)
[2016.01.31-02.23.03:626][ 19]LogModuleManager: Shutting down and abandoning module AITestSuite (113)
[2016.01.31-02.23.03:626][ 19]LogModuleManager: Shutting down and abandoning module GameplayDebugger (112)
[2016.01.31-02.23.03:626][ 19]LogModuleManager: Shutting down and abandoning module AIModule (111)
[2016.01.31-02.23.03:626][ 19]LogModuleManager: Shutting down and abandoning module MovieSceneCapture (110)
[2016.01.31-02.23.03:626][ 19]LogModuleManager: Shutting down and abandoning module GameLiveStreaming (109)
[2016.01.31-02.23.03:626][ 19]LogModuleManager: Shutting down and abandoning module StreamingPauseRendering (108)
[2016.01.31-02.23.03:626][ 19]LogModuleManager: Shutting down and abandoning module ProfilerService (107)
[2016.01.31-02.23.03:773][ 19]LogModuleManager: Shutting down and abandoning module TaskGraph (106)
[2016.01.31-02.23.03:773][ 19]LogModuleManager: Shutting down and abandoning module SlateRemote (105)
[2016.01.31-02.23.03:773][ 19]LogModuleManager: Shutting down and abandoning module SteamVRController (104)
[2016.01.31-02.23.03:773][ 19]LogModuleManager: Shutting down and abandoning module SteamVR (103)
[2016.01.31-02.23.03:773][ 19]LogModuleManager: Shutting down and abandoning module ProceduralMeshComponent (102)
[2016.01.31-02.23.03:773][ 19]LogModuleManager: Shutting down and abandoning module OculusLibrary (101)
[2016.01.31-02.23.03:773][ 19]LogModuleManager: Shutting down and abandoning module OculusInput (100)
[2016.01.31-02.23.03:773][ 19]LogModuleManager: Shutting down and abandoning module LeapMotionController (99)
[2016.01.31-02.23.03:777][ 19]LogModuleManager: Shutting down and abandoning module CustomMeshComponent (98)
[2016.01.31-02.23.03:777][ 19]LogModuleManager: Shutting down and abandoning module CableComponent (97)
[2016.01.31-02.23.03:777][ 19]LogModuleManager: Shutting down and abandoning module ArchVisCharacter (96)
[2016.01.31-02.23.03:777][ 19]LogModuleManager: Shutting down and abandoning module HTML5Networking (95)
[2016.01.31-02.23.03:777][ 19]LogModuleManager: Shutting down and abandoning module DesktopPlatform (94)
[2016.01.31-02.23.03:777][ 19]LogModuleManager: Shutting down and abandoning module DirectoryWatcher (93)
[2016.01.31-02.23.03:778][ 19]LogModuleManager: Shutting down and abandoning module HotReload (92)
[2016.01.31-02.23.03:778][ 19]LogModuleManager: Shutting down and abandoning module VisualStudioSourceCodeAccess (91)
[2016.01.31-02.23.03:778][ 19]LogModuleManager: Shutting down and abandoning module UObjectPlugin (90)
[2016.01.31-02.23.03:778][ 19]LogModuleManager: Shutting down and abandoning module SubversionSourceControl (89)
[2016.01.31-02.23.03:778][ 19]LogModuleManager: Shutting down and abandoning module SourceControl (88)
[2016.01.31-02.23.03:778][ 19]LogModuleManager: Shutting down and abandoning module PerforceSourceControl (87)
[2016.01.31-02.23.03:778][ 19]LogModuleManager: Shutting down and abandoning module UdpMessaging (86)
[2016.01.31-02.23.03:778][ 19]LogModuleManager: Shutting down and abandoning module LightPropagationVolumeRuntime (85)
[2016.01.31-02.23.03:778][ 19]LogModuleManager: Shutting down and abandoning module Paper2D (84)
[2016.01.31-02.23.03:778][ 19]LogModuleManager: Shutting down and abandoning module WindowsMoviePlayer (83)
[2016.01.31-02.23.03:780][ 19]LogModuleManager: Shutting down and abandoning module Media (82)
[2016.01.31-02.23.03:780][ 19]LogModuleManager: Shutting down and abandoning module WmfMedia (81)
[2016.01.31-02.23.03:781][ 19]LogModuleManager: Shutting down and abandoning module OnlineBlueprintSupport (80)
[2016.01.31-02.23.03:781][ 19]LogModuleManager: Shutting down and abandoning module GameplayTasksEditor (79)
[2016.01.31-02.23.03:781][ 19]LogModuleManager: Shutting down and abandoning module PropertyEditor (78)
[2016.01.31-02.23.03:781][ 19]LogModuleManager: Shutting down and abandoning module BehaviorTreeEditor (77)
[2016.01.31-02.23.03:781][ 19]LogModuleManager: Shutting down and abandoning module FunctionalTesting (76)
[2016.01.31-02.23.03:781][ 19]LogModuleManager: Shutting down and abandoning module CollisionAnalyzer (75)
[2016.01.31-02.23.03:781][ 19]LogModuleManager: Shutting down and abandoning module WorkspaceMenuStructure (74)
[2016.01.31-02.23.03:781][ 19]LogModuleManager: Shutting down and abandoning module MessageLog (73)
[2016.01.31-02.23.03:781][ 19]LogModuleManager: Shutting down and abandoning module Sequencer (72)
[2016.01.31-02.23.03:781][ 19]LogModuleManager: Shutting down and abandoning module AssetTools (71)
[2016.01.31-02.23.03:781][ 19]LogModuleManager: Shutting down and abandoning module UMGEditor (70)
[2016.01.31-02.23.03:781][ 19]LogModuleManager: Shutting down and abandoning module UMG (69)
[2016.01.31-02.23.03:781][ 19]LogModuleManager: Shutting down and abandoning module Slate (68)
[2016.01.31-02.23.03:781][ 19]LogModuleManager: Shutting down and abandoning module EditorStyle (67)
[2016.01.31-02.23.03:783][ 19]LogModuleManager: Shutting down and abandoning module SessionServices (66)
[2016.01.31-02.23.03:783][ 19]LogModuleManager: Shutting down and abandoning module SourceCodeAccess (65)
[2016.01.31-02.23.03:783][ 19]LogModuleManager: Shutting down and abandoning module HeadMountedDisplay (64)
[2016.01.31-02.23.03:783][ 19]LogModuleManager: Shutting down and abandoning module XAudio2 (63)
[2016.01.31-02.23.03:783][ 19]LogModuleManager: Shutting down and abandoning module Networking (61)
[2016.01.31-02.23.03:783][ 19]LogModuleManager: Shutting down and abandoning module Core (60)
[2016.01.31-02.23.03:783][ 19]LogModuleManager: Shutting down and abandoning module KismetCompiler (59)
[2016.01.31-02.23.03:783][ 19]LogModuleManager: Shutting down and abandoning module PhysXFormats (58)
[2016.01.31-02.23.03:783][ 19]LogModuleManager: Shutting down and abandoning module MeshUtilities (57)
[2016.01.31-02.23.03:783][ 19]LogModuleManager: Shutting down and abandoning module DerivedDataCache (56)
[2016.01.31-02.23.04:028][ 19]LogDerivedDataCache: Shutdown
[2016.01.31-02.23.04:028][ 19]LogModuleManager: Shutting down and abandoning module ShaderFormatOpenGL (55)
[2016.01.31-02.23.04:028][ 19]LogModuleManager: Shutting down and abandoning module ShaderFormatD3D (54)
[2016.01.31-02.23.04:028][ 19]LogModuleManager: Shutting down and abandoning module MetalShaderFormat (53)
[2016.01.31-02.23.04:028][ 19]LogModuleManager: Shutting down and abandoning module TextureFormatUncompressed (52)
[2016.01.31-02.23.04:028][ 19]LogModuleManager: Shutting down and abandoning module TextureFormatPVR (51)
[2016.01.31-02.23.04:028][ 19]LogModuleManager: Shutting down and abandoning module TextureFormatIntelISPCTexComp (50)
[2016.01.31-02.23.04:028][ 19]LogModuleManager: Shutting down and abandoning module TextureFormatDXT (49)
[2016.01.31-02.23.04:028][ 19]LogModuleManager: Shutting down and abandoning module ImageWrapper (48)
[2016.01.31-02.23.04:028][ 19]LogModuleManager: Shutting down and abandoning module TextureFormatASTC (47)
[2016.01.31-02.23.04:028][ 19]LogModuleManager: Shutting down and abandoning module TextureFormatAndroid (46)
[2016.01.31-02.23.04:028][ 19]LogModuleManager: Shutting down and abandoning module AudioFormatOpus (45)
[2016.01.31-02.23.04:028][ 19]LogModuleManager: Shutting down and abandoning module AudioFormatOgg (44)
[2016.01.31-02.23.04:028][ 19]LogModuleManager: Shutting down and abandoning module AudioFormatADPCM (43)
[2016.01.31-02.23.04:028][ 19]LogModuleManager: Shutting down and abandoning module LinuxTargetPlatform (42)
[2016.01.31-02.23.04:028][ 19]LogModuleManager: Shutting down and abandoning module LinuxServerTargetPlatform (41)
[2016.01.31-02.23.04:028][ 19]LogModuleManager: Shutting down and abandoning module LinuxNoEditorTargetPlatform (40)
[2016.01.31-02.23.04:028][ 19]LogModuleManager: Shutting down and abandoning module Messaging (39)
[2016.01.31-02.23.04:028][ 19]LogModuleManager: Shutting down and abandoning module IOSTargetPlatform (38)
[2016.01.31-02.23.04:028][ 19]LogModuleManager: Shutting down and abandoning module HTML5TargetPlatform (37)
[2016.01.31-02.23.04:028][ 19]LogModuleManager: Shutting down and abandoning module Android_PVRTCTargetPlatform (36)
[2016.01.31-02.23.04:028][ 19]LogModuleManager: Shutting down and abandoning module Android_MultiTargetPlatform (35)
[2016.01.31-02.23.04:028][ 19]LogModuleManager: Shutting down and abandoning module Android_ETC2TargetPlatform (34)
[2016.01.31-02.23.04:028][ 19]LogModuleManager: Shutting down and abandoning module Android_ETC1TargetPlatform (33)
[2016.01.31-02.23.04:028][ 19]LogModuleManager: Shutting down and abandoning module Android_DXTTargetPlatform (32)
[2016.01.31-02.23.04:028][ 19]LogModuleManager: Shutting down and abandoning module Android_ATCTargetPlatform (31)
[2016.01.31-02.23.04:028][ 19]LogModuleManager: Shutting down and abandoning module Android_ASTCTargetPlatform (30)
[2016.01.31-02.23.04:028][ 19]LogModuleManager: Shutting down and abandoning module AndroidTargetPlatform (29)
[2016.01.31-02.23.04:028][ 19]LogModuleManager: Shutting down and abandoning module WindowsTargetPlatform (28)
[2016.01.31-02.23.04:028][ 19]LogModuleManager: Shutting down and abandoning module WindowsServerTargetPlatform (27)
[2016.01.31-02.23.04:028][ 19]LogModuleManager: Shutting down and abandoning module WindowsNoEditorTargetPlatform (26)
[2016.01.31-02.23.04:028][ 19]LogModuleManager: Shutting down and abandoning module WindowsClientTargetPlatform (25)
[2016.01.31-02.23.04:028][ 19]LogModuleManager: Shutting down and abandoning module AllDesktopTargetPlatform (24)
[2016.01.31-02.23.04:028][ 19]LogModuleManager: Shutting down and abandoning module TargetPlatform (23)
[2016.01.31-02.23.04:028][ 19]LogModuleManager: Shutting down and abandoning module InputCore (22)
[2016.01.31-02.23.04:028][ 19]LogModuleManager: Shutting down and abandoning module Settings (21)
[2016.01.31-02.23.04:028][ 19]LogModuleManager: Shutting down and abandoning module OnlineSubsystem (19)
[2016.01.31-02.23.04:028][ 19]LogModuleManager: Shutting down and abandoning module HTTP (18)
[2016.01.31-02.23.04:028][ 19]LogModuleManager: Shutting down and abandoning module XMPP (17)
[2016.01.31-02.23.04:028][ 19]LogModuleManager: Shutting down and abandoning module OculusRift (16)
[2016.01.31-02.23.04:028][ 19]LogModuleManager: Shutting down and abandoning module ExampleDeviceProfileSelector (15)
[2016.01.31-02.23.04:028][ 19]LogModuleManager: Shutting down and abandoning module TextureCompressor (14)
[2016.01.31-02.23.04:028][ 19]LogModuleManager: Shutting down and abandoning module ShaderCore (13)
[2016.01.31-02.23.04:028][ 19]LogModuleManager: Shutting down and abandoning module Landscape (12)
[2016.01.31-02.23.04:028][ 19]LogModuleManager: Shutting down and abandoning module SlateRHIRenderer (11)
[2016.01.31-02.23.04:029][ 19]LogModuleManager: Shutting down and abandoning module OpenGLDrv (10)
[2016.01.31-02.23.04:029][ 19]LogModuleManager: Shutting down and abandoning module D3D11RHI (9)
[2016.01.31-02.23.04:029][ 19]LogModuleManager: Shutting down and abandoning module AnimGraphRuntime (8)
[2016.01.31-02.23.04:029][ 19]LogModuleManager: Shutting down and abandoning module Renderer (7)
[2016.01.31-02.23.04:029][ 19]LogModuleManager: Shutting down and abandoning module Engine (6)
[2016.01.31-02.23.04:029][ 19]LogModuleManager: Shutting down and abandoning module CoreUObject (5)
[2016.01.31-02.23.04:029][ 19]LogModuleManager: Shutting down and abandoning module NetworkFile (4)
[2016.01.31-02.23.04:029][ 19]LogModuleManager: Shutting down and abandoning module StreamingFile (3)
[2016.01.31-02.23.04:029][ 19]LogModuleManager: Shutting down and abandoning module SandboxFile (2)
[2016.01.31-02.23.04:029][ 19]LogModuleManager: Shutting down and abandoning module PakFile (1)
[2016.01.31-02.23.04:030][ 19]LogExit: Exiting.
[2016.01.31-02.23.04:031][ 19]Log file closed, 01/30/16 21:23:04
