[2016.01.30-19.04.49:904][  0]Log file open, 01/30/16 14:04:49
[2016.01.30-19.04.49:904][  0]LogInit:Display: Running engine for game: StopThatRitual
[2016.01.30-19.04.49:904][  0]LogPlatformFile: Not using cached read wrapper
[2016.01.30-19.04.49:904][  0]LogInit:Display: RandInit(-856780768) SRandInit(-856780767).
[2016.01.30-19.04.49:904][  0]LogTaskGraph: Started task graph with 4 named threads and 7 total threads.
[2016.01.30-19.04.49:904][  0]LogStats: Stats thread started at 0.067958
[2016.01.30-19.04.49:904][  0]LogInit: Version: 4.10.2-2818068+++depot+UE4-Releases+4.10
[2016.01.30-19.04.49:904][  0]LogInit: API Version: 2758231
[2016.01.30-19.04.49:904][  0]LogInit: Compiled (64-bit): Jan  6 2016 17:36:42
[2016.01.30-19.04.49:904][  0]LogInit: Compiled with Visual C++: 19.00.23026.00
[2016.01.30-19.04.49:904][  0]LogInit: Build Configuration: Development
[2016.01.30-19.04.49:904][  0]LogInit: Branch Name: ++depot+UE4-Releases+4.10
[2016.01.30-19.04.49:904][  0]LogInit: Command line: 
[2016.01.30-19.04.49:904][  0]LogInit: Base directory: C:/Program Files (x86)/Epic Games/4.10/Engine/Binaries/Win64/
[2016.01.30-19.04.49:904][  0]LogInit: Rocket: 1
[2016.01.30-19.04.49:910][  0]LogInit: Using libcurl 7.41.0
[2016.01.30-19.04.49:910][  0]LogInit:  - built for x86_64-pc-win32
[2016.01.30-19.04.49:910][  0]LogInit:  - supports SSL with WinSSL
[2016.01.30-19.04.49:910][  0]LogInit:  - other features:
[2016.01.30-19.04.49:910][  0]LogInit:      CURL_VERSION_SSL
[2016.01.30-19.04.49:910][  0]LogInit:      CURL_VERSION_IPV6
[2016.01.30-19.04.49:910][  0]LogInit:      CURL_VERSION_ASYNCHDNS
[2016.01.30-19.04.49:910][  0]LogInit:      CURL_VERSION_LARGEFILE
[2016.01.30-19.04.49:910][  0]LogInit:      CURL_VERSION_IDN
[2016.01.30-19.04.49:910][  0]LogInit:  CurlRequestOptions (configurable via config and command line):
[2016.01.30-19.04.49:910][  0]LogInit:  - bVerifyPeer = true  - Libcurl will verify peer certificate
[2016.01.30-19.04.49:910][  0]LogInit:  - bUseHttpProxy = false  - Libcurl will NOT use HTTP proxy
[2016.01.30-19.04.49:910][  0]LogInit:  - bDontReuseConnections = false  - Libcurl will reuse connections
[2016.01.30-19.04.49:910][  0]LogInit:  - CertBundlePath = nullptr  - Libcurl will use whatever was configured at build time.
[2016.01.30-19.04.49:916][  0]LogInit: Presizing for 0 objects not considered by GC, pre-allocating 0 bytes.
[2016.01.30-19.04.49:923][  0]LogInit: Object subsystem initialized
[2016.01.30-19.04.49:930][  0]LogInit: Selected Device Profile: [Windows]
[2016.01.30-19.04.49:930][  0]LogInit: Applying CVar settings loaded from the selected device profile: [Windows]
[2016.01.30-19.04.49:935][  0]LogInit: Computer: THE-ASYLUM
[2016.01.30-19.04.49:935][  0]LogInit: User: Stalker
[2016.01.30-19.04.49:935][  0]LogInit: CPU Page size=4096, Cores=4
[2016.01.30-19.04.49:935][  0]LogInit: High frequency timer resolution =3.232197 MHz
[2016.01.30-19.04.49:935][  0]LogMemory: Memory total: Physical=7.9GB (8GB approx)
[2016.01.30-19.04.49:935][  0]LogMemory: Platform Memory Stats for Windows
[2016.01.30-19.04.49:935][  0]LogMemory: Process Physical Memory: 55.74 MB used, 55.74 MB peak
[2016.01.30-19.04.49:935][  0]LogMemory: Process Virtual Memory: 58.80 MB used, 58.80 MB peak
[2016.01.30-19.04.49:935][  0]LogMemory: Physical Memory: 3269.47 MB used, 8140.60 MB total
[2016.01.30-19.04.49:935][  0]LogMemory: Virtual Memory: 354.66 MB used, 8388608.00 MB total
[2016.01.30-19.04.49:964][  0]LogTextLocalizationManager: No specific translations for ('en-CA') exist, so ('en') translations will be used.
[2016.01.30-19.04.50:371][  0]LogD3D11RHI: Found D3D11 adapter 0: NVIDIA GeForce GTX 660 Ti (Feature Level 11_0)
[2016.01.30-19.04.50:371][  0]LogD3D11RHI: Adapter has 1994MB of dedicated video memory, 0MB of dedicated system memory, and 2047MB of shared system memory, 2 output[s]
[2016.01.30-19.04.50:371][  0]LogD3D11RHI: Chosen D3D11 Adapter Id = 0
[2016.01.30-19.04.50:378][  0]LogD3D11RHI: !Direct3DDevice
[2016.01.30-19.04.50:378][  0]LogRHI: Texture pool is 1361 MB (70% of 1945 MB)
[2016.01.30-19.04.50:387][  0]LogD3D11RHI: Async texture creation enabled
[2016.01.30-19.04.50:395][  0]LogShaderCompilers: Guid format shader working directory is -7 characters bigger than the processId version (../../../../../../GlobalGameJam/showboat/StopThatRitual/Intermediate/Shaders/WorkingDirectory/1792/).
[2016.01.30-19.04.50:395][  0]LogShaderCompilers: Cleaned the shader compiler working directory 'C:/Users/Stalker/AppData/Local/Temp/UnrealShaderWorkingDir/8F9368564455947569F8C38FB2C1026E/'.
[2016.01.30-19.04.50:395][  0]LogShaderCompilers:Display: Using Local Shader Compiler.
[2016.01.30-19.04.51:120][  0]LogTemp:Display: Loaded TP AllDesktopTargetPlatform
[2016.01.30-19.04.51:124][  0]LogTemp:Display: Loaded TP WindowsClientTargetPlatform
[2016.01.30-19.04.51:128][  0]LogTemp:Display: Loaded TP WindowsNoEditorTargetPlatform
[2016.01.30-19.04.51:132][  0]LogTemp:Display: Loaded TP WindowsServerTargetPlatform
[2016.01.30-19.04.51:136][  0]LogTemp:Display: Loaded TP WindowsTargetPlatform
[2016.01.30-19.04.51:139][  0]LogTemp:Display: Loaded TP AndroidTargetPlatform
[2016.01.30-19.04.51:141][  0]LogTemp:Display: Loaded TP Android_ASTCTargetPlatform
[2016.01.30-19.04.51:144][  0]LogTemp:Display: Loaded TP Android_ATCTargetPlatform
[2016.01.30-19.04.51:146][  0]LogTemp:Display: Loaded TP Android_DXTTargetPlatform
[2016.01.30-19.04.51:149][  0]LogTemp:Display: Loaded TP Android_ETC1TargetPlatform
[2016.01.30-19.04.51:152][  0]LogTemp:Display: Loaded TP Android_ETC2TargetPlatform
[2016.01.30-19.04.51:158][  0]LogTemp:Display: Loaded TP Android_MultiTargetPlatform
[2016.01.30-19.04.51:158][  0]LogTemp:Display: Loaded TP Android_PVRTCTargetPlatform
[2016.01.30-19.04.51:158][  0]LogTemp:Display: Loaded TP HTML5TargetPlatform
[2016.01.30-19.04.51:174][  0]LogTemp:Display: Loaded TP IOSTargetPlatform
[2016.01.30-19.04.51:176][  0]LogTemp:Display: Loaded TP LinuxNoEditorTargetPlatform
[2016.01.30-19.04.51:178][  0]LogTemp:Display: Loaded TP LinuxServerTargetPlatform
[2016.01.30-19.04.51:180][  0]LogTemp:Display: Loaded TP LinuxTargetPlatform
[2016.01.30-19.04.51:181][  0]LogTargetPlatformManager:Display: Building Assets For Windows
[2016.01.30-19.04.51:247][  0]LogDerivedDataCache:Display: Max Cache Size: 512 MB
[2016.01.30-19.04.51:278][  0]LogDerivedDataCache: Loaded boot cache 0.03s 45MB C:/Users/Stalker/AppData/Local/UnrealEngine/4.10/DerivedDataCache/Boot.ddc.
[2016.01.30-19.04.51:278][  0]LogDerivedDataCache:Display: Loaded Boot cache: C:/Users/Stalker/AppData/Local/UnrealEngine/4.10/DerivedDataCache/Boot.ddc
[2016.01.30-19.04.51:278][  0]LogDerivedDataCache: FDerivedDataBackendGraph:  Pak pak cache file ../../../../../../GlobalGameJam/showboat/StopThatRitual/DerivedDataCache/DDC.ddp not found, will not use a pak cache.
[2016.01.30-19.04.51:278][  0]LogDerivedDataCache: Unable to find inner node Pak for hierarchical cache Hierarchy.
[2016.01.30-19.04.51:278][  0]LogDerivedDataCache: FDerivedDataBackendGraph:  CompressedPak pak cache file ../../../../../../GlobalGameJam/showboat/StopThatRitual/DerivedDataCache/Compressed.ddp not found, will not use a pak cache.
[2016.01.30-19.04.51:278][  0]LogDerivedDataCache: Unable to find inner node CompressedPak for hierarchical cache Hierarchy.
[2016.01.30-19.04.51:333][  0]LogDerivedDataCache:Display: Pak cache opened for reading ../../../Engine/DerivedDataCache/Compressed.ddp.
[2016.01.30-19.04.51:344][  0]LogDerivedDataCache: Using Local data cache path C:/Users/Stalker/AppData/Local/UnrealEngine/Common/DerivedDataCache: Writable
[2016.01.30-19.04.51:581][  0]LogInit: Selected Device Profile: [Windows]
[2016.01.30-19.04.51:582][  0]LogContentStreaming: Texture pool size is 0.000000MB
[2016.01.30-19.04.51:638][  0]LogMeshUtilities: No automatic mesh reduction module available
[2016.01.30-19.04.51:638][  0]LogMeshUtilities: No automatic mesh merging module available
[2016.01.30-19.04.52:328][  0]LogInit: WinSock: version 1.1 (2.2), MaxSocks=32767, MaxUdp=65467
[2016.01.30-19.05.16:817][  0]UdpMessaging: Initializing bridge on interface 0.0.0.0:0 to multicast group 230.0.0.1:6666.
[2016.01.30-19.05.18:549][  0]LogAssetRegistry: FAssetRegistry took 0.0108 seconds to start up
[2016.01.30-19.05.19:693][  0]SourceControl: Info Source control is disabled
[2016.01.30-19.05.19:797][  0]SourceControl: Info Source control is disabled
[2016.01.30-19.05.19:806][  0]SourceControl: Info Source control is disabled
[2016.01.30-19.05.19:815][  0]SourceControl: Info Source control is disabled
[2016.01.30-19.05.22:088][  0]LogObj: 28633 objects as part of root set at end of initial load.
[2016.01.30-19.05.22:088][  0]LogUObjectAllocator: 6099744 out of 0 bytes used by permanent object pool.
[2016.01.30-19.05.22:140][  0]LogEngine: Initializing Engine...
[2016.01.30-19.05.22:142][  0]LogHMD: Can't find Oculus library dev build: is proper Runtime installed? Version: 0.8.0.0
[2016.01.30-19.05.22:142][  0]LogHMD: SteamVR failed to initialize.  Err: 100
[2016.01.30-19.05.22:292][  0]LogAIModule: Creating AISystem for world NewWorld
[2016.01.30-19.05.22:296][  0]LogInit: XAudio2 using 'Headphones (Razer Kraken USB)' : 2 channels at 44.1 kHz using 16 bits per sample (channel mask 0x3)
[2016.01.30-19.05.22:313][  0]LogInit: FAudioDevice initialized.
[2016.01.30-19.05.22:334][  0]LogDerivedDataCache: Saved boot cache 0.02s 45MB C:/Users/Stalker/AppData/Local/UnrealEngine/4.10/DerivedDataCache/Boot.ddc.
[2016.01.30-19.05.22:339][  0]LogInit: Texture streaming: Enabled
[2016.01.30-19.05.22:438][  0]LogAnalytics: Creating configured Analytics provider AnalyticsET
[2016.01.30-19.05.22:438][  0]LogAnalytics: [UEEditor.Rocket.Release] APIServer = http://et2.epicgames.com/ET2/. AppVersion = 4.10.2-2818068+++depot+UE4-Releases+4.10
[2016.01.30-19.05.22:438][  0]LogAnalytics: [UEEditor.Rocket.Release] SetUserId bc098e3d4faea8ae3c76eaa2bcb1f47e|fc346eaae5694d4d946bb52ab9b57dbf|c7a507ca-cac6-4cb5-b0ba-f26ec658a1ad
[2016.01.30-19.05.22:438][  0]LogAnalytics: [UEEditor.Rocket.Release] AnalyticsET::StartSession
[2016.01.30-19.05.23:169][  0]LogInit: Transaction tracking system initialized
[2016.01.30-19.05.24:131][  0]BlueprintLog: New page: Editor Load
[2016.01.30-19.05.26:179][  0]LocalizationService: Info Localization service is disabled
[2016.01.30-19.05.27:433][  0]LogConsoleResponse:Display: 
[2016.01.30-19.05.28:225][  0]LogFileCache: Scanning file cache for directory 'C:/GlobalGameJam/showboat/StopThatRitual/Content/' took 0.01s
[2016.01.30-19.05.28:225][  0]LogCook:Display: Done creating registry. It took  0.00s.
[2016.01.30-19.05.29:290][  0]SourceControl: Info Source control is disabled
[2016.01.30-19.05.29:290][  0]Cmd: MAP LOAD FILE="../../../Engine/Content/Maps/Templates/Template_Default.umap" TEMPLATE=1 SHOWPROGRESS=1 FEATURELEVEL=3
[2016.01.30-19.05.29:547][  0]LightingResults: New page: Lighting Build
[2016.01.30-19.05.29:550][  0]MapCheck: New page: Map Check
[2016.01.30-19.05.29:550][  0]LightingResults: New page: Lighting Build
[2016.01.30-19.05.29:561][  0]LogParticles: Destroying 0 GPU particle simulations for FXSystem 0x00000000228EEAC0
[2016.01.30-19.05.30:700][  0]LogAIModule: Creating AISystem for world Untitled_1
[2016.01.30-19.05.30:709][  0]LogEditorServer: Finished looking for orphan Actors (0.000 secs)
[2016.01.30-19.05.30:884][  0]Cmd: MAP CHECKDEP NOCLEARLOG
[2016.01.30-19.05.30:927][  0]MapCheck: Info Map check complete: 0 Error(s), 0 Warning(s), took 42.302ms to complete.
[2016.01.30-19.05.30:927][  0]LogFileHelpers: Loading map 'Template_Default' took 1.636
[2016.01.30-19.05.31:048][  0]LogCollectionManager: Loaded 0 collections in 0.001713 seconds
[2016.01.30-19.05.31:087][  0]LogFileCache: Scanning file cache for directory 'C:/GlobalGameJam/showboat/StopThatRitual/Saved/Collections/' took 0.01s
[2016.01.30-19.05.31:087][  0]LogFileCache: Scanning file cache for directory 'C:/GlobalGameJam/showboat/StopThatRitual/Content/Developers/Stalker/Collections/' took 0.01s
[2016.01.30-19.05.31:087][  0]LogFileCache: Scanning file cache for directory 'C:/GlobalGameJam/showboat/StopThatRitual/Content/Collections/' took 0.01s
[2016.01.30-19.05.31:088][  0]LogCollectionManager: Rebuilt the GUID cache for 0 collections in 0.000002 seconds
[2016.01.30-19.05.31:095][  0]LogContentBrowser: Native class hierarchy populated in 0.0075 seconds. Added 1893 classes and 338 folders.
[2016.01.30-19.05.31:101][  0]LogContentBrowser: Native class hierarchy updated for 'WidgetCarousel' in 0.0003 seconds. Added 0 classes and 0 folders.
[2016.01.30-19.05.31:136][  0]LogContentBrowser: Native class hierarchy updated for 'AddContentDialog' in 0.0003 seconds. Added 0 classes and 0 folders.
[2016.01.30-19.05.31:140][  0]LogContentBrowser: Native class hierarchy updated for 'SceneOutliner' in 0.0003 seconds. Added 1 classes and 2 folders.
[2016.01.30-19.05.31:178][  0]LogCrashTracker: Crashtracker disabled due to settings.
[2016.01.30-19.05.31:181][  0]LogUObjectGlobals:Warning: Failed to find object 'Class None.'
[2016.01.30-19.05.31:202][  0]LogLoad: Full Startup: 41.63 seconds (BP compile: 0.04 seconds)
[2016.01.30-19.05.31:214][  0]LogOcInput: Can't find Oculus library dev build: is proper Runtime installed? Version: 0.8.0.0
[2016.01.30-19.05.31:258][  0]LogContentStreaming: Texture pool size now 1000 MB
[2016.01.30-19.05.31:396][  0]LogRenderer: Reallocating scene render targets to support 1156x700 (Frame:2).
[2016.01.30-19.05.43:678][827]LogAssetRegistry: Asset discovery search completed in 25.1402 seconds
[2016.01.30-19.05.43:678][827]LogCollectionManager: Rebuilt the object cache for 0 collections in 0.000001 seconds (found 0 objects)
[2016.01.30-19.05.43:678][827]LogCollectionManager: Fixed up redirectors for 0 collections in 0.000019 seconds (updated 0 objects)
[2016.01.30-19.07.47:183][280]Cmd: QUIT_EDITOR
[2016.01.30-19.07.47:389][280]LogExit: Preparing to exit.
[2016.01.30-19.07.47:882][280]LogExit: Editor shut down
[2016.01.30-19.07.47:883][280]LogExit: Transaction tracking system shut down
[2016.01.30-19.07.47:884][280]LogParticles: Destroying 0 GPU particle simulations for FXSystem 0x0000000022367740
[2016.01.30-19.07.47:885][280]LogParticles: Destroying 0 GPU particle simulations for FXSystem 0x000000001DB1BE20
[2016.01.30-19.07.48:010][280]LogExit: Object subsystem successfully closed.
[2016.01.30-19.07.48:022][280]LogD3D11RHI: Shutdown
[2016.01.30-19.07.48:022][280]LogD3D11RHI: CleanupD3DDevice
[2016.01.30-19.07.48:050][280]LogD3D11RHI: ~FD3D11DynamicRHI
[2016.01.30-19.07.48:063][280]LogModuleManager: Shutting down and abandoning module CrashTracker (198)
[2016.01.30-19.07.48:063][280]LogModuleManager: Shutting down and abandoning module SceneOutliner (197)
[2016.01.30-19.07.48:063][280]LogModuleManager: Shutting down and abandoning module SuperSearch (196)
[2016.01.30-19.07.48:063][280]LogModuleManager: Shutting down and abandoning module WidgetCarousel (195)
[2016.01.30-19.07.48:063][280]LogModuleManager: Shutting down and abandoning module AddContentDialog (194)
[2016.01.30-19.07.48:064][280]LogModuleManager: Shutting down and abandoning module EditorWidgets (193)
[2016.01.30-19.07.48:064][280]LogModuleManager: Shutting down and abandoning module CollectionManager (192)
[2016.01.30-19.07.48:064][280]LogModuleManager: Shutting down and abandoning module StatsViewer (191)
[2016.01.30-19.07.48:064][280]LogModuleManager: Shutting down and abandoning module FoliageEdit (190)
[2016.01.30-19.07.48:064][280]LogModuleManager: Shutting down and abandoning module LandscapeEditor (189)
[2016.01.30-19.07.48:064][280]LogModuleManager: Shutting down and abandoning module ActorPickerMode (188)
[2016.01.30-19.07.48:064][280]LogModuleManager: Shutting down and abandoning module GeometryMode (187)
[2016.01.30-19.07.48:064][280]LogModuleManager: Shutting down and abandoning module TextureAlignMode (186)
[2016.01.30-19.07.48:064][280]LogModuleManager: Shutting down and abandoning module BspMode (185)
[2016.01.30-19.07.48:064][280]LogModuleManager: Shutting down and abandoning module PlacementMode (184)
[2016.01.30-19.07.48:064][280]LogModuleManager: Shutting down and abandoning module AutomationWorker (183)
[2016.01.30-19.07.48:064][280]LogModuleManager: Shutting down and abandoning module CharacterAI (182)
[2016.01.30-19.07.48:064][280]LogModuleManager: Shutting down and abandoning module SmartSnapping (181)
[2016.01.30-19.07.48:064][280]LogModuleManager: Shutting down and abandoning module ViewportSnapping (180)
[2016.01.30-19.07.48:064][280]LogModuleManager: Shutting down and abandoning module LogVisualizer (179)
[2016.01.30-19.07.48:065][280]LogModuleManager: Shutting down and abandoning module GameProjectGeneration (178)
[2016.01.30-19.07.48:065][280]LogModuleManager: Shutting down and abandoning module IntroTutorials (177)
[2016.01.30-19.07.48:065][280]LogModuleManager: Shutting down and abandoning module EditorLiveStreaming (176)
[2016.01.30-19.07.48:065][280]LogModuleManager: Shutting down and abandoning module IOSPlatformEditor (175)
[2016.01.30-19.07.48:065][280]LogModuleManager: Shutting down and abandoning module HTML5PlatformEditor (174)
[2016.01.30-19.07.48:065][280]LogModuleManager: Shutting down and abandoning module AndroidDeviceDetection (173)
[2016.01.30-19.07.49:021][280]LogModuleManager: Shutting down and abandoning module AndroidPlatformEditor (172)
[2016.01.30-19.07.49:021][280]LogModuleManager: Shutting down and abandoning module IOSRuntimeSettings (171)
[2016.01.30-19.07.49:021][280]LogModuleManager: Shutting down and abandoning module AndroidRuntimeSettings (170)
[2016.01.30-19.07.49:021][280]LogModuleManager: Shutting down and abandoning module MergeActors (169)
[2016.01.30-19.07.49:021][280]LogModuleManager: Shutting down and abandoning module SizeMap (168)
[2016.01.30-19.07.49:021][280]LogModuleManager: Shutting down and abandoning module TreeMap (167)
[2016.01.30-19.07.49:021][280]LogModuleManager: Shutting down and abandoning module ReferenceViewer (166)
[2016.01.30-19.07.49:021][280]LogModuleManager: Shutting down and abandoning module LocalizationService (165)
[2016.01.30-19.07.49:021][280]LogModuleManager: Shutting down and abandoning module LocalizationDashboard (164)
[2016.01.30-19.07.49:021][280]LogModuleManager: Shutting down and abandoning module HardwareTargeting (163)
[2016.01.30-19.07.49:021][280]LogModuleManager: Shutting down and abandoning module DeviceProfileEditor (162)
[2016.01.30-19.07.49:021][280]LogModuleManager: Shutting down and abandoning module UndoHistory (161)
[2016.01.30-19.07.49:022][280]LogModuleManager: Shutting down and abandoning module GameplayTagsEditor (160)
[2016.01.30-19.07.49:022][280]LogModuleManager: Shutting down and abandoning module UserFeedback (159)
[2016.01.30-19.07.49:022][280]LogModuleManager: Shutting down and abandoning module XmlParser (158)
[2016.01.30-19.07.49:022][280]LogModuleManager: Shutting down and abandoning module Blutility (157)
[2016.01.30-19.07.49:022][280]LogModuleManager: Shutting down and abandoning module ProjectTargetPlatformEditor (156)
[2016.01.30-19.07.49:022][280]LogModuleManager: Shutting down and abandoning module ProjectSettingsViewer (155)
[2016.01.30-19.07.49:022][280]LogModuleManager: Shutting down and abandoning module InputBindingEditor (154)
[2016.01.30-19.07.49:022][280]LogModuleManager: Shutting down and abandoning module EditorSettingsViewer (153)
[2016.01.30-19.07.49:022][280]LogModuleManager: Shutting down and abandoning module SettingsEditor (152)
[2016.01.30-19.07.49:022][280]LogModuleManager: Shutting down and abandoning module ProjectLauncher (151)
[2016.01.30-19.07.49:022][280]LogModuleManager: Shutting down and abandoning module SessionFrontend (150)
[2016.01.30-19.07.49:022][280]LogModuleManager: Shutting down and abandoning module ProfilerClient (149)
[2016.01.30-19.07.49:022][280]LogModuleManager: Shutting down and abandoning module TargetDeviceServices (148)
[2016.01.30-19.07.49:022][280]LogModuleManager: Shutting down and abandoning module DeviceManager (147)
[2016.01.30-19.07.49:022][280]LogModuleManager: Shutting down and abandoning module AutomationController (146)
[2016.01.30-19.07.49:022][280]LogModuleManager: Shutting down and abandoning module AutomationWindow (145)
[2016.01.30-19.07.49:022][280]LogModuleManager: Shutting down and abandoning module Layers (144)
[2016.01.30-19.07.49:023][280]LogModuleManager: Shutting down and abandoning module ComponentVisualizers (143)
[2016.01.30-19.07.49:023][280]LogModuleManager: Shutting down and abandoning module DetailCustomizations (142)
[2016.01.30-19.07.49:023][280]LogModuleManager: Shutting down and abandoning module PackagesDialog (141)
[2016.01.30-19.07.49:023][280]LogModuleManager: Shutting down and abandoning module Persona (140)
[2016.01.30-19.07.49:023][280]LogModuleManager: Shutting down and abandoning module Kismet (139)
[2016.01.30-19.07.49:023][280]LogModuleManager: Shutting down and abandoning module GraphEditor (138)
[2016.01.30-19.07.49:023][280]LogModuleManager: Shutting down and abandoning module ClassViewer (137)
[2016.01.30-19.07.49:023][280]LogModuleManager: Shutting down and abandoning module Toolbox (136)
[2016.01.30-19.07.49:023][280]LogModuleManager: Shutting down and abandoning module ModuleUI (135)
[2016.01.30-19.07.49:023][280]LogModuleManager: Shutting down and abandoning module MovieSceneTools (134)
[2016.01.30-19.07.49:023][280]LogModuleManager: Shutting down and abandoning module OutputLog (133)
[2016.01.30-19.07.49:023][280]LogModuleManager: Shutting down and abandoning module GammaUI (132)
[2016.01.30-19.07.49:023][280]LogModuleManager: Shutting down and abandoning module Documentation (131)
[2016.01.30-19.07.49:023][280]LogModuleManager: Shutting down and abandoning module GameLiveStreaming (130)
[2016.01.30-19.07.49:023][280]LogModuleManager: Shutting down and abandoning module StreamingPauseRendering (129)
[2016.01.30-19.07.49:023][280]LogModuleManager: Shutting down and abandoning module AnalyticsET (128)
[2016.01.30-19.07.49:023][280]LogModuleManager: Shutting down and abandoning module Analytics (127)
[2016.01.30-19.07.49:023][280]LogModuleManager: Shutting down and abandoning module AITestSuite (126)
[2016.01.30-19.07.49:023][280]LogModuleManager: Shutting down and abandoning module GameplayDebugger (125)
[2016.01.30-19.07.49:023][280]LogModuleManager: Shutting down and abandoning module AIModule (124)
[2016.01.30-19.07.49:023][280]LogModuleManager: Shutting down and abandoning module ProfilerService (123)
[2016.01.30-19.07.49:103][280]LogModuleManager: Shutting down and abandoning module TaskGraph (122)
[2016.01.30-19.07.49:103][280]LogModuleManager: Shutting down and abandoning module SlateRemote (121)
[2016.01.30-19.07.49:103][280]LogModuleManager: Shutting down and abandoning module SteamVRController (120)
[2016.01.30-19.07.49:103][280]LogModuleManager: Shutting down and abandoning module SteamVR (119)
[2016.01.30-19.07.49:103][280]LogModuleManager: Shutting down and abandoning module ProceduralMeshComponent (118)
[2016.01.30-19.07.49:103][280]LogModuleManager: Shutting down and abandoning module OculusLibrary (117)
[2016.01.30-19.07.49:103][280]LogModuleManager: Shutting down and abandoning module OculusInput (116)
[2016.01.30-19.07.49:103][280]LogModuleManager: Shutting down and abandoning module LeapMotionController (115)
[2016.01.30-19.07.49:109][280]LogModuleManager: Shutting down and abandoning module CustomMeshComponent (114)
[2016.01.30-19.07.49:110][280]LogModuleManager: Shutting down and abandoning module CableComponent (113)
[2016.01.30-19.07.49:110][280]LogModuleManager: Shutting down and abandoning module ArchVisCharacter (112)
[2016.01.30-19.07.49:110][280]LogModuleManager: Shutting down and abandoning module MessagingDebugger (111)
[2016.01.30-19.07.49:110][280]LogModuleManager: Shutting down and abandoning module MediaPlayerEditor (110)
[2016.01.30-19.07.49:110][280]LogModuleManager: Shutting down and abandoning module HTML5Networking (109)
[2016.01.30-19.07.49:110][280]LogModuleManager: Shutting down and abandoning module SpeedTreeImporter (108)
[2016.01.30-19.07.49:110][280]LogModuleManager: Shutting down and abandoning module PluginBrowser (107)
[2016.01.30-19.07.49:110][280]LogModuleManager: Shutting down and abandoning module EpicSurvey (106)
[2016.01.30-19.07.49:110][280]LogModuleManager: Shutting down and abandoning module DesktopPlatform (105)
[2016.01.30-19.07.49:110][280]LogModuleManager: Shutting down and abandoning module VisualStudioSourceCodeAccess (104)
[2016.01.30-19.07.49:110][280]LogModuleManager: Shutting down and abandoning module UObjectPlugin (103)
[2016.01.30-19.07.49:110][280]LogModuleManager: Shutting down and abandoning module SubversionSourceControl (102)
[2016.01.30-19.07.49:110][280]LogModuleManager: Shutting down and abandoning module PerforceSourceControl (101)
[2016.01.30-19.07.49:110][280]LogModuleManager: Shutting down and abandoning module SourceControl (100)
[2016.01.30-19.07.49:110][280]LogModuleManager: Shutting down and abandoning module GitSourceControl (99)
[2016.01.30-19.07.49:110][280]LogModuleManager: Shutting down and abandoning module LightPropagationVolumeEditor (98)
[2016.01.30-19.07.49:110][280]LogModuleManager: Shutting down and abandoning module PaperTiledImporter (97)
[2016.01.30-19.07.49:110][280]LogModuleManager: Shutting down and abandoning module PaperSpriteSheetImporter (96)
[2016.01.30-19.07.49:110][280]LogModuleManager: Shutting down and abandoning module MeshPaint (95)
[2016.01.30-19.07.49:110][280]LogModuleManager: Shutting down and abandoning module SlateReflector (94)
[2016.01.30-19.07.49:110][280]LogModuleManager: Shutting down and abandoning module HotReload (93)
[2016.01.30-19.07.49:110][280]LogModuleManager: Shutting down and abandoning module MainFrame (92)
[2016.01.30-19.07.49:110][280]LogModuleManager: Shutting down and abandoning module LevelEditor (91)
[2016.01.30-19.07.49:112][280]LogModuleManager: Shutting down and abandoning module DirectoryWatcher (90)
[2016.01.30-19.07.49:113][280]LogModuleManager: Shutting down and abandoning module AssetRegistry (89)
[2016.01.30-19.07.49:203][280]LogModuleManager: Shutting down and abandoning module ContentBrowser (88)
[2016.01.30-19.07.49:204][280]LogModuleManager: Shutting down and abandoning module Paper2DEditor (87)
[2016.01.30-19.07.49:204][280]LogModuleManager: Shutting down and abandoning module UdpMessaging (86)
[2016.01.30-19.07.49:304][280]LogModuleManager: Shutting down and abandoning module LightPropagationVolumeRuntime (85)
[2016.01.30-19.07.49:304][280]LogModuleManager: Shutting down and abandoning module Paper2D (84)
[2016.01.30-19.07.49:304][280]LogModuleManager: Shutting down and abandoning module WindowsMoviePlayer (83)
[2016.01.30-19.07.49:308][280]LogModuleManager: Shutting down and abandoning module Media (82)
[2016.01.30-19.07.49:308][280]LogModuleManager: Shutting down and abandoning module WmfMedia (81)
[2016.01.30-19.07.49:309][280]LogModuleManager: Shutting down and abandoning module OnlineBlueprintSupport (80)
[2016.01.30-19.07.49:309][280]LogModuleManager: Shutting down and abandoning module GameplayTasksEditor (79)
[2016.01.30-19.07.49:309][280]LogModuleManager: Shutting down and abandoning module PropertyEditor (78)
[2016.01.30-19.07.49:309][280]LogModuleManager: Shutting down and abandoning module BehaviorTreeEditor (77)
[2016.01.30-19.07.49:309][280]LogModuleManager: Shutting down and abandoning module FunctionalTesting (76)
[2016.01.30-19.07.49:309][280]LogModuleManager: Shutting down and abandoning module CollisionAnalyzer (75)
[2016.01.30-19.07.49:309][280]LogModuleManager: Shutting down and abandoning module WorkspaceMenuStructure (74)
[2016.01.30-19.07.49:309][280]LogModuleManager: Shutting down and abandoning module MessageLog (73)
[2016.01.30-19.07.49:309][280]LogModuleManager: Shutting down and abandoning module Sequencer (72)
[2016.01.30-19.07.49:309][280]LogModuleManager: Shutting down and abandoning module AssetTools (71)
[2016.01.30-19.07.49:309][280]LogModuleManager: Shutting down and abandoning module UMGEditor (70)
[2016.01.30-19.07.49:309][280]LogModuleManager: Shutting down and abandoning module UMG (69)
[2016.01.30-19.07.49:309][280]LogModuleManager: Shutting down and abandoning module Slate (68)
[2016.01.30-19.07.49:309][280]LogModuleManager: Shutting down and abandoning module EditorStyle (67)
[2016.01.30-19.07.49:313][280]LogModuleManager: Shutting down and abandoning module SessionServices (66)
[2016.01.30-19.07.49:313][280]LogModuleManager: Shutting down and abandoning module SourceCodeAccess (65)
[2016.01.30-19.07.49:313][280]LogModuleManager: Shutting down and abandoning module HeadMountedDisplay (64)
[2016.01.30-19.07.49:313][280]LogModuleManager: Shutting down and abandoning module XAudio2 (63)
[2016.01.30-19.07.49:313][280]LogModuleManager: Shutting down and abandoning module Networking (61)
[2016.01.30-19.07.49:313][280]LogModuleManager: Shutting down and abandoning module Core (60)
[2016.01.30-19.07.49:313][280]LogModuleManager: Shutting down and abandoning module KismetCompiler (59)
[2016.01.30-19.07.49:313][280]LogModuleManager: Shutting down and abandoning module PhysXFormats (58)
[2016.01.30-19.07.49:313][280]LogModuleManager: Shutting down and abandoning module MeshUtilities (57)
[2016.01.30-19.07.49:313][280]LogModuleManager: Shutting down and abandoning module DerivedDataCache (56)
[2016.01.30-19.07.49:354][280]LogDerivedDataCache: Shutdown
[2016.01.30-19.07.49:354][280]LogModuleManager: Shutting down and abandoning module ShaderFormatOpenGL (55)
[2016.01.30-19.07.49:354][280]LogModuleManager: Shutting down and abandoning module ShaderFormatD3D (54)
[2016.01.30-19.07.49:354][280]LogModuleManager: Shutting down and abandoning module MetalShaderFormat (53)
[2016.01.30-19.07.49:354][280]LogModuleManager: Shutting down and abandoning module TextureFormatUncompressed (52)
[2016.01.30-19.07.49:354][280]LogModuleManager: Shutting down and abandoning module TextureFormatPVR (51)
[2016.01.30-19.07.49:354][280]LogModuleManager: Shutting down and abandoning module TextureFormatIntelISPCTexComp (50)
[2016.01.30-19.07.49:354][280]LogModuleManager: Shutting down and abandoning module TextureFormatDXT (49)
[2016.01.30-19.07.49:354][280]LogModuleManager: Shutting down and abandoning module ImageWrapper (48)
[2016.01.30-19.07.49:354][280]LogModuleManager: Shutting down and abandoning module TextureFormatASTC (47)
[2016.01.30-19.07.49:354][280]LogModuleManager: Shutting down and abandoning module TextureFormatAndroid (46)
[2016.01.30-19.07.49:354][280]LogModuleManager: Shutting down and abandoning module AudioFormatOpus (45)
[2016.01.30-19.07.49:354][280]LogModuleManager: Shutting down and abandoning module AudioFormatOgg (44)
[2016.01.30-19.07.49:354][280]LogModuleManager: Shutting down and abandoning module AudioFormatADPCM (43)
[2016.01.30-19.07.49:354][280]LogModuleManager: Shutting down and abandoning module LinuxTargetPlatform (42)
[2016.01.30-19.07.49:354][280]LogModuleManager: Shutting down and abandoning module LinuxServerTargetPlatform (41)
[2016.01.30-19.07.49:354][280]LogModuleManager: Shutting down and abandoning module LinuxNoEditorTargetPlatform (40)
[2016.01.30-19.07.49:354][280]LogModuleManager: Shutting down and abandoning module Messaging (39)
[2016.01.30-19.07.49:354][280]LogModuleManager: Shutting down and abandoning module IOSTargetPlatform (38)
[2016.01.30-19.07.49:354][280]LogModuleManager: Shutting down and abandoning module HTML5TargetPlatform (37)
[2016.01.30-19.07.49:355][280]LogModuleManager: Shutting down and abandoning module Android_PVRTCTargetPlatform (36)
[2016.01.30-19.07.49:355][280]LogModuleManager: Shutting down and abandoning module Android_MultiTargetPlatform (35)
[2016.01.30-19.07.49:355][280]LogModuleManager: Shutting down and abandoning module Android_ETC2TargetPlatform (34)
[2016.01.30-19.07.49:355][280]LogModuleManager: Shutting down and abandoning module Android_ETC1TargetPlatform (33)
[2016.01.30-19.07.49:355][280]LogModuleManager: Shutting down and abandoning module Android_DXTTargetPlatform (32)
[2016.01.30-19.07.49:355][280]LogModuleManager: Shutting down and abandoning module Android_ATCTargetPlatform (31)
[2016.01.30-19.07.49:355][280]LogModuleManager: Shutting down and abandoning module Android_ASTCTargetPlatform (30)
[2016.01.30-19.07.49:355][280]LogModuleManager: Shutting down and abandoning module AndroidTargetPlatform (29)
[2016.01.30-19.07.49:355][280]LogModuleManager: Shutting down and abandoning module WindowsTargetPlatform (28)
[2016.01.30-19.07.49:355][280]LogModuleManager: Shutting down and abandoning module WindowsServerTargetPlatform (27)
[2016.01.30-19.07.49:355][280]LogModuleManager: Shutting down and abandoning module WindowsNoEditorTargetPlatform (26)
[2016.01.30-19.07.49:355][280]LogModuleManager: Shutting down and abandoning module WindowsClientTargetPlatform (25)
[2016.01.30-19.07.49:355][280]LogModuleManager: Shutting down and abandoning module AllDesktopTargetPlatform (24)
[2016.01.30-19.07.49:355][280]LogModuleManager: Shutting down and abandoning module TargetPlatform (23)
[2016.01.30-19.07.49:355][280]LogModuleManager: Shutting down and abandoning module InputCore (22)
[2016.01.30-19.07.49:355][280]LogModuleManager: Shutting down and abandoning module Settings (21)
[2016.01.30-19.07.49:355][280]LogModuleManager: Shutting down and abandoning module OnlineSubsystem (19)
[2016.01.30-19.07.49:355][280]LogModuleManager: Shutting down and abandoning module HTTP (18)
[2016.01.30-19.07.51:355][280]LogModuleManager: Shutting down and abandoning module XMPP (17)
[2016.01.30-19.07.51:355][280]LogModuleManager: Shutting down and abandoning module OculusRift (16)
[2016.01.30-19.07.51:355][280]LogModuleManager: Shutting down and abandoning module ExampleDeviceProfileSelector (15)
[2016.01.30-19.07.51:355][280]LogModuleManager: Shutting down and abandoning module TextureCompressor (14)
[2016.01.30-19.07.51:355][280]LogModuleManager: Shutting down and abandoning module ShaderCore (13)
[2016.01.30-19.07.51:355][280]LogModuleManager: Shutting down and abandoning module Landscape (12)
[2016.01.30-19.07.51:355][280]LogModuleManager: Shutting down and abandoning module SlateRHIRenderer (11)
[2016.01.30-19.07.51:356][280]LogModuleManager: Shutting down and abandoning module OpenGLDrv (10)
[2016.01.30-19.07.51:356][280]LogModuleManager: Shutting down and abandoning module D3D11RHI (9)
[2016.01.30-19.07.51:356][280]LogModuleManager: Shutting down and abandoning module AnimGraphRuntime (8)
[2016.01.30-19.07.51:356][280]LogModuleManager: Shutting down and abandoning module Renderer (7)
[2016.01.30-19.07.51:356][280]LogModuleManager: Shutting down and abandoning module Engine (6)
[2016.01.30-19.07.51:356][280]LogModuleManager: Shutting down and abandoning module CoreUObject (5)
[2016.01.30-19.07.51:356][280]LogModuleManager: Shutting down and abandoning module NetworkFile (4)
[2016.01.30-19.07.51:356][280]LogModuleManager: Shutting down and abandoning module StreamingFile (3)
[2016.01.30-19.07.51:356][280]LogModuleManager: Shutting down and abandoning module SandboxFile (2)
[2016.01.30-19.07.51:356][280]LogModuleManager: Shutting down and abandoning module PakFile (1)
[2016.01.30-19.07.51:358][280]LogExit: Exiting.
[2016.01.30-19.07.51:375][280]Log file closed, 01/30/16 14:07:51
