[2016.01.31-02.29.10:565][  0]Log file open, 01/30/16 21:29:10
[2016.01.31-02.29.10:565][  0]LogInit:Display: Running engine for game: StopThatRitual
[2016.01.31-02.29.10:565][  0]LogPlatformFile: Not using cached read wrapper
[2016.01.31-02.29.10:565][  0]LogInit:Display: RandInit(107954796) SRandInit(107954799).
[2016.01.31-02.29.10:565][  0]LogTaskGraph: Started task graph with 4 named threads and 7 total threads.
[2016.01.31-02.29.10:565][  0]LogStats: Stats thread started at 0.075826
[2016.01.31-02.29.10:566][  0]LogInit: Version: 4.10.2-2818068+++depot+UE4-Releases+4.10
[2016.01.31-02.29.10:566][  0]LogInit: API Version: 2758231
[2016.01.31-02.29.10:566][  0]LogInit: Compiled (64-bit): Jan  6 2016 17:36:42
[2016.01.31-02.29.10:566][  0]LogInit: Compiled with Visual C++: 19.00.23026.00
[2016.01.31-02.29.10:566][  0]LogInit: Build Configuration: Development
[2016.01.31-02.29.10:566][  0]LogInit: Branch Name: ++depot+UE4-Releases+4.10
[2016.01.31-02.29.10:566][  0]LogInit: Command line:  /Temp/Autosaves/Game/Maps/UEDPCLvl_MainMenu -game -PIEVIACONSOLE -ResX=1280 -ResY=720  -Multiprocess 
[2016.01.31-02.29.10:566][  0]LogInit: Base directory: C:/Program Files (x86)/Epic Games/4.10/Engine/Binaries/Win64/
[2016.01.31-02.29.10:566][  0]LogInit: Rocket: 1
[2016.01.31-02.29.10:575][  0]LogInit: Using libcurl 7.41.0
[2016.01.31-02.29.10:575][  0]LogInit:  - built for x86_64-pc-win32
[2016.01.31-02.29.10:575][  0]LogInit:  - supports SSL with WinSSL
[2016.01.31-02.29.10:575][  0]LogInit:  - other features:
[2016.01.31-02.29.10:575][  0]LogInit:      CURL_VERSION_SSL
[2016.01.31-02.29.10:575][  0]LogInit:      CURL_VERSION_IPV6
[2016.01.31-02.29.10:575][  0]LogInit:      CURL_VERSION_ASYNCHDNS
[2016.01.31-02.29.10:575][  0]LogInit:      CURL_VERSION_LARGEFILE
[2016.01.31-02.29.10:575][  0]LogInit:      CURL_VERSION_IDN
[2016.01.31-02.29.10:575][  0]LogInit:  CurlRequestOptions (configurable via config and command line):
[2016.01.31-02.29.10:575][  0]LogInit:  - bVerifyPeer = true  - Libcurl will verify peer certificate
[2016.01.31-02.29.10:575][  0]LogInit:  - bUseHttpProxy = false  - Libcurl will NOT use HTTP proxy
[2016.01.31-02.29.10:575][  0]LogInit:  - bDontReuseConnections = false  - Libcurl will reuse connections
[2016.01.31-02.29.10:575][  0]LogInit:  - CertBundlePath = nullptr  - Libcurl will use whatever was configured at build time.
[2016.01.31-02.29.10:583][  0]LogInit: Presizing for 0 objects not considered by GC, pre-allocating 0 bytes.
[2016.01.31-02.29.10:590][  0]LogInit: Object subsystem initialized
[2016.01.31-02.29.10:591][  0]LogInit: Selected Device Profile: [Windows]
[2016.01.31-02.29.10:591][  0]LogInit: Applying CVar settings loaded from the selected device profile: [Windows]
[2016.01.31-02.29.10:593][  0]LogInit: Computer: THE-ASYLUM
[2016.01.31-02.29.10:593][  0]LogInit: User: Stalker
[2016.01.31-02.29.10:593][  0]LogInit: CPU Page size=4096, Cores=4
[2016.01.31-02.29.10:593][  0]LogInit: High frequency timer resolution =3.232216 MHz
[2016.01.31-02.29.10:594][  0]LogMemory: Memory total: Physical=7.9GB (8GB approx)
[2016.01.31-02.29.10:594][  0]LogMemory: Platform Memory Stats for Windows
[2016.01.31-02.29.10:594][  0]LogMemory: Process Physical Memory: 55.65 MB used, 55.65 MB peak
[2016.01.31-02.29.10:594][  0]LogMemory: Process Virtual Memory: 58.69 MB used, 58.69 MB peak
[2016.01.31-02.29.10:594][  0]LogMemory: Physical Memory: 4410.41 MB used, 8140.60 MB total
[2016.01.31-02.29.10:594][  0]LogMemory: Virtual Memory: 352.96 MB used, 8388608.00 MB total
[2016.01.31-02.29.10:626][  0]LogTextLocalizationManager: No specific translations for ('en-CA') exist, so ('en') translations will be used.
[2016.01.31-02.29.11:060][  0]LogD3D11RHI: Found D3D11 adapter 0: NVIDIA GeForce GTX 660 Ti (Feature Level 11_0)
[2016.01.31-02.29.11:060][  0]LogD3D11RHI: Adapter has 1994MB of dedicated video memory, 0MB of dedicated system memory, and 2047MB of shared system memory, 2 output[s]
[2016.01.31-02.29.11:060][  0]LogD3D11RHI: Chosen D3D11 Adapter Id = 0
[2016.01.31-02.29.11:068][  0]LogD3D11RHI: !Direct3DDevice
[2016.01.31-02.29.11:069][  0]LogRHI: Texture pool is 1361 MB (70% of 1945 MB)
[2016.01.31-02.29.11:078][  0]LogD3D11RHI: Async texture creation enabled
[2016.01.31-02.29.11:086][  0]LogShaderCompilers: Guid format shader working directory is 1 characters bigger than the processId version (../../../../../../GlobalGameJam/StopThatRitual/Intermediate/Shaders/WorkingDirectory/11184/).
[2016.01.31-02.29.11:086][  0]LogShaderCompilers: Cleaned the shader compiler working directory 'C:/Users/Stalker/AppData/Local/Temp/UnrealShaderWorkingDir/993D7B5F407F3AF22844AFB3CF05DA56/'.
[2016.01.31-02.29.11:087][  0]LogShaderCompilers:Display: Using Local Shader Compiler.
[2016.01.31-02.29.11:884][  0]LogTemp:Display: Loaded TP AllDesktopTargetPlatform
[2016.01.31-02.29.11:888][  0]LogTemp:Display: Loaded TP WindowsClientTargetPlatform
[2016.01.31-02.29.11:893][  0]LogTemp:Display: Loaded TP WindowsNoEditorTargetPlatform
[2016.01.31-02.29.11:898][  0]LogTemp:Display: Loaded TP WindowsServerTargetPlatform
[2016.01.31-02.29.11:902][  0]LogTemp:Display: Loaded TP WindowsTargetPlatform
[2016.01.31-02.29.11:905][  0]LogTemp:Display: Loaded TP AndroidTargetPlatform
[2016.01.31-02.29.11:908][  0]LogTemp:Display: Loaded TP Android_ASTCTargetPlatform
[2016.01.31-02.29.11:911][  0]LogTemp:Display: Loaded TP Android_ATCTargetPlatform
[2016.01.31-02.29.11:914][  0]LogTemp:Display: Loaded TP Android_DXTTargetPlatform
[2016.01.31-02.29.11:918][  0]LogTemp:Display: Loaded TP Android_ETC1TargetPlatform
[2016.01.31-02.29.11:921][  0]LogTemp:Display: Loaded TP Android_ETC2TargetPlatform
[2016.01.31-02.29.11:927][  0]LogTemp:Display: Loaded TP Android_MultiTargetPlatform
[2016.01.31-02.29.11:927][  0]LogTemp:Display: Loaded TP Android_PVRTCTargetPlatform
[2016.01.31-02.29.11:927][  0]LogTemp:Display: Loaded TP HTML5TargetPlatform
[2016.01.31-02.29.11:945][  0]LogTemp:Display: Loaded TP IOSTargetPlatform
[2016.01.31-02.29.11:947][  0]LogTemp:Display: Loaded TP LinuxNoEditorTargetPlatform
[2016.01.31-02.29.11:950][  0]LogTemp:Display: Loaded TP LinuxServerTargetPlatform
[2016.01.31-02.29.11:953][  0]LogTemp:Display: Loaded TP LinuxTargetPlatform
[2016.01.31-02.29.11:953][  0]LogTargetPlatformManager:Display: Building Assets For Windows
[2016.01.31-02.29.12:030][  0]LogDerivedDataCache:Display: Max Cache Size: 512 MB
[2016.01.31-02.29.12:075][  0]LogDerivedDataCache: Loaded boot cache 0.04s 41MB C:/Users/Stalker/AppData/Local/UnrealEngine/4.10/DerivedDataCache/Boot.ddc.
[2016.01.31-02.29.12:075][  0]LogDerivedDataCache:Display: Loaded Boot cache: C:/Users/Stalker/AppData/Local/UnrealEngine/4.10/DerivedDataCache/Boot.ddc
[2016.01.31-02.29.12:075][  0]LogDerivedDataCache: FDerivedDataBackendGraph:  Pak pak cache file ../../../../../../GlobalGameJam/StopThatRitual/DerivedDataCache/DDC.ddp not found, will not use a pak cache.
[2016.01.31-02.29.12:075][  0]LogDerivedDataCache: Unable to find inner node Pak for hierarchical cache Hierarchy.
[2016.01.31-02.29.12:075][  0]LogDerivedDataCache: FDerivedDataBackendGraph:  CompressedPak pak cache file ../../../../../../GlobalGameJam/StopThatRitual/DerivedDataCache/Compressed.ddp not found, will not use a pak cache.
[2016.01.31-02.29.12:075][  0]LogDerivedDataCache: Unable to find inner node CompressedPak for hierarchical cache Hierarchy.
[2016.01.31-02.29.12:137][  0]LogDerivedDataCache:Display: Pak cache opened for reading ../../../Engine/DerivedDataCache/Compressed.ddp.
[2016.01.31-02.29.12:149][  0]LogDerivedDataCache: Using Local data cache path C:/Users/Stalker/AppData/Local/UnrealEngine/Common/DerivedDataCache: Writable
[2016.01.31-02.29.12:336][  0]LogInit: Selected Device Profile: [Windows]
[2016.01.31-02.29.12:336][  0]LogContentStreaming: Texture pool size is 1000.000000MB
[2016.01.31-02.29.12:350][  0]LogMeshUtilities: No automatic mesh reduction module available
[2016.01.31-02.29.12:350][  0]LogMeshUtilities: No automatic mesh merging module available
[2016.01.31-02.29.12:669][  0]LogInit: WinSock: version 1.1 (2.2), MaxSocks=32767, MaxUdp=65467
[2016.01.31-02.29.12:854][  0]LogWindowsMoviePlayer: Unable to load movie: ../../../../../../GlobalGameJam/StopThatRitual/Content/Movies/Default_Startup.mp4
[2016.01.31-02.29.12:952][  0]SourceControl: Info Source control is disabled
[2016.01.31-02.29.12:952][  0]SourceControl: Info Source control is disabled
[2016.01.31-02.29.12:962][  0]SourceControl: Info Source control is disabled
[2016.01.31-02.29.13:119][  0]LogObj: 27935 objects as part of root set at end of initial load.
[2016.01.31-02.29.13:119][  0]LogUObjectAllocator: 5830072 out of 0 bytes used by permanent object pool.
[2016.01.31-02.29.13:175][  0]LogEngine: Initializing Engine...
[2016.01.31-02.29.13:177][  0]LogHMD: Can't find Oculus library dev build: is proper Runtime installed? Version: 0.8.0.0
[2016.01.31-02.29.13:178][  0]LogHMD: SteamVR failed to initialize.  Err: 100
[2016.01.31-02.29.13:286][  0]LogInit: XAudio2 using 'Headphones (Razer Kraken USB)' : 2 channels at 44.1 kHz using 16 bits per sample (channel mask 0x3)
[2016.01.31-02.29.13:292][  0]LogInit: FAudioDevice initialized.
[2016.01.31-02.29.13:298][  0]LogInit: Texture streaming: Enabled
[2016.01.31-02.29.13:372][  0]LogNet: Browse: /Temp/Autosaves/Game/Maps/UEDPCLvl_MainMenu?Name=Player
[2016.01.31-02.29.13:372][  0]LogLoad: LoadMap: /Temp/Autosaves/Game/Maps/UEDPCLvl_MainMenu?Name=Player
[2016.01.31-02.29.13:383][  0]LogParticles: Destroying 0 GPU particle simulations for FXSystem 0x0000000012441D00
[2016.01.31-02.29.13:395][  0]LogMemory: Platform Memory Stats for Windows
[2016.01.31-02.29.13:395][  0]LogMemory: Process Physical Memory: 389.82 MB used, 389.82 MB peak
[2016.01.31-02.29.13:395][  0]LogMemory: Process Virtual Memory: 380.98 MB used, 381.00 MB peak
[2016.01.31-02.29.13:395][  0]LogMemory: Physical Memory: 4708.39 MB used, 8140.60 MB total
[2016.01.31-02.29.13:395][  0]LogMemory: Virtual Memory: 880.43 MB used, 8388608.00 MB total
[2016.01.31-02.29.13:395][  0]LogMemory: 
[2016.01.31-02.29.13:395][  0]Allocator Stats for TBB: (not implemented)
[2016.01.31-02.29.13:455][  0]LogAIModule: Creating AISystem for world Lvl_MainMenu
[2016.01.31-02.29.13:455][  0]LogWorld: Game class is 'MenuGameMode_C'
[2016.01.31-02.29.13:457][  0]LogWorld: Bringing World /Temp/Autosaves/Game/Maps/UEDPCLvl_MainMenu.Lvl_MainMenu up for play (max tick rate 0) at 2016.01.30-21.29.13
[2016.01.31-02.29.13:457][  0]LogWorld: Bringing up level for play took: 0.000843
[2016.01.31-02.29.13:458][  0]r.SetRes = "640x480w"
[2016.01.31-02.29.13:460][  0]LogInit:Display: Game Engine Initialized.
[2016.01.31-02.29.13:674][  0]LogLoad: Full Startup: 3.38 seconds (BP compile: 0.02 seconds)
[2016.01.31-02.29.13:694][  0]LogOcInput: Can't find Oculus library dev build: is proper Runtime installed? Version: 0.8.0.0
[2016.01.31-02.29.13:810][  0]LogRenderer: Reallocating scene render targets to support 640x480 (Frame:2).
[2016.01.31-02.29.20:073][358]LogEngine: All Windows Closed
[2016.01.31-02.29.20:073][358]LogWindows: FPlatformMisc::RequestExit(0)
[2016.01.31-02.29.20:181][359]LogExit: Preparing to exit.
[2016.01.31-02.29.20:288][359]LogExit: Game engine shut down
[2016.01.31-02.29.20:289][359]LogParticles: Destroying 0 GPU particle simulations for FXSystem 0x000000000F0372E0
[2016.01.31-02.29.20:415][359]LogExit: Object subsystem successfully closed.
[2016.01.31-02.29.20:430][359]LogD3D11RHI: Shutdown
[2016.01.31-02.29.20:430][359]LogD3D11RHI: CleanupD3DDevice
[2016.01.31-02.29.20:465][359]LogD3D11RHI: ~FD3D11DynamicRHI
[2016.01.31-02.29.20:474][359]LogModuleManager: Shutting down and abandoning module AndroidDeviceDetection (117)
[2016.01.31-02.29.20:690][359]LogModuleManager: Shutting down and abandoning module AutomationController (116)
[2016.01.31-02.29.20:690][359]LogModuleManager: Shutting down and abandoning module AutomationWorker (115)
[2016.01.31-02.29.20:690][359]LogModuleManager: Shutting down and abandoning module CharacterAI (114)
[2016.01.31-02.29.20:690][359]LogModuleManager: Shutting down and abandoning module AITestSuite (113)
[2016.01.31-02.29.20:690][359]LogModuleManager: Shutting down and abandoning module GameplayDebugger (112)
[2016.01.31-02.29.20:690][359]LogModuleManager: Shutting down and abandoning module AIModule (111)
[2016.01.31-02.29.20:690][359]LogModuleManager: Shutting down and abandoning module MovieSceneCapture (110)
[2016.01.31-02.29.20:690][359]LogModuleManager: Shutting down and abandoning module GameLiveStreaming (109)
[2016.01.31-02.29.20:690][359]LogModuleManager: Shutting down and abandoning module StreamingPauseRendering (108)
[2016.01.31-02.29.20:690][359]LogModuleManager: Shutting down and abandoning module ProfilerService (107)
[2016.01.31-02.29.20:880][359]LogModuleManager: Shutting down and abandoning module TaskGraph (106)
[2016.01.31-02.29.20:880][359]LogModuleManager: Shutting down and abandoning module SlateRemote (105)
[2016.01.31-02.29.20:880][359]LogModuleManager: Shutting down and abandoning module SteamVRController (104)
[2016.01.31-02.29.20:880][359]LogModuleManager: Shutting down and abandoning module SteamVR (103)
[2016.01.31-02.29.20:880][359]LogModuleManager: Shutting down and abandoning module ProceduralMeshComponent (102)
[2016.01.31-02.29.20:880][359]LogModuleManager: Shutting down and abandoning module OculusLibrary (101)
[2016.01.31-02.29.20:880][359]LogModuleManager: Shutting down and abandoning module OculusInput (100)
[2016.01.31-02.29.20:880][359]LogModuleManager: Shutting down and abandoning module LeapMotionController (99)
[2016.01.31-02.29.20:885][359]LogModuleManager: Shutting down and abandoning module CustomMeshComponent (98)
[2016.01.31-02.29.20:885][359]LogModuleManager: Shutting down and abandoning module CableComponent (97)
[2016.01.31-02.29.20:885][359]LogModuleManager: Shutting down and abandoning module ArchVisCharacter (96)
[2016.01.31-02.29.20:885][359]LogModuleManager: Shutting down and abandoning module HTML5Networking (95)
[2016.01.31-02.29.20:885][359]LogModuleManager: Shutting down and abandoning module DesktopPlatform (94)
[2016.01.31-02.29.20:885][359]LogModuleManager: Shutting down and abandoning module DirectoryWatcher (93)
[2016.01.31-02.29.20:885][359]LogModuleManager: Shutting down and abandoning module HotReload (92)
[2016.01.31-02.29.20:885][359]LogModuleManager: Shutting down and abandoning module VisualStudioSourceCodeAccess (91)
[2016.01.31-02.29.20:885][359]LogModuleManager: Shutting down and abandoning module UObjectPlugin (90)
[2016.01.31-02.29.20:885][359]LogModuleManager: Shutting down and abandoning module SubversionSourceControl (89)
[2016.01.31-02.29.20:885][359]LogModuleManager: Shutting down and abandoning module SourceControl (88)
[2016.01.31-02.29.20:885][359]LogModuleManager: Shutting down and abandoning module PerforceSourceControl (87)
[2016.01.31-02.29.20:885][359]LogModuleManager: Shutting down and abandoning module UdpMessaging (86)
[2016.01.31-02.29.20:885][359]LogModuleManager: Shutting down and abandoning module LightPropagationVolumeRuntime (85)
[2016.01.31-02.29.20:885][359]LogModuleManager: Shutting down and abandoning module Paper2D (84)
[2016.01.31-02.29.20:885][359]LogModuleManager: Shutting down and abandoning module WindowsMoviePlayer (83)
[2016.01.31-02.29.20:888][359]LogModuleManager: Shutting down and abandoning module Media (82)
[2016.01.31-02.29.20:888][359]LogModuleManager: Shutting down and abandoning module WmfMedia (81)
[2016.01.31-02.29.20:889][359]LogModuleManager: Shutting down and abandoning module OnlineBlueprintSupport (80)
[2016.01.31-02.29.20:889][359]LogModuleManager: Shutting down and abandoning module GameplayTasksEditor (79)
[2016.01.31-02.29.20:889][359]LogModuleManager: Shutting down and abandoning module PropertyEditor (78)
[2016.01.31-02.29.20:889][359]LogModuleManager: Shutting down and abandoning module BehaviorTreeEditor (77)
[2016.01.31-02.29.20:889][359]LogModuleManager: Shutting down and abandoning module FunctionalTesting (76)
[2016.01.31-02.29.20:889][359]LogModuleManager: Shutting down and abandoning module CollisionAnalyzer (75)
[2016.01.31-02.29.20:889][359]Lo